
AVRASM ver. 2.1.30  C:\Users\Amiri\Documents\semester6\Micro Lab\last years exams\Mahdi\lcd_name_move\Debug\List\lcd_name_move.asm Fri May 27 21:47:17 2022

C:\Users\Amiri\Documents\semester6\Micro Lab\last years exams\Mahdi\lcd_name_move\Debug\List\lcd_name_move.asm(1088): warning: Register r4 already defined by the .DEF directive
C:\Users\Amiri\Documents\semester6\Micro Lab\last years exams\Mahdi\lcd_name_move\Debug\List\lcd_name_move.asm(1089): warning: Register r5 already defined by the .DEF directive
C:\Users\Amiri\Documents\semester6\Micro Lab\last years exams\Mahdi\lcd_name_move\Debug\List\lcd_name_move.asm(1090): warning: Register r6 already defined by the .DEF directive
C:\Users\Amiri\Documents\semester6\Micro Lab\last years exams\Mahdi\lcd_name_move\Debug\List\lcd_name_move.asm(1091): warning: Register r7 already defined by the .DEF directive
C:\Users\Amiri\Documents\semester6\Micro Lab\last years exams\Mahdi\lcd_name_move\Debug\List\lcd_name_move.asm(1092): warning: Register r9 already defined by the .DEF directive
C:\Users\Amiri\Documents\semester6\Micro Lab\last years exams\Mahdi\lcd_name_move\Debug\List\lcd_name_move.asm(1093): warning: Register r8 already defined by the .DEF directive
C:\Users\Amiri\Documents\semester6\Micro Lab\last years exams\Mahdi\lcd_name_move\Debug\List\lcd_name_move.asm(1094): warning: Register r11 already defined by the .DEF directive
                 
                 
                 ;CodeVisionAVR C Compiler V3.12 Advanced
                 ;(C) Copyright 1998-2014 Pavel Haiduc, HP InfoTech s.r.l.
                 ;http://www.hpinfotech.com
                 
                 ;Build configuration    : Debug
                 ;Chip type              : ATmega32
                 ;Program type           : Application
                 ;Clock frequency        : 8.000000 MHz
                 ;Memory model           : Small
                 ;Optimize for           : Size
                 ;(s)printf features     : int, width
                 ;(s)scanf features      : int, width
                 ;External RAM size      : 0
                 ;Data Stack size        : 512 byte(s)
                 ;Heap size              : 0 byte(s)
                 ;Promote 'char' to 'int': Yes
                 ;'char' is unsigned     : Yes
                 ;8 bit enums            : Yes
                 ;Global 'const' stored in FLASH: Yes
                 ;Enhanced function parameter passing: Yes
                 ;Enhanced core instructions: On
                 ;Automatic register allocation for global variables: On
                 ;Smart register allocation: On
                 
                 	#define _MODEL_SMALL_
                 
                 	#pragma AVRPART ADMIN PART_NAME ATmega32
                 	#pragma AVRPART MEMORY PROG_FLASH 32768
                 	#pragma AVRPART MEMORY EEPROM 1024
                 	#pragma AVRPART MEMORY INT_SRAM SIZE 2048
                 	#pragma AVRPART MEMORY INT_SRAM START_ADDR 0x60
                 
                 	#define CALL_SUPPORTED 1
                 
                 	.LISTMAC
                 	.EQU UDRE=0x5
                 	.EQU RXC=0x7
                 	.EQU USR=0xB
                 	.EQU UDR=0xC
                 	.EQU SPSR=0xE
                 	.EQU SPDR=0xF
                 	.EQU EERE=0x0
                 	.EQU EEWE=0x1
                 	.EQU EEMWE=0x2
                 	.EQU EECR=0x1C
                 	.EQU EEDR=0x1D
                 	.EQU EEARL=0x1E
                 	.EQU EEARH=0x1F
                 	.EQU WDTCR=0x21
                 	.EQU MCUCR=0x35
                 	.EQU GICR=0x3B
                 	.EQU SPL=0x3D
                 	.EQU SPH=0x3E
                 	.EQU SREG=0x3F
                 
                 	.DEF R0X0=R0
                 	.DEF R0X1=R1
                 	.DEF R0X2=R2
                 	.DEF R0X3=R3
                 	.DEF R0X4=R4
                 	.DEF R0X5=R5
                 	.DEF R0X6=R6
                 	.DEF R0X7=R7
                 	.DEF R0X8=R8
                 	.DEF R0X9=R9
                 	.DEF R0XA=R10
                 	.DEF R0XB=R11
                 	.DEF R0XC=R12
                 	.DEF R0XD=R13
                 	.DEF R0XE=R14
                 	.DEF R0XF=R15
                 	.DEF R0X10=R16
                 	.DEF R0X11=R17
                 	.DEF R0X12=R18
                 	.DEF R0X13=R19
                 	.DEF R0X14=R20
                 	.DEF R0X15=R21
                 	.DEF R0X16=R22
                 	.DEF R0X17=R23
                 	.DEF R0X18=R24
                 	.DEF R0X19=R25
                 	.DEF R0X1A=R26
                 	.DEF R0X1B=R27
                 	.DEF R0X1C=R28
                 	.DEF R0X1D=R29
                 	.DEF R0X1E=R30
                 	.DEF R0X1F=R31
                 
                 	.EQU __SRAM_START=0x0060
                 	.EQU __SRAM_END=0x085F
                 	.EQU __DSTACK_SIZE=0x0200
                 	.EQU __HEAP_SIZE=0x0000
                 	.EQU __CLEAR_SRAM_SIZE=__SRAM_END-__SRAM_START+1
                 
                 	.MACRO __CPD1N
                 	CPI  R30,LOW(@0)
                 	LDI  R26,HIGH(@0)
                 	CPC  R31,R26
                 	LDI  R26,BYTE3(@0)
                 	CPC  R22,R26
                 	LDI  R26,BYTE4(@0)
                 	CPC  R23,R26
                 	.ENDM
                 
                 	.MACRO __CPD2N
                 	CPI  R26,LOW(@0)
                 	LDI  R30,HIGH(@0)
                 	CPC  R27,R30
                 	LDI  R30,BYTE3(@0)
                 	CPC  R24,R30
                 	LDI  R30,BYTE4(@0)
                 	CPC  R25,R30
                 	.ENDM
                 
                 	.MACRO __CPWRR
                 	CP   R@0,R@2
                 	CPC  R@1,R@3
                 	.ENDM
                 
                 	.MACRO __CPWRN
                 	CPI  R@0,LOW(@2)
                 	LDI  R30,HIGH(@2)
                 	CPC  R@1,R30
                 	.ENDM
                 
                 	.MACRO __ADDB1MN
                 	SUBI R30,LOW(-@0-(@1))
                 	.ENDM
                 
                 	.MACRO __ADDB2MN
                 	SUBI R26,LOW(-@0-(@1))
                 	.ENDM
                 
                 	.MACRO __ADDW1MN
                 	SUBI R30,LOW(-@0-(@1))
                 	SBCI R31,HIGH(-@0-(@1))
                 	.ENDM
                 
                 	.MACRO __ADDW2MN
                 	SUBI R26,LOW(-@0-(@1))
                 	SBCI R27,HIGH(-@0-(@1))
                 	.ENDM
                 
                 	.MACRO __ADDW1FN
                 	SUBI R30,LOW(-2*@0-(@1))
                 	SBCI R31,HIGH(-2*@0-(@1))
                 	.ENDM
                 
                 	.MACRO __ADDD1FN
                 	SUBI R30,LOW(-2*@0-(@1))
                 	SBCI R31,HIGH(-2*@0-(@1))
                 	SBCI R22,BYTE3(-2*@0-(@1))
                 	.ENDM
                 
                 	.MACRO __ADDD1N
                 	SUBI R30,LOW(-@0)
                 	SBCI R31,HIGH(-@0)
                 	SBCI R22,BYTE3(-@0)
                 	SBCI R23,BYTE4(-@0)
                 	.ENDM
                 
                 	.MACRO __ADDD2N
                 	SUBI R26,LOW(-@0)
                 	SBCI R27,HIGH(-@0)
                 	SBCI R24,BYTE3(-@0)
                 	SBCI R25,BYTE4(-@0)
                 	.ENDM
                 
                 	.MACRO __SUBD1N
                 	SUBI R30,LOW(@0)
                 	SBCI R31,HIGH(@0)
                 	SBCI R22,BYTE3(@0)
                 	SBCI R23,BYTE4(@0)
                 	.ENDM
                 
                 	.MACRO __SUBD2N
                 	SUBI R26,LOW(@0)
                 	SBCI R27,HIGH(@0)
                 	SBCI R24,BYTE3(@0)
                 	SBCI R25,BYTE4(@0)
                 	.ENDM
                 
                 	.MACRO __ANDBMNN
                 	LDS  R30,@0+(@1)
                 	ANDI R30,LOW(@2)
                 	STS  @0+(@1),R30
                 	.ENDM
                 
                 	.MACRO __ANDWMNN
                 	LDS  R30,@0+(@1)
                 	ANDI R30,LOW(@2)
                 	STS  @0+(@1),R30
                 	LDS  R30,@0+(@1)+1
                 	ANDI R30,HIGH(@2)
                 	STS  @0+(@1)+1,R30
                 	.ENDM
                 
                 	.MACRO __ANDD1N
                 	ANDI R30,LOW(@0)
                 	ANDI R31,HIGH(@0)
                 	ANDI R22,BYTE3(@0)
                 	ANDI R23,BYTE4(@0)
                 	.ENDM
                 
                 	.MACRO __ANDD2N
                 	ANDI R26,LOW(@0)
                 	ANDI R27,HIGH(@0)
                 	ANDI R24,BYTE3(@0)
                 	ANDI R25,BYTE4(@0)
                 	.ENDM
                 
                 	.MACRO __ORBMNN
                 	LDS  R30,@0+(@1)
                 	ORI  R30,LOW(@2)
                 	STS  @0+(@1),R30
                 	.ENDM
                 
                 	.MACRO __ORWMNN
                 	LDS  R30,@0+(@1)
                 	ORI  R30,LOW(@2)
                 	STS  @0+(@1),R30
                 	LDS  R30,@0+(@1)+1
                 	ORI  R30,HIGH(@2)
                 	STS  @0+(@1)+1,R30
                 	.ENDM
                 
                 	.MACRO __ORD1N
                 	ORI  R30,LOW(@0)
                 	ORI  R31,HIGH(@0)
                 	ORI  R22,BYTE3(@0)
                 	ORI  R23,BYTE4(@0)
                 	.ENDM
                 
                 	.MACRO __ORD2N
                 	ORI  R26,LOW(@0)
                 	ORI  R27,HIGH(@0)
                 	ORI  R24,BYTE3(@0)
                 	ORI  R25,BYTE4(@0)
                 	.ENDM
                 
                 	.MACRO __DELAY_USB
                 	LDI  R24,LOW(@0)
                 __DELAY_USB_LOOP:
                 	DEC  R24
                 	BRNE __DELAY_USB_LOOP
                 	.ENDM
                 
                 	.MACRO __DELAY_USW
                 	LDI  R24,LOW(@0)
                 	LDI  R25,HIGH(@0)
                 __DELAY_USW_LOOP:
                 	SBIW R24,1
                 	BRNE __DELAY_USW_LOOP
                 	.ENDM
                 
                 	.MACRO __GETD1S
                 	LDD  R30,Y+@0
                 	LDD  R31,Y+@0+1
                 	LDD  R22,Y+@0+2
                 	LDD  R23,Y+@0+3
                 	.ENDM
                 
                 	.MACRO __GETD2S
                 	LDD  R26,Y+@0
                 	LDD  R27,Y+@0+1
                 	LDD  R24,Y+@0+2
                 	LDD  R25,Y+@0+3
                 	.ENDM
                 
                 	.MACRO __PUTD1S
                 	STD  Y+@0,R30
                 	STD  Y+@0+1,R31
                 	STD  Y+@0+2,R22
                 	STD  Y+@0+3,R23
                 	.ENDM
                 
                 	.MACRO __PUTD2S
                 	STD  Y+@0,R26
                 	STD  Y+@0+1,R27
                 	STD  Y+@0+2,R24
                 	STD  Y+@0+3,R25
                 	.ENDM
                 
                 	.MACRO __PUTDZ2
                 	STD  Z+@0,R26
                 	STD  Z+@0+1,R27
                 	STD  Z+@0+2,R24
                 	STD  Z+@0+3,R25
                 	.ENDM
                 
                 	.MACRO __CLRD1S
                 	STD  Y+@0,R30
                 	STD  Y+@0+1,R30
                 	STD  Y+@0+2,R30
                 	STD  Y+@0+3,R30
                 	.ENDM
                 
                 	.MACRO __POINTB1MN
                 	LDI  R30,LOW(@0+(@1))
                 	.ENDM
                 
                 	.MACRO __POINTW1MN
                 	LDI  R30,LOW(@0+(@1))
                 	LDI  R31,HIGH(@0+(@1))
                 	.ENDM
                 
                 	.MACRO __POINTD1M
                 	LDI  R30,LOW(@0)
                 	LDI  R31,HIGH(@0)
                 	LDI  R22,BYTE3(@0)
                 	LDI  R23,BYTE4(@0)
                 	.ENDM
                 
                 	.MACRO __POINTW1FN
                 	LDI  R30,LOW(2*@0+(@1))
                 	LDI  R31,HIGH(2*@0+(@1))
                 	.ENDM
                 
                 	.MACRO __POINTD1FN
                 	LDI  R30,LOW(2*@0+(@1))
                 	LDI  R31,HIGH(2*@0+(@1))
                 	LDI  R22,BYTE3(2*@0+(@1))
                 	LDI  R23,BYTE4(2*@0+(@1))
                 	.ENDM
                 
                 	.MACRO __POINTB2MN
                 	LDI  R26,LOW(@0+(@1))
                 	.ENDM
                 
                 	.MACRO __POINTW2MN
                 	LDI  R26,LOW(@0+(@1))
                 	LDI  R27,HIGH(@0+(@1))
                 	.ENDM
                 
                 	.MACRO __POINTW2FN
                 	LDI  R26,LOW(2*@0+(@1))
                 	LDI  R27,HIGH(2*@0+(@1))
                 	.ENDM
                 
                 	.MACRO __POINTD2FN
                 	LDI  R26,LOW(2*@0+(@1))
                 	LDI  R27,HIGH(2*@0+(@1))
                 	LDI  R24,BYTE3(2*@0+(@1))
                 	LDI  R25,BYTE4(2*@0+(@1))
                 	.ENDM
                 
                 	.MACRO __POINTBRM
                 	LDI  R@0,LOW(@1)
                 	.ENDM
                 
                 	.MACRO __POINTWRM
                 	LDI  R@0,LOW(@2)
                 	LDI  R@1,HIGH(@2)
                 	.ENDM
                 
                 	.MACRO __POINTBRMN
                 	LDI  R@0,LOW(@1+(@2))
                 	.ENDM
                 
                 	.MACRO __POINTWRMN
                 	LDI  R@0,LOW(@2+(@3))
                 	LDI  R@1,HIGH(@2+(@3))
                 	.ENDM
                 
                 	.MACRO __POINTWRFN
                 	LDI  R@0,LOW(@2*2+(@3))
                 	LDI  R@1,HIGH(@2*2+(@3))
                 	.ENDM
                 
                 	.MACRO __GETD1N
                 	LDI  R30,LOW(@0)
                 	LDI  R31,HIGH(@0)
                 	LDI  R22,BYTE3(@0)
                 	LDI  R23,BYTE4(@0)
                 	.ENDM
                 
                 	.MACRO __GETD2N
                 	LDI  R26,LOW(@0)
                 	LDI  R27,HIGH(@0)
                 	LDI  R24,BYTE3(@0)
                 	LDI  R25,BYTE4(@0)
                 	.ENDM
                 
                 	.MACRO __GETB1MN
                 	LDS  R30,@0+(@1)
                 	.ENDM
                 
                 	.MACRO __GETB1HMN
                 	LDS  R31,@0+(@1)
                 	.ENDM
                 
                 	.MACRO __GETW1MN
                 	LDS  R30,@0+(@1)
                 	LDS  R31,@0+(@1)+1
                 	.ENDM
                 
                 	.MACRO __GETD1MN
                 	LDS  R30,@0+(@1)
                 	LDS  R31,@0+(@1)+1
                 	LDS  R22,@0+(@1)+2
                 	LDS  R23,@0+(@1)+3
                 	.ENDM
                 
                 	.MACRO __GETBRMN
                 	LDS  R@0,@1+(@2)
                 	.ENDM
                 
                 	.MACRO __GETWRMN
                 	LDS  R@0,@2+(@3)
                 	LDS  R@1,@2+(@3)+1
                 	.ENDM
                 
                 	.MACRO __GETWRZ
                 	LDD  R@0,Z+@2
                 	LDD  R@1,Z+@2+1
                 	.ENDM
                 
                 	.MACRO __GETD2Z
                 	LDD  R26,Z+@0
                 	LDD  R27,Z+@0+1
                 	LDD  R24,Z+@0+2
                 	LDD  R25,Z+@0+3
                 	.ENDM
                 
                 	.MACRO __GETB2MN
                 	LDS  R26,@0+(@1)
                 	.ENDM
                 
                 	.MACRO __GETW2MN
                 	LDS  R26,@0+(@1)
                 	LDS  R27,@0+(@1)+1
                 	.ENDM
                 
                 	.MACRO __GETD2MN
                 	LDS  R26,@0+(@1)
                 	LDS  R27,@0+(@1)+1
                 	LDS  R24,@0+(@1)+2
                 	LDS  R25,@0+(@1)+3
                 	.ENDM
                 
                 	.MACRO __PUTB1MN
                 	STS  @0+(@1),R30
                 	.ENDM
                 
                 	.MACRO __PUTW1MN
                 	STS  @0+(@1),R30
                 	STS  @0+(@1)+1,R31
                 	.ENDM
                 
                 	.MACRO __PUTD1MN
                 	STS  @0+(@1),R30
                 	STS  @0+(@1)+1,R31
                 	STS  @0+(@1)+2,R22
                 	STS  @0+(@1)+3,R23
                 	.ENDM
                 
                 	.MACRO __PUTB1EN
                 	LDI  R26,LOW(@0+(@1))
                 	LDI  R27,HIGH(@0+(@1))
                 	CALL __EEPROMWRB
                 	.ENDM
                 
                 	.MACRO __PUTW1EN
                 	LDI  R26,LOW(@0+(@1))
                 	LDI  R27,HIGH(@0+(@1))
                 	CALL __EEPROMWRW
                 	.ENDM
                 
                 	.MACRO __PUTD1EN
                 	LDI  R26,LOW(@0+(@1))
                 	LDI  R27,HIGH(@0+(@1))
                 	CALL __EEPROMWRD
                 	.ENDM
                 
                 	.MACRO __PUTBR0MN
                 	STS  @0+(@1),R0
                 	.ENDM
                 
                 	.MACRO __PUTBMRN
                 	STS  @0+(@1),R@2
                 	.ENDM
                 
                 	.MACRO __PUTWMRN
                 	STS  @0+(@1),R@2
                 	STS  @0+(@1)+1,R@3
                 	.ENDM
                 
                 	.MACRO __PUTBZR
                 	STD  Z+@1,R@0
                 	.ENDM
                 
                 	.MACRO __PUTWZR
                 	STD  Z+@2,R@0
                 	STD  Z+@2+1,R@1
                 	.ENDM
                 
                 	.MACRO __GETW1R
                 	MOV  R30,R@0
                 	MOV  R31,R@1
                 	.ENDM
                 
                 	.MACRO __GETW2R
                 	MOV  R26,R@0
                 	MOV  R27,R@1
                 	.ENDM
                 
                 	.MACRO __GETWRN
                 	LDI  R@0,LOW(@2)
                 	LDI  R@1,HIGH(@2)
                 	.ENDM
                 
                 	.MACRO __PUTW1R
                 	MOV  R@0,R30
                 	MOV  R@1,R31
                 	.ENDM
                 
                 	.MACRO __PUTW2R
                 	MOV  R@0,R26
                 	MOV  R@1,R27
                 	.ENDM
                 
                 	.MACRO __ADDWRN
                 	SUBI R@0,LOW(-@2)
                 	SBCI R@1,HIGH(-@2)
                 	.ENDM
                 
                 	.MACRO __ADDWRR
                 	ADD  R@0,R@2
                 	ADC  R@1,R@3
                 	.ENDM
                 
                 	.MACRO __SUBWRN
                 	SUBI R@0,LOW(@2)
                 	SBCI R@1,HIGH(@2)
                 	.ENDM
                 
                 	.MACRO __SUBWRR
                 	SUB  R@0,R@2
                 	SBC  R@1,R@3
                 	.ENDM
                 
                 	.MACRO __ANDWRN
                 	ANDI R@0,LOW(@2)
                 	ANDI R@1,HIGH(@2)
                 	.ENDM
                 
                 	.MACRO __ANDWRR
                 	AND  R@0,R@2
                 	AND  R@1,R@3
                 	.ENDM
                 
                 	.MACRO __ORWRN
                 	ORI  R@0,LOW(@2)
                 	ORI  R@1,HIGH(@2)
                 	.ENDM
                 
                 	.MACRO __ORWRR
                 	OR   R@0,R@2
                 	OR   R@1,R@3
                 	.ENDM
                 
                 	.MACRO __EORWRR
                 	EOR  R@0,R@2
                 	EOR  R@1,R@3
                 	.ENDM
                 
                 	.MACRO __GETWRS
                 	LDD  R@0,Y+@2
                 	LDD  R@1,Y+@2+1
                 	.ENDM
                 
                 	.MACRO __PUTBSR
                 	STD  Y+@1,R@0
                 	.ENDM
                 
                 	.MACRO __PUTWSR
                 	STD  Y+@2,R@0
                 	STD  Y+@2+1,R@1
                 	.ENDM
                 
                 	.MACRO __MOVEWRR
                 	MOV  R@0,R@2
                 	MOV  R@1,R@3
                 	.ENDM
                 
                 	.MACRO __INWR
                 	IN   R@0,@2
                 	IN   R@1,@2+1
                 	.ENDM
                 
                 	.MACRO __OUTWR
                 	OUT  @2+1,R@1
                 	OUT  @2,R@0
                 	.ENDM
                 
                 	.MACRO __CALL1MN
                 	LDS  R30,@0+(@1)
                 	LDS  R31,@0+(@1)+1
                 	ICALL
                 	.ENDM
                 
                 	.MACRO __CALL1FN
                 	LDI  R30,LOW(2*@0+(@1))
                 	LDI  R31,HIGH(2*@0+(@1))
                 	CALL __GETW1PF
                 	ICALL
                 	.ENDM
                 
                 	.MACRO __CALL2EN
                 	PUSH R26
                 	PUSH R27
                 	LDI  R26,LOW(@0+(@1))
                 	LDI  R27,HIGH(@0+(@1))
                 	CALL __EEPROMRDW
                 	POP  R27
                 	POP  R26
                 	ICALL
                 	.ENDM
                 
                 	.MACRO __CALL2EX
                 	SUBI R26,LOW(-@0)
                 	SBCI R27,HIGH(-@0)
                 	CALL __EEPROMRDD
                 	ICALL
                 	.ENDM
                 
                 	.MACRO __GETW1STACK
                 	IN   R30,SPL
                 	IN   R31,SPH
                 	ADIW R30,@0+1
                 	LD   R0,Z+
                 	LD   R31,Z
                 	MOV  R30,R0
                 	.ENDM
                 
                 	.MACRO __GETD1STACK
                 	IN   R30,SPL
                 	IN   R31,SPH
                 	ADIW R30,@0+1
                 	LD   R0,Z+
                 	LD   R1,Z+
                 	LD   R22,Z
                 	MOVW R30,R0
                 	.ENDM
                 
                 	.MACRO __NBST
                 	BST  R@0,@1
                 	IN   R30,SREG
                 	LDI  R31,0x40
                 	EOR  R30,R31
                 	OUT  SREG,R30
                 	.ENDM
                 
                 
                 	.MACRO __PUTB1SN
                 	LDD  R26,Y+@0
                 	LDD  R27,Y+@0+1
                 	SUBI R26,LOW(-@1)
                 	SBCI R27,HIGH(-@1)
                 	ST   X,R30
                 	.ENDM
                 
                 	.MACRO __PUTW1SN
                 	LDD  R26,Y+@0
                 	LDD  R27,Y+@0+1
                 	SUBI R26,LOW(-@1)
                 	SBCI R27,HIGH(-@1)
                 	ST   X+,R30
                 	ST   X,R31
                 	.ENDM
                 
                 	.MACRO __PUTD1SN
                 	LDD  R26,Y+@0
                 	LDD  R27,Y+@0+1
                 	SUBI R26,LOW(-@1)
                 	SBCI R27,HIGH(-@1)
                 	CALL __PUTDP1
                 	.ENDM
                 
                 	.MACRO __PUTB1SNS
                 	LDD  R26,Y+@0
                 	LDD  R27,Y+@0+1
                 	ADIW R26,@1
                 	ST   X,R30
                 	.ENDM
                 
                 	.MACRO __PUTW1SNS
                 	LDD  R26,Y+@0
                 	LDD  R27,Y+@0+1
                 	ADIW R26,@1
                 	ST   X+,R30
                 	ST   X,R31
                 	.ENDM
                 
                 	.MACRO __PUTD1SNS
                 	LDD  R26,Y+@0
                 	LDD  R27,Y+@0+1
                 	ADIW R26,@1
                 	CALL __PUTDP1
                 	.ENDM
                 
                 	.MACRO __PUTB1PMN
                 	LDS  R26,@0
                 	LDS  R27,@0+1
                 	SUBI R26,LOW(-@1)
                 	SBCI R27,HIGH(-@1)
                 	ST   X,R30
                 	.ENDM
                 
                 	.MACRO __PUTW1PMN
                 	LDS  R26,@0
                 	LDS  R27,@0+1
                 	SUBI R26,LOW(-@1)
                 	SBCI R27,HIGH(-@1)
                 	ST   X+,R30
                 	ST   X,R31
                 	.ENDM
                 
                 	.MACRO __PUTD1PMN
                 	LDS  R26,@0
                 	LDS  R27,@0+1
                 	SUBI R26,LOW(-@1)
                 	SBCI R27,HIGH(-@1)
                 	CALL __PUTDP1
                 	.ENDM
                 
                 	.MACRO __PUTB1PMNS
                 	LDS  R26,@0
                 	LDS  R27,@0+1
                 	ADIW R26,@1
                 	ST   X,R30
                 	.ENDM
                 
                 	.MACRO __PUTW1PMNS
                 	LDS  R26,@0
                 	LDS  R27,@0+1
                 	ADIW R26,@1
                 	ST   X+,R30
                 	ST   X,R31
                 	.ENDM
                 
                 	.MACRO __PUTD1PMNS
                 	LDS  R26,@0
                 	LDS  R27,@0+1
                 	ADIW R26,@1
                 	CALL __PUTDP1
                 	.ENDM
                 
                 	.MACRO __PUTB1RN
                 	MOVW R26,R@0
                 	SUBI R26,LOW(-@1)
                 	SBCI R27,HIGH(-@1)
                 	ST   X,R30
                 	.ENDM
                 
                 	.MACRO __PUTW1RN
                 	MOVW R26,R@0
                 	SUBI R26,LOW(-@1)
                 	SBCI R27,HIGH(-@1)
                 	ST   X+,R30
                 	ST   X,R31
                 	.ENDM
                 
                 	.MACRO __PUTD1RN
                 	MOVW R26,R@0
                 	SUBI R26,LOW(-@1)
                 	SBCI R27,HIGH(-@1)
                 	CALL __PUTDP1
                 	.ENDM
                 
                 	.MACRO __PUTB1RNS
                 	MOVW R26,R@0
                 	ADIW R26,@1
                 	ST   X,R30
                 	.ENDM
                 
                 	.MACRO __PUTW1RNS
                 	MOVW R26,R@0
                 	ADIW R26,@1
                 	ST   X+,R30
                 	ST   X,R31
                 	.ENDM
                 
                 	.MACRO __PUTD1RNS
                 	MOVW R26,R@0
                 	ADIW R26,@1
                 	CALL __PUTDP1
                 	.ENDM
                 
                 	.MACRO __PUTB1RON
                 	MOV  R26,R@0
                 	MOV  R27,R@1
                 	SUBI R26,LOW(-@2)
                 	SBCI R27,HIGH(-@2)
                 	ST   X,R30
                 	.ENDM
                 
                 	.MACRO __PUTW1RON
                 	MOV  R26,R@0
                 	MOV  R27,R@1
                 	SUBI R26,LOW(-@2)
                 	SBCI R27,HIGH(-@2)
                 	ST   X+,R30
                 	ST   X,R31
                 	.ENDM
                 
                 	.MACRO __PUTD1RON
                 	MOV  R26,R@0
                 	MOV  R27,R@1
                 	SUBI R26,LOW(-@2)
                 	SBCI R27,HIGH(-@2)
                 	CALL __PUTDP1
                 	.ENDM
                 
                 	.MACRO __PUTB1RONS
                 	MOV  R26,R@0
                 	MOV  R27,R@1
                 	ADIW R26,@2
                 	ST   X,R30
                 	.ENDM
                 
                 	.MACRO __PUTW1RONS
                 	MOV  R26,R@0
                 	MOV  R27,R@1
                 	ADIW R26,@2
                 	ST   X+,R30
                 	ST   X,R31
                 	.ENDM
                 
                 	.MACRO __PUTD1RONS
                 	MOV  R26,R@0
                 	MOV  R27,R@1
                 	ADIW R26,@2
                 	CALL __PUTDP1
                 	.ENDM
                 
                 
                 	.MACRO __GETB1SX
                 	MOVW R30,R28
                 	SUBI R30,LOW(-@0)
                 	SBCI R31,HIGH(-@0)
                 	LD   R30,Z
                 	.ENDM
                 
                 	.MACRO __GETB1HSX
                 	MOVW R30,R28
                 	SUBI R30,LOW(-@0)
                 	SBCI R31,HIGH(-@0)
                 	LD   R31,Z
                 	.ENDM
                 
                 	.MACRO __GETW1SX
                 	MOVW R30,R28
                 	SUBI R30,LOW(-@0)
                 	SBCI R31,HIGH(-@0)
                 	LD   R0,Z+
                 	LD   R31,Z
                 	MOV  R30,R0
                 	.ENDM
                 
                 	.MACRO __GETD1SX
                 	MOVW R30,R28
                 	SUBI R30,LOW(-@0)
                 	SBCI R31,HIGH(-@0)
                 	LD   R0,Z+
                 	LD   R1,Z+
                 	LD   R22,Z+
                 	LD   R23,Z
                 	MOVW R30,R0
                 	.ENDM
                 
                 	.MACRO __GETB2SX
                 	MOVW R26,R28
                 	SUBI R26,LOW(-@0)
                 	SBCI R27,HIGH(-@0)
                 	LD   R26,X
                 	.ENDM
                 
                 	.MACRO __GETW2SX
                 	MOVW R26,R28
                 	SUBI R26,LOW(-@0)
                 	SBCI R27,HIGH(-@0)
                 	LD   R0,X+
                 	LD   R27,X
                 	MOV  R26,R0
                 	.ENDM
                 
                 	.MACRO __GETD2SX
                 	MOVW R26,R28
                 	SUBI R26,LOW(-@0)
                 	SBCI R27,HIGH(-@0)
                 	LD   R0,X+
                 	LD   R1,X+
                 	LD   R24,X+
                 	LD   R25,X
                 	MOVW R26,R0
                 	.ENDM
                 
                 	.MACRO __GETBRSX
                 	MOVW R30,R28
                 	SUBI R30,LOW(-@1)
                 	SBCI R31,HIGH(-@1)
                 	LD   R@0,Z
                 	.ENDM
                 
                 	.MACRO __GETWRSX
                 	MOVW R30,R28
                 	SUBI R30,LOW(-@2)
                 	SBCI R31,HIGH(-@2)
                 	LD   R@0,Z+
                 	LD   R@1,Z
                 	.ENDM
                 
                 	.MACRO __GETBRSX2
                 	MOVW R26,R28
                 	SUBI R26,LOW(-@1)
                 	SBCI R27,HIGH(-@1)
                 	LD   R@0,X
                 	.ENDM
                 
                 	.MACRO __GETWRSX2
                 	MOVW R26,R28
                 	SUBI R26,LOW(-@2)
                 	SBCI R27,HIGH(-@2)
                 	LD   R@0,X+
                 	LD   R@1,X
                 	.ENDM
                 
                 	.MACRO __LSLW8SX
                 	MOVW R30,R28
                 	SUBI R30,LOW(-@0)
                 	SBCI R31,HIGH(-@0)
                 	LD   R31,Z
                 	CLR  R30
                 	.ENDM
                 
                 	.MACRO __PUTB1SX
                 	MOVW R26,R28
                 	SUBI R26,LOW(-@0)
                 	SBCI R27,HIGH(-@0)
                 	ST   X,R30
                 	.ENDM
                 
                 	.MACRO __PUTW1SX
                 	MOVW R26,R28
                 	SUBI R26,LOW(-@0)
                 	SBCI R27,HIGH(-@0)
                 	ST   X+,R30
                 	ST   X,R31
                 	.ENDM
                 
                 	.MACRO __PUTD1SX
                 	MOVW R26,R28
                 	SUBI R26,LOW(-@0)
                 	SBCI R27,HIGH(-@0)
                 	ST   X+,R30
                 	ST   X+,R31
                 	ST   X+,R22
                 	ST   X,R23
                 	.ENDM
                 
                 	.MACRO __CLRW1SX
                 	MOVW R26,R28
                 	SUBI R26,LOW(-@0)
                 	SBCI R27,HIGH(-@0)
                 	ST   X+,R30
                 	ST   X,R30
                 	.ENDM
                 
                 	.MACRO __CLRD1SX
                 	MOVW R26,R28
                 	SUBI R26,LOW(-@0)
                 	SBCI R27,HIGH(-@0)
                 	ST   X+,R30
                 	ST   X+,R30
                 	ST   X+,R30
                 	ST   X,R30
                 	.ENDM
                 
                 	.MACRO __PUTB2SX
                 	MOVW R30,R28
                 	SUBI R30,LOW(-@0)
                 	SBCI R31,HIGH(-@0)
                 	ST   Z,R26
                 	.ENDM
                 
                 	.MACRO __PUTW2SX
                 	MOVW R30,R28
                 	SUBI R30,LOW(-@0)
                 	SBCI R31,HIGH(-@0)
                 	ST   Z+,R26
                 	ST   Z,R27
                 	.ENDM
                 
                 	.MACRO __PUTD2SX
                 	MOVW R30,R28
                 	SUBI R30,LOW(-@0)
                 	SBCI R31,HIGH(-@0)
                 	ST   Z+,R26
                 	ST   Z+,R27
                 	ST   Z+,R24
                 	ST   Z,R25
                 	.ENDM
                 
                 	.MACRO __PUTBSRX
                 	MOVW R30,R28
                 	SUBI R30,LOW(-@1)
                 	SBCI R31,HIGH(-@1)
                 	ST   Z,R@0
                 	.ENDM
                 
                 	.MACRO __PUTWSRX
                 	MOVW R30,R28
                 	SUBI R30,LOW(-@2)
                 	SBCI R31,HIGH(-@2)
                 	ST   Z+,R@0
                 	ST   Z,R@1
                 	.ENDM
                 
                 	.MACRO __PUTB1SNX
                 	MOVW R26,R28
                 	SUBI R26,LOW(-@0)
                 	SBCI R27,HIGH(-@0)
                 	LD   R0,X+
                 	LD   R27,X
                 	MOV  R26,R0
                 	SUBI R26,LOW(-@1)
                 	SBCI R27,HIGH(-@1)
                 	ST   X,R30
                 	.ENDM
                 
                 	.MACRO __PUTW1SNX
                 	MOVW R26,R28
                 	SUBI R26,LOW(-@0)
                 	SBCI R27,HIGH(-@0)
                 	LD   R0,X+
                 	LD   R27,X
                 	MOV  R26,R0
                 	SUBI R26,LOW(-@1)
                 	SBCI R27,HIGH(-@1)
                 	ST   X+,R30
                 	ST   X,R31
                 	.ENDM
                 
                 	.MACRO __PUTD1SNX
                 	MOVW R26,R28
                 	SUBI R26,LOW(-@0)
                 	SBCI R27,HIGH(-@0)
                 	LD   R0,X+
                 	LD   R27,X
                 	MOV  R26,R0
                 	SUBI R26,LOW(-@1)
                 	SBCI R27,HIGH(-@1)
                 	ST   X+,R30
                 	ST   X+,R31
                 	ST   X+,R22
                 	ST   X,R23
                 	.ENDM
                 
                 	.MACRO __MULBRR
                 	MULS R@0,R@1
                 	MOVW R30,R0
                 	.ENDM
                 
                 	.MACRO __MULBRRU
                 	MUL  R@0,R@1
                 	MOVW R30,R0
                 	.ENDM
                 
                 	.MACRO __MULBRR0
                 	MULS R@0,R@1
                 	.ENDM
                 
                 	.MACRO __MULBRRU0
                 	MUL  R@0,R@1
                 	.ENDM
                 
                 	.MACRO __MULBNWRU
                 	LDI  R26,@2
                 	MUL  R26,R@0
                 	MOVW R30,R0
                 	MUL  R26,R@1
                 	ADD  R31,R0
                 	.ENDM
                 
                 ;NAME DEFINITIONS FOR GLOBAL VARIABLES ALLOCATED TO REGISTERS
                 	.DEF _stx=R4
                 	.DEF _stx_msb=R5
                 	.DEF _sty=R6
                 	.DEF _sty_msb=R7
                 	.DEF __lcd_x=R9
                 	.DEF __lcd_y=R8
                 	.DEF __lcd_maxx=R11
                 
                 	.CSEG
                 	.ORG 0x00
                 
                 ;START OF CODE MARKER
                 __START_OF_CODE:
                 
                 ;INTERRUPT VECTORS
000000 940c 003a 	JMP  __RESET
000002 940c 0000 	JMP  0x00
000004 940c 0000 	JMP  0x00
000006 940c 0000 	JMP  0x00
000008 940c 0000 	JMP  0x00
00000a 940c 0000 	JMP  0x00
00000c 940c 0000 	JMP  0x00
00000e 940c 0000 	JMP  0x00
000010 940c 0000 	JMP  0x00
000012 940c 0099 	JMP  _timer1_ovf_isr
000014 940c 0000 	JMP  0x00
000016 940c 0000 	JMP  0x00
000018 940c 0000 	JMP  0x00
00001a 940c 0000 	JMP  0x00
00001c 940c 0000 	JMP  0x00
00001e 940c 0000 	JMP  0x00
000020 940c 0000 	JMP  0x00
000022 940c 0000 	JMP  0x00
000024 940c 0000 	JMP  0x00
000026 940c 0000 	JMP  0x00
000028 940c 0000 	JMP  0x00
                 
                 _name:
00002a 614d
00002b 6468
00002c 2069
00002d 6d41      	.DB  0x4D,0x61,0x68,0x64,0x69,0x20,0x41,0x6D
00002e 7269
00002f 0069      	.DB  0x69,0x72,0x69,0x0
                 
                 ;GLOBAL REGISTER VARIABLES INITIALIZATION
                 __REG_VARS:
000030 0005
000031 0000      	.DB  0x5,0x0,0x0,0x0
                 
                 _0x2000003:
000032 c080      	.DB  0x80,0xC0
                 
                 __GLOBAL_INI_TBL:
000033 0004      	.DW  0x04
000034 0004      	.DW  0x04
000035 0060      	.DW  __REG_VARS*2
                 
000036 0002      	.DW  0x02
000037 0260      	.DW  __base_y_G100
000038 0064      	.DW  _0x2000003*2
                 
                 _0xFFFFFFFF:
000039 0000      	.DW  0
                 
                 #define __GLOBAL_INI_TBL_PRESENT 1
                 
                 __RESET:
00003a 94f8      	CLI
00003b 27ee      	CLR  R30
00003c bbec      	OUT  EECR,R30
                 
                 ;INTERRUPT VECTORS ARE PLACED
                 ;AT THE START OF FLASH
00003d e0f1      	LDI  R31,1
00003e bffb      	OUT  GICR,R31
00003f bfeb      	OUT  GICR,R30
000040 bfe5      	OUT  MCUCR,R30
                 
                 ;CLEAR R2-R14
000041 e08d      	LDI  R24,(14-2)+1
000042 e0a2      	LDI  R26,2
000043 27bb      	CLR  R27
                 __CLEAR_REG:
000044 93ed      	ST   X+,R30
000045 958a      	DEC  R24
000046 f7e9      	BRNE __CLEAR_REG
                 
                 ;CLEAR SRAM
000047 e080      	LDI  R24,LOW(__CLEAR_SRAM_SIZE)
000048 e098      	LDI  R25,HIGH(__CLEAR_SRAM_SIZE)
000049 e6a0      	LDI  R26,__SRAM_START
                 __CLEAR_SRAM:
00004a 93ed      	ST   X+,R30
00004b 9701      	SBIW R24,1
00004c f7e9      	BRNE __CLEAR_SRAM
                 
                 ;GLOBAL VARIABLES INITIALIZATION
00004d e6e6      	LDI  R30,LOW(__GLOBAL_INI_TBL*2)
00004e e0f0      	LDI  R31,HIGH(__GLOBAL_INI_TBL*2)
                 __GLOBAL_INI_NEXT:
00004f 9185      	LPM  R24,Z+
000050 9195      	LPM  R25,Z+
000051 9700      	SBIW R24,0
000052 f061      	BREQ __GLOBAL_INI_END
000053 91a5      	LPM  R26,Z+
000054 91b5      	LPM  R27,Z+
000055 9005      	LPM  R0,Z+
000056 9015      	LPM  R1,Z+
000057 01bf      	MOVW R22,R30
000058 01f0      	MOVW R30,R0
                 __GLOBAL_INI_LOOP:
000059 9005      	LPM  R0,Z+
00005a 920d      	ST   X+,R0
00005b 9701      	SBIW R24,1
00005c f7e1      	BRNE __GLOBAL_INI_LOOP
00005d 01fb      	MOVW R30,R22
00005e cff0      	RJMP __GLOBAL_INI_NEXT
                 __GLOBAL_INI_END:
                 
                 ;HARDWARE STACK POINTER INITIALIZATION
00005f e5ef      	LDI  R30,LOW(__SRAM_END-__HEAP_SIZE)
000060 bfed      	OUT  SPL,R30
000061 e0e8      	LDI  R30,HIGH(__SRAM_END-__HEAP_SIZE)
000062 bfee      	OUT  SPH,R30
                 
                 ;DATA STACK POINTER INITIALIZATION
000063 e6c0      	LDI  R28,LOW(__SRAM_START+__DSTACK_SIZE)
000064 e0d2      	LDI  R29,HIGH(__SRAM_START+__DSTACK_SIZE)
                 
000065 940c 00cc 	JMP  _main
                 
                 	.ESEG
                 	.ORG 0
                 
                 	.DSEG
                 	.ORG 0x260
                 
                 	.CSEG
                 ;/*******************************************************
                 ;This program was created by the
                 ;CodeWizardAVR V3.12 Advanced
                 ;Automatic Program Generator
                 ;© Copyright 1998-2014 Pavel Haiduc, HP InfoTech s.r.l.
                 ;http://www.hpinfotech.com
                 ;
                 ;Project :
                 ;Version :
                 ;Date    : 5/27/2022
                 ;Author  :
                 ;Company :
                 ;Comments:
                 ;
                 ;
                 ;Chip type               : ATmega32
                 ;Program type            : Application
                 ;AVR Core Clock frequency: 8.000000 MHz
                 ;Memory model            : Small
                 ;External RAM size       : 0
                 ;Data Stack size         : 512
                 ;*******************************************************/
                 ;
                 ;#include <mega32.h>
                 	#ifndef __SLEEP_DEFINED__
                 	#define __SLEEP_DEFINED__
                 	.EQU __se_bit=0x80
                 	.EQU __sm_mask=0x70
                 	.EQU __sm_powerdown=0x20
                 	.EQU __sm_powersave=0x30
                 	.EQU __sm_standby=0x60
                 	.EQU __sm_ext_standby=0x70
                 	.EQU __sm_adc_noise_red=0x10
                 	.SET power_ctrl_reg=mcucr
                 	#endif
                 ;
                 ;// Alphanumeric LCD functions
                 ;#include <alcd.h>
                 ;
                 ;#include <delay.h>
                 ;
                 ;int stx = 5, sty = 0;
                 ;
                 ;const char name[] = "Mahdi Amiri";
                 ;
                 ;void disp(int x, int y) {
                 ; 0000 0023 void disp(int x, int y) {
                 
                 	.CSEG
                 _disp:
                 ; .FSTART _disp
                 ; 0000 0024     int i = 0;
                 ; 0000 0025     lcd_clear();
000067 93ba      	ST   -Y,R27
000068 93aa      	ST   -Y,R26
000069 931a      	ST   -Y,R17
00006a 930a      	ST   -Y,R16
                 ;	x -> Y+4
                 ;	y -> Y+2
                 ;	i -> R16,R17
                +
00006b e000     +LDI R16 , LOW ( 0 )
00006c e010     +LDI R17 , HIGH ( 0 )
                 	__GETWRN 16,17,0
00006d d0af      	RCALL _lcd_clear
                 ; 0000 0026     while (name[i]) {
                 _0x3:
00006e 01f8      	MOVW R30,R16
00006f 5aec      	SUBI R30,LOW(-_name*2)
000070 4fff      	SBCI R31,HIGH(-_name*2)
000071 91e4      	LPM  R30,Z
000072 30e0      	CPI  R30,0
000073 f109      	BREQ _0x5
                 ; 0000 0027         lcd_gotoxy(x, y);
000074 81ec      	LDD  R30,Y+4
000075 93ea      	ST   -Y,R30
000076 81ab      	LDD  R26,Y+3
000077 d098      	RCALL _lcd_gotoxy
                 ; 0000 0028         lcd_putchar(name[i++]);
000078 01f8      	MOVW R30,R16
                +
000079 5f0f     +SUBI R16 , LOW ( - 1 )
00007a 4f1f     +SBCI R17 , HIGH ( - 1 )
                 	__ADDWRN 16,17,1
00007b 5aec      	SUBI R30,LOW(-_name*2)
00007c 4fff      	SBCI R31,HIGH(-_name*2)
00007d 91a4      	LPM  R26,Z
00007e d0a8      	RCALL _lcd_putchar
                 ; 0000 0029         if (x < 15) {
00007f 81ac      	LDD  R26,Y+4
000080 81bd      	LDD  R27,Y+4+1
000081 971f      	SBIW R26,15
000082 f434      	BRGE _0x6
                 ; 0000 002A             x++;
000083 81ec      	LDD  R30,Y+4
000084 81fd      	LDD  R31,Y+4+1
000085 9631      	ADIW R30,1
000086 83ec      	STD  Y+4,R30
000087 83fd      	STD  Y+4+1,R31
                 ; 0000 002B         } else {
000088 c00b      	RJMP _0x7
                 _0x6:
                 ; 0000 002C             x = 0;
000089 e0e0      	LDI  R30,LOW(0)
00008a 83ec      	STD  Y+4,R30
00008b 83ed      	STD  Y+4+1,R30
                 ; 0000 002D             y = 1 - y;
00008c 81aa      	LDD  R26,Y+2
00008d 81bb      	LDD  R27,Y+2+1
00008e e0e1      	LDI  R30,LOW(1)
00008f e0f0      	LDI  R31,HIGH(1)
000090 1bea      	SUB  R30,R26
000091 0bfb      	SBC  R31,R27
000092 83ea      	STD  Y+2,R30
000093 83fb      	STD  Y+2+1,R31
                 ; 0000 002E         }
                 _0x7:
                 ; 0000 002F     }
000094 cfd9      	RJMP _0x3
                 _0x5:
                 ; 0000 0030 }
000095 8119      	LDD  R17,Y+1
000096 8108      	LDD  R16,Y+0
000097 9626      	ADIW R28,6
000098 9508      	RET
                 ; .FEND
                 ;
                 ;// Timer1 overflow interrupt service routine
                 ;interrupt [TIM1_OVF] void timer1_ovf_isr(void)
                 ; 0000 0034 {
                 _timer1_ovf_isr:
                 ; .FSTART _timer1_ovf_isr
000099 920a      	ST   -Y,R0
00009a 921a      	ST   -Y,R1
00009b 92fa      	ST   -Y,R15
00009c 936a      	ST   -Y,R22
00009d 937a      	ST   -Y,R23
00009e 938a      	ST   -Y,R24
00009f 939a      	ST   -Y,R25
0000a0 93aa      	ST   -Y,R26
0000a1 93ba      	ST   -Y,R27
0000a2 93ea      	ST   -Y,R30
0000a3 93fa      	ST   -Y,R31
0000a4 b7ef      	IN   R30,SREG
0000a5 93ea      	ST   -Y,R30
                 ; 0000 0035 // Reinitialize Timer1 value
                 ; 0000 0036 TCNT1H=0x85EE >> 8;
0000a6 e8e5      	LDI  R30,LOW(133)
0000a7 bded      	OUT  0x2D,R30
                 ; 0000 0037 TCNT1L=0x85EE & 0xff;
0000a8 eeee      	LDI  R30,LOW(238)
0000a9 bdec      	OUT  0x2C,R30
                 ; 0000 0038 
                 ; 0000 0039 if (stx > 0) {
0000aa 2400      	CLR  R0
0000ab 1404      	CP   R0,R4
0000ac 0405      	CPC  R0,R5
0000ad f424      	BRGE _0x8
                 ; 0000 003A     stx--;
0000ae 01f2      	MOVW R30,R4
0000af 9731      	SBIW R30,1
0000b0 012f      	MOVW R4,R30
                 ; 0000 003B } else {
0000b1 c008      	RJMP _0x9
                 _0x8:
                 ; 0000 003C     stx = 15;
0000b2 e0ef      	LDI  R30,LOW(15)
0000b3 e0f0      	LDI  R31,HIGH(15)
0000b4 012f      	MOVW R4,R30
                 ; 0000 003D     sty = 1 - sty;
0000b5 e0e1      	LDI  R30,LOW(1)
0000b6 e0f0      	LDI  R31,HIGH(1)
0000b7 19e6      	SUB  R30,R6
0000b8 09f7      	SBC  R31,R7
0000b9 013f      	MOVW R6,R30
                 ; 0000 003E }
                 _0x9:
                 ; 0000 003F 
                 ; 0000 0040 disp(stx, sty);
0000ba 925a      	ST   -Y,R5
0000bb 924a      	ST   -Y,R4
0000bc 01d3      	MOVW R26,R6
0000bd dfa9      	RCALL _disp
                 ; 0000 0041 
                 ; 0000 0042 }
0000be 91e9      	LD   R30,Y+
0000bf bfef      	OUT  SREG,R30
0000c0 91f9      	LD   R31,Y+
0000c1 91e9      	LD   R30,Y+
0000c2 91b9      	LD   R27,Y+
0000c3 91a9      	LD   R26,Y+
0000c4 9199      	LD   R25,Y+
0000c5 9189      	LD   R24,Y+
0000c6 9179      	LD   R23,Y+
0000c7 9169      	LD   R22,Y+
0000c8 90f9      	LD   R15,Y+
0000c9 9019      	LD   R1,Y+
0000ca 9009      	LD   R0,Y+
0000cb 9518      	RETI
                 ; .FEND
                 ;
                 ;void main(void)
                 ; 0000 0045 {
                 _main:
                 ; .FSTART _main
                 ; 0000 0046 // Declare your local variables here
                 ; 0000 0047 
                 ; 0000 0048 // Input/Output Ports initialization
                 ; 0000 0049 // Port A initialization
                 ; 0000 004A // Function: Bit7=In Bit6=In Bit5=In Bit4=In Bit3=In Bit2=In Bit1=In Bit0=In
                 ; 0000 004B DDRA=(0<<DDA7) | (0<<DDA6) | (0<<DDA5) | (0<<DDA4) | (0<<DDA3) | (0<<DDA2) | (0<<DDA1) | (0<<DDA0);
0000cc e0e0      	LDI  R30,LOW(0)
0000cd bbea      	OUT  0x1A,R30
                 ; 0000 004C // State: Bit7=T Bit6=T Bit5=T Bit4=T Bit3=T Bit2=T Bit1=T Bit0=T
                 ; 0000 004D PORTA=(0<<PORTA7) | (0<<PORTA6) | (0<<PORTA5) | (0<<PORTA4) | (0<<PORTA3) | (0<<PORTA2) | (0<<PORTA1) | (0<<PORTA0);
0000ce bbeb      	OUT  0x1B,R30
                 ; 0000 004E 
                 ; 0000 004F // Port B initialization
                 ; 0000 0050 // Function: Bit7=In Bit6=In Bit5=In Bit4=In Bit3=In Bit2=In Bit1=In Bit0=In
                 ; 0000 0051 DDRB=(0<<DDB7) | (0<<DDB6) | (0<<DDB5) | (0<<DDB4) | (0<<DDB3) | (0<<DDB2) | (0<<DDB1) | (0<<DDB0);
0000cf bbe7      	OUT  0x17,R30
                 ; 0000 0052 // State: Bit7=T Bit6=T Bit5=T Bit4=T Bit3=T Bit2=T Bit1=T Bit0=T
                 ; 0000 0053 PORTB=(0<<PORTB7) | (0<<PORTB6) | (0<<PORTB5) | (0<<PORTB4) | (0<<PORTB3) | (0<<PORTB2) | (0<<PORTB1) | (0<<PORTB0);
0000d0 bbe8      	OUT  0x18,R30
                 ; 0000 0054 
                 ; 0000 0055 // Port C initialization
                 ; 0000 0056 // Function: Bit7=Out Bit6=Out Bit5=Out Bit4=Out Bit3=Out Bit2=Out Bit1=Out Bit0=Out
                 ; 0000 0057 DDRC=(1<<DDC7) | (1<<DDC6) | (1<<DDC5) | (1<<DDC4) | (1<<DDC3) | (1<<DDC2) | (1<<DDC1) | (1<<DDC0);
0000d1 efef      	LDI  R30,LOW(255)
0000d2 bbe4      	OUT  0x14,R30
                 ; 0000 0058 // State: Bit7=0 Bit6=0 Bit5=0 Bit4=0 Bit3=0 Bit2=0 Bit1=0 Bit0=0
                 ; 0000 0059 PORTC=(0<<PORTC7) | (0<<PORTC6) | (0<<PORTC5) | (0<<PORTC4) | (0<<PORTC3) | (0<<PORTC2) | (0<<PORTC1) | (0<<PORTC0);
0000d3 e0e0      	LDI  R30,LOW(0)
0000d4 bbe5      	OUT  0x15,R30
                 ; 0000 005A 
                 ; 0000 005B // Port D initialization
                 ; 0000 005C // Function: Bit7=In Bit6=In Bit5=In Bit4=In Bit3=In Bit2=In Bit1=In Bit0=In
                 ; 0000 005D DDRD=(0<<DDD7) | (0<<DDD6) | (0<<DDD5) | (0<<DDD4) | (0<<DDD3) | (0<<DDD2) | (0<<DDD1) | (0<<DDD0);
0000d5 bbe1      	OUT  0x11,R30
                 ; 0000 005E // State: Bit7=T Bit6=T Bit5=T Bit4=T Bit3=T Bit2=T Bit1=T Bit0=T
                 ; 0000 005F PORTD=(0<<PORTD7) | (0<<PORTD6) | (0<<PORTD5) | (0<<PORTD4) | (0<<PORTD3) | (0<<PORTD2) | (0<<PORTD1) | (0<<PORTD0);
0000d6 bbe2      	OUT  0x12,R30
                 ; 0000 0060 
                 ; 0000 0061 // Timer/Counter 1 initialization
                 ; 0000 0062 // Clock source: System Clock
                 ; 0000 0063 // Clock value: 31.250 kHz
                 ; 0000 0064 // Mode: Normal top=0xFFFF
                 ; 0000 0065 // OC1A output: Disconnected
                 ; 0000 0066 // OC1B output: Disconnected
                 ; 0000 0067 // Noise Canceler: Off
                 ; 0000 0068 // Input Capture on Falling Edge
                 ; 0000 0069 // Timer Period: 1 s
                 ; 0000 006A // Timer1 Overflow Interrupt: On
                 ; 0000 006B // Input Capture Interrupt: Off
                 ; 0000 006C // Compare A Match Interrupt: Off
                 ; 0000 006D // Compare B Match Interrupt: Off
                 ; 0000 006E TCCR1A=(0<<COM1A1) | (0<<COM1A0) | (0<<COM1B1) | (0<<COM1B0) | (0<<WGM11) | (0<<WGM10);
0000d7 bdef      	OUT  0x2F,R30
                 ; 0000 006F TCCR1B=(0<<ICNC1) | (0<<ICES1) | (0<<WGM13) | (0<<WGM12) | (1<<CS12) | (0<<CS11) | (0<<CS10);
0000d8 e0e4      	LDI  R30,LOW(4)
0000d9 bdee      	OUT  0x2E,R30
                 ; 0000 0070 TCNT1H=0x85;
0000da e8e5      	LDI  R30,LOW(133)
0000db bded      	OUT  0x2D,R30
                 ; 0000 0071 TCNT1L=0xEE;
0000dc eeee      	LDI  R30,LOW(238)
0000dd bdec      	OUT  0x2C,R30
                 ; 0000 0072 ICR1H=0x00;
0000de e0e0      	LDI  R30,LOW(0)
0000df bde7      	OUT  0x27,R30
                 ; 0000 0073 ICR1L=0x00;
0000e0 bde6      	OUT  0x26,R30
                 ; 0000 0074 OCR1AH=0x00;
0000e1 bdeb      	OUT  0x2B,R30
                 ; 0000 0075 OCR1AL=0x00;
0000e2 bdea      	OUT  0x2A,R30
                 ; 0000 0076 OCR1BH=0x00;
0000e3 bde9      	OUT  0x29,R30
                 ; 0000 0077 OCR1BL=0x00;
0000e4 bde8      	OUT  0x28,R30
                 ; 0000 0078 
                 ; 0000 0079 // Timer(s)/Counter(s) Interrupt(s) initialization
                 ; 0000 007A TIMSK=(0<<OCIE2) | (0<<TOIE2) | (0<<TICIE1) | (0<<OCIE1A) | (0<<OCIE1B) | (1<<TOIE1) | (0<<OCIE0) | (0<<TOIE0);
0000e5 e0e4      	LDI  R30,LOW(4)
0000e6 bfe9      	OUT  0x39,R30
                 ; 0000 007B 
                 ; 0000 007C // Alphanumeric LCD initialization
                 ; 0000 007D // Connections are specified in the
                 ; 0000 007E // Project|Configure|C Compiler|Libraries|Alphanumeric LCD menu:
                 ; 0000 007F // RS - PORTC Bit 0
                 ; 0000 0080 // RD - PORTC Bit 1
                 ; 0000 0081 // EN - PORTC Bit 2
                 ; 0000 0082 // D4 - PORTC Bit 4
                 ; 0000 0083 // D5 - PORTC Bit 5
                 ; 0000 0084 // D6 - PORTC Bit 6
                 ; 0000 0085 // D7 - PORTC Bit 7
                 ; 0000 0086 // Characters/line: 16
                 ; 0000 0087 lcd_init(16);
0000e7 e1a0      	LDI  R26,LOW(16)
0000e8 d052      	RCALL _lcd_init
                 ; 0000 0088 
                 ; 0000 0089 // Global enable interrupts
                 ; 0000 008A #asm("sei")
0000e9 9478      	sei
                 ; 0000 008B 
                 ; 0000 008C while (1)
                 _0xA:
                 ; 0000 008D       {
                 ; 0000 008E 
                 ; 0000 008F       delay_ms(1);
0000ea e0a1      	LDI  R26,LOW(1)
0000eb e0b0      	LDI  R27,0
0000ec 940e 0172 	CALL _delay_ms
                 ; 0000 0090 
                 ; 0000 0091       }
0000ee cffb      	RJMP _0xA
                 ; 0000 0092 }
                 _0xD:
0000ef cfff      	RJMP _0xD
                 ; .FEND
                 	#ifndef __SLEEP_DEFINED__
                 	#endif
                 
                 	.DSEG
                 
                 	.CSEG
                 __lcd_write_nibble_G100:
                 ; .FSTART __lcd_write_nibble_G100
0000f0 93aa      	ST   -Y,R26
0000f1 b3e5      	IN   R30,0x15
0000f2 70ef      	ANDI R30,LOW(0xF)
0000f3 2fae      	MOV  R26,R30
0000f4 81e8      	LD   R30,Y
0000f5 7fe0      	ANDI R30,LOW(0xF0)
0000f6 2bea      	OR   R30,R26
0000f7 bbe5      	OUT  0x15,R30
                +
0000f8 e08d     +LDI R24 , LOW ( 13 )
                +__DELAY_USB_LOOP :
0000f9 958a     +DEC R24
0000fa f7f1     +BRNE __DELAY_USB_LOOP
                 	__DELAY_USB 13
0000fb 9aaa      	SBI  0x15,2
                +
0000fc e08d     +LDI R24 , LOW ( 13 )
                +__DELAY_USB_LOOP :
0000fd 958a     +DEC R24
0000fe f7f1     +BRNE __DELAY_USB_LOOP
                 	__DELAY_USB 13
0000ff 98aa      	CBI  0x15,2
                +
000100 e08d     +LDI R24 , LOW ( 13 )
                +__DELAY_USB_LOOP :
000101 958a     +DEC R24
000102 f7f1     +BRNE __DELAY_USB_LOOP
                 	__DELAY_USB 13
000103 c060      	RJMP _0x2020001
                 ; .FEND
                 __lcd_write_data:
                 ; .FSTART __lcd_write_data
000104 93aa      	ST   -Y,R26
000105 81a8      	LD   R26,Y
000106 dfe9      	RCALL __lcd_write_nibble_G100
000107 81e8          ld    r30,y
000108 95e2          swap  r30
000109 83e8          st    y,r30
00010a 81a8      	LD   R26,Y
00010b dfe4      	RCALL __lcd_write_nibble_G100
                +
00010c e885     +LDI R24 , LOW ( 133 )
                +__DELAY_USB_LOOP :
00010d 958a     +DEC R24
00010e f7f1     +BRNE __DELAY_USB_LOOP
                 	__DELAY_USB 133
00010f c054      	RJMP _0x2020001
                 ; .FEND
                 _lcd_gotoxy:
                 ; .FSTART _lcd_gotoxy
000110 93aa      	ST   -Y,R26
000111 81e8      	LD   R30,Y
000112 e0f0      	LDI  R31,0
000113 5ae0      	SUBI R30,LOW(-__base_y_G100)
000114 4ffd      	SBCI R31,HIGH(-__base_y_G100)
000115 81e0      	LD   R30,Z
000116 81a9      	LDD  R26,Y+1
000117 0fae      	ADD  R26,R30
000118 dfeb      	RCALL __lcd_write_data
000119 8099      	LDD  R9,Y+1
00011a 8088      	LDD  R8,Y+0
00011b 9622      	ADIW R28,2
00011c 9508      	RET
                 ; .FEND
                 _lcd_clear:
                 ; .FSTART _lcd_clear
00011d e0a2      	LDI  R26,LOW(2)
00011e d047      	RCALL SUBOPT_0x0
00011f e0ac      	LDI  R26,LOW(12)
000120 dfe3      	RCALL __lcd_write_data
000121 e0a1      	LDI  R26,LOW(1)
000122 d043      	RCALL SUBOPT_0x0
000123 e0e0      	LDI  R30,LOW(0)
000124 2e8e      	MOV  R8,R30
000125 2e9e      	MOV  R9,R30
000126 9508      	RET
                 ; .FEND
                 _lcd_putchar:
                 ; .FSTART _lcd_putchar
000127 93aa      	ST   -Y,R26
000128 81a8      	LD   R26,Y
000129 30aa      	CPI  R26,LOW(0xA)
00012a f011      	BREQ _0x2000005
00012b 149b      	CP   R9,R11
00012c f040      	BRLO _0x2000004
                 _0x2000005:
00012d e0e0      	LDI  R30,LOW(0)
00012e 93ea      	ST   -Y,R30
00012f 9483      	INC  R8
000130 2da8      	MOV  R26,R8
000131 dfde      	RCALL _lcd_gotoxy
000132 81a8      	LD   R26,Y
000133 30aa      	CPI  R26,LOW(0xA)
000134 f179      	BREQ _0x2020001
                 _0x2000004:
000135 9493      	INC  R9
000136 9aa8      	SBI  0x15,0
000137 81a8      	LD   R26,Y
000138 dfcb      	RCALL __lcd_write_data
000139 98a8      	CBI  0x15,0
00013a c029      	RJMP _0x2020001
                 ; .FEND
                 _lcd_init:
                 ; .FSTART _lcd_init
00013b 93aa      	ST   -Y,R26
00013c b3e4      	IN   R30,0x14
00013d 6fe0      	ORI  R30,LOW(0xF0)
00013e bbe4      	OUT  0x14,R30
00013f 9aa2      	SBI  0x14,2
000140 9aa0      	SBI  0x14,0
000141 9aa1      	SBI  0x14,1
000142 98aa      	CBI  0x15,2
000143 98a8      	CBI  0x15,0
000144 98a9      	CBI  0x15,1
000145 80b8      	LDD  R11,Y+0
000146 81e8      	LD   R30,Y
000147 58e0      	SUBI R30,-LOW(128)
                +
000148 93e0 0262+STS __base_y_G100 + ( 2 ) , R30
                 	__PUTB1MN __base_y_G100,2
00014a 81e8      	LD   R30,Y
00014b 54e0      	SUBI R30,-LOW(192)
                +
00014c 93e0 0263+STS __base_y_G100 + ( 3 ) , R30
                 	__PUTB1MN __base_y_G100,3
00014e e1a4      	LDI  R26,LOW(20)
00014f e0b0      	LDI  R27,0
000150 940e 0172 	CALL _delay_ms
000152 d018      	RCALL SUBOPT_0x1
000153 d017      	RCALL SUBOPT_0x1
000154 d016      	RCALL SUBOPT_0x1
000155 e2a0      	LDI  R26,LOW(32)
000156 df99      	RCALL __lcd_write_nibble_G100
                +
000157 ec88     +LDI R24 , LOW ( 200 )
000158 e090     +LDI R25 , HIGH ( 200 )
                +__DELAY_USW_LOOP :
000159 9701     +SBIW R24 , 1
00015a f7f1     +BRNE __DELAY_USW_LOOP
                 	__DELAY_USW 200
00015b e2a8      	LDI  R26,LOW(40)
00015c dfa7      	RCALL __lcd_write_data
00015d e0a4      	LDI  R26,LOW(4)
00015e dfa5      	RCALL __lcd_write_data
00015f e8a5      	LDI  R26,LOW(133)
000160 dfa3      	RCALL __lcd_write_data
000161 e0a6      	LDI  R26,LOW(6)
000162 dfa1      	RCALL __lcd_write_data
000163 dfb9      	RCALL _lcd_clear
                 _0x2020001:
000164 9621      	ADIW R28,1
000165 9508      	RET
                 ; .FEND
                 
                 	.DSEG
                 __base_y_G100:
000260           	.BYTE 0x4
                 
                 	.CSEG
                 ;OPTIMIZER ADDED SUBROUTINE, CALLED 2 TIMES, CODE SIZE REDUCTION:1 WORDS
                 SUBOPT_0x0:
000166 df9d      	RCALL __lcd_write_data
000167 e0a3      	LDI  R26,LOW(3)
000168 e0b0      	LDI  R27,0
000169 940c 0172 	JMP  _delay_ms
                 
                 ;OPTIMIZER ADDED SUBROUTINE, CALLED 3 TIMES, CODE SIZE REDUCTION:7 WORDS
                 SUBOPT_0x1:
00016b e3a0      	LDI  R26,LOW(48)
00016c df83      	RCALL __lcd_write_nibble_G100
                +
00016d ec88     +LDI R24 , LOW ( 200 )
00016e e090     +LDI R25 , HIGH ( 200 )
                +__DELAY_USW_LOOP :
00016f 9701     +SBIW R24 , 1
000170 f7f1     +BRNE __DELAY_USW_LOOP
                 	__DELAY_USW 200
000171 9508      	RET
                 
                 
                 	.CSEG
                 _delay_ms:
000172 9610      	adiw r26,0
000173 f039      	breq __delay_ms1
                 __delay_ms0:
                +
000174 ed80     +LDI R24 , LOW ( 0x7D0 )
000175 e097     +LDI R25 , HIGH ( 0x7D0 )
                +__DELAY_USW_LOOP :
000176 9701     +SBIW R24 , 1
000177 f7f1     +BRNE __DELAY_USW_LOOP
                 	__DELAY_USW 0x7D0
000178 95a8      	wdr
000179 9711      	sbiw r26,1
00017a f7c9      	brne __delay_ms0
                 __delay_ms1:
00017b 9508      	ret
                 
                 ;END OF CODE MARKER
                 __END_OF_CODE:


RESOURCE USE INFORMATION
------------------------

Notice:
The register and instruction counts are symbol table hit counts,
and hence implicitly used resources are not counted, eg, the
'lpm' instruction without operands implicitly uses r0 and z,
none of which are counted.

x,y,z are separate entities in the symbol table and are
counted separately from r26..r31 here.

.dseg memory usage only counts static data declared with .byte

ATmega32 register use summary:
r0 :   9 r1 :   3 r2 :   0 r3 :   0 r4 :   5 r5 :   2 r6 :   3 r7 :   1 
r8 :   4 r9 :   4 r10:   0 r11:   2 r12:   0 r13:   0 r14:   0 r15:   2 
r16:   6 r17:   4 r18:   0 r19:   0 r20:   0 r21:   0 r22:   4 r23:   2 
r24:  23 r25:   7 r26:  45 r27:  11 r28:   4 r29:   1 r30: 104 r31:  17 
x  :   3 y  :  68 z  :  10 
Registers used: 25 out of 35 (71.4%)

ATmega32 instruction use summary:
.lds  :   0 .lds.l:   0 .sts  :   0 .sts.l:   0 adc   :   0 add   :   1 
adiw  :   5 and   :   0 andi  :   2 asr   :   0 bclr  :   0 bld   :   0 
brbc  :   0 brbs  :   0 brcc  :   0 brcs  :   0 break :   0 breq  :   5 
brge  :   2 brhc  :   0 brhs  :   0 brid  :   0 brie  :   0 brlo  :   1 
brlt  :   0 brmi  :   0 brne  :  11 brpl  :   0 brsh  :   0 brtc  :   0 
brts  :   0 brvc  :   0 brvs  :   0 bset  :   0 bst   :   0 call  :   2 
cbi   :   5 cbr   :   0 clc   :   0 clh   :   0 cli   :   1 cln   :   0 
clr   :   3 cls   :   0 clt   :   0 clv   :   0 clz   :   0 com   :   0 
cp    :   2 cpc   :   1 cpi   :   3 cpse  :   0 dec   :   5 des   :   0 
eor   :   0 fmul  :   0 fmuls :   0 fmulsu:   0 icall :   0 ijmp  :   0 
in    :   3 inc   :   2 jmp   :  23 ld    :  23 ldd   :  14 ldi   :  60 
lds   :   0 lpm   :  11 lsl   :   0 lsr   :   0 mov   :   4 movw  :  10 
mul   :   0 muls  :   0 mulsu :   0 neg   :   0 nop   :   0 or    :   1 
ori   :   1 out   :  30 pop   :   0 push  :   0 rcall :  24 ret   :   6 
reti  :   1 rjmp  :   9 rol   :   0 ror   :   0 sbc   :   2 sbci  :   4 
sbi   :   5 sbic  :   0 sbis  :   0 sbiw  :   9 sbr   :   0 sbrc  :   0 
sbrs  :   0 sec   :   0 seh   :   0 sei   :   1 sen   :   0 ser   :   0 
ses   :   0 set   :   0 sev   :   0 sez   :   0 sleep :   0 spm   :   0 
st    :  29 std   :   6 sts   :   2 sub   :   2 subi  :   6 swap  :   1 
tst   :   0 wdr   :   1 
Instructions used: 43 out of 116 (37.1%)

ATmega32 memory use summary [bytes]:
Segment   Begin    End      Code   Data   Used    Size   Use%
---------------------------------------------------------------
[.cseg] 0x000000 0x0002f8    728     32    760   32768   2.3%
[.dseg] 0x000060 0x000264      0      4      4    2048   0.2%
[.eseg] 0x000000 0x000000      0      0      0    1024   0.0%

Assembly complete, 0 errors, 7 warnings
