
AVRASM ver. 2.1.30  C:\Users\Amiri\Documents\semester6\Micro Lab\Experiments\Exp5\Debug\List\AZ-05.asm Wed Mar 16 20:53:12 2022

                 
                 
                 ;CodeVisionAVR C Compiler V3.12 Advanced
                 ;(C) Copyright 1998-2014 Pavel Haiduc, HP InfoTech s.r.l.
                 ;http://www.hpinfotech.com
                 
                 ;Build configuration    : Debug
                 ;Chip type              : ATmega32
                 ;Program type           : Application
                 ;Clock frequency        : 8.000000 MHz
                 ;Memory model           : Small
                 ;Optimize for           : Size
                 ;(s)printf features     : int, width
                 ;(s)scanf features      : int, width
                 ;External RAM size      : 0
                 ;Data Stack size        : 512 byte(s)
                 ;Heap size              : 0 byte(s)
                 ;Promote 'char' to 'int': Yes
                 ;'char' is unsigned     : Yes
                 ;8 bit enums            : Yes
                 ;Global 'const' stored in FLASH: Yes
                 ;Enhanced function parameter passing: Yes
                 ;Enhanced core instructions: On
                 ;Automatic register allocation for global variables: On
                 ;Smart register allocation: On
                 
                 	#define _MODEL_SMALL_
                 
                 	#pragma AVRPART ADMIN PART_NAME ATmega32
                 	#pragma AVRPART MEMORY PROG_FLASH 32768
                 	#pragma AVRPART MEMORY EEPROM 1024
                 	#pragma AVRPART MEMORY INT_SRAM SIZE 2048
                 	#pragma AVRPART MEMORY INT_SRAM START_ADDR 0x60
                 
                 	#define CALL_SUPPORTED 1
                 
                 	.LISTMAC
                 	.EQU UDRE=0x5
                 	.EQU RXC=0x7
                 	.EQU USR=0xB
                 	.EQU UDR=0xC
                 	.EQU SPSR=0xE
                 	.EQU SPDR=0xF
                 	.EQU EERE=0x0
                 	.EQU EEWE=0x1
                 	.EQU EEMWE=0x2
                 	.EQU EECR=0x1C
                 	.EQU EEDR=0x1D
                 	.EQU EEARL=0x1E
                 	.EQU EEARH=0x1F
                 	.EQU WDTCR=0x21
                 	.EQU MCUCR=0x35
                 	.EQU GICR=0x3B
                 	.EQU SPL=0x3D
                 	.EQU SPH=0x3E
                 	.EQU SREG=0x3F
                 
                 	.DEF R0X0=R0
                 	.DEF R0X1=R1
                 	.DEF R0X2=R2
                 	.DEF R0X3=R3
                 	.DEF R0X4=R4
                 	.DEF R0X5=R5
                 	.DEF R0X6=R6
                 	.DEF R0X7=R7
                 	.DEF R0X8=R8
                 	.DEF R0X9=R9
                 	.DEF R0XA=R10
                 	.DEF R0XB=R11
                 	.DEF R0XC=R12
                 	.DEF R0XD=R13
                 	.DEF R0XE=R14
                 	.DEF R0XF=R15
                 	.DEF R0X10=R16
                 	.DEF R0X11=R17
                 	.DEF R0X12=R18
                 	.DEF R0X13=R19
                 	.DEF R0X14=R20
                 	.DEF R0X15=R21
                 	.DEF R0X16=R22
                 	.DEF R0X17=R23
                 	.DEF R0X18=R24
                 	.DEF R0X19=R25
                 	.DEF R0X1A=R26
                 	.DEF R0X1B=R27
                 	.DEF R0X1C=R28
                 	.DEF R0X1D=R29
                 	.DEF R0X1E=R30
                 	.DEF R0X1F=R31
                 
                 	.EQU __SRAM_START=0x0060
                 	.EQU __SRAM_END=0x085F
                 	.EQU __DSTACK_SIZE=0x0200
                 	.EQU __HEAP_SIZE=0x0000
                 	.EQU __CLEAR_SRAM_SIZE=__SRAM_END-__SRAM_START+1
                 
                 	.MACRO __CPD1N
                 	CPI  R30,LOW(@0)
                 	LDI  R26,HIGH(@0)
                 	CPC  R31,R26
                 	LDI  R26,BYTE3(@0)
                 	CPC  R22,R26
                 	LDI  R26,BYTE4(@0)
                 	CPC  R23,R26
                 	.ENDM
                 
                 	.MACRO __CPD2N
                 	CPI  R26,LOW(@0)
                 	LDI  R30,HIGH(@0)
                 	CPC  R27,R30
                 	LDI  R30,BYTE3(@0)
                 	CPC  R24,R30
                 	LDI  R30,BYTE4(@0)
                 	CPC  R25,R30
                 	.ENDM
                 
                 	.MACRO __CPWRR
                 	CP   R@0,R@2
                 	CPC  R@1,R@3
                 	.ENDM
                 
                 	.MACRO __CPWRN
                 	CPI  R@0,LOW(@2)
                 	LDI  R30,HIGH(@2)
                 	CPC  R@1,R30
                 	.ENDM
                 
                 	.MACRO __ADDB1MN
                 	SUBI R30,LOW(-@0-(@1))
                 	.ENDM
                 
                 	.MACRO __ADDB2MN
                 	SUBI R26,LOW(-@0-(@1))
                 	.ENDM
                 
                 	.MACRO __ADDW1MN
                 	SUBI R30,LOW(-@0-(@1))
                 	SBCI R31,HIGH(-@0-(@1))
                 	.ENDM
                 
                 	.MACRO __ADDW2MN
                 	SUBI R26,LOW(-@0-(@1))
                 	SBCI R27,HIGH(-@0-(@1))
                 	.ENDM
                 
                 	.MACRO __ADDW1FN
                 	SUBI R30,LOW(-2*@0-(@1))
                 	SBCI R31,HIGH(-2*@0-(@1))
                 	.ENDM
                 
                 	.MACRO __ADDD1FN
                 	SUBI R30,LOW(-2*@0-(@1))
                 	SBCI R31,HIGH(-2*@0-(@1))
                 	SBCI R22,BYTE3(-2*@0-(@1))
                 	.ENDM
                 
                 	.MACRO __ADDD1N
                 	SUBI R30,LOW(-@0)
                 	SBCI R31,HIGH(-@0)
                 	SBCI R22,BYTE3(-@0)
                 	SBCI R23,BYTE4(-@0)
                 	.ENDM
                 
                 	.MACRO __ADDD2N
                 	SUBI R26,LOW(-@0)
                 	SBCI R27,HIGH(-@0)
                 	SBCI R24,BYTE3(-@0)
                 	SBCI R25,BYTE4(-@0)
                 	.ENDM
                 
                 	.MACRO __SUBD1N
                 	SUBI R30,LOW(@0)
                 	SBCI R31,HIGH(@0)
                 	SBCI R22,BYTE3(@0)
                 	SBCI R23,BYTE4(@0)
                 	.ENDM
                 
                 	.MACRO __SUBD2N
                 	SUBI R26,LOW(@0)
                 	SBCI R27,HIGH(@0)
                 	SBCI R24,BYTE3(@0)
                 	SBCI R25,BYTE4(@0)
                 	.ENDM
                 
                 	.MACRO __ANDBMNN
                 	LDS  R30,@0+(@1)
                 	ANDI R30,LOW(@2)
                 	STS  @0+(@1),R30
                 	.ENDM
                 
                 	.MACRO __ANDWMNN
                 	LDS  R30,@0+(@1)
                 	ANDI R30,LOW(@2)
                 	STS  @0+(@1),R30
                 	LDS  R30,@0+(@1)+1
                 	ANDI R30,HIGH(@2)
                 	STS  @0+(@1)+1,R30
                 	.ENDM
                 
                 	.MACRO __ANDD1N
                 	ANDI R30,LOW(@0)
                 	ANDI R31,HIGH(@0)
                 	ANDI R22,BYTE3(@0)
                 	ANDI R23,BYTE4(@0)
                 	.ENDM
                 
                 	.MACRO __ANDD2N
                 	ANDI R26,LOW(@0)
                 	ANDI R27,HIGH(@0)
                 	ANDI R24,BYTE3(@0)
                 	ANDI R25,BYTE4(@0)
                 	.ENDM
                 
                 	.MACRO __ORBMNN
                 	LDS  R30,@0+(@1)
                 	ORI  R30,LOW(@2)
                 	STS  @0+(@1),R30
                 	.ENDM
                 
                 	.MACRO __ORWMNN
                 	LDS  R30,@0+(@1)
                 	ORI  R30,LOW(@2)
                 	STS  @0+(@1),R30
                 	LDS  R30,@0+(@1)+1
                 	ORI  R30,HIGH(@2)
                 	STS  @0+(@1)+1,R30
                 	.ENDM
                 
                 	.MACRO __ORD1N
                 	ORI  R30,LOW(@0)
                 	ORI  R31,HIGH(@0)
                 	ORI  R22,BYTE3(@0)
                 	ORI  R23,BYTE4(@0)
                 	.ENDM
                 
                 	.MACRO __ORD2N
                 	ORI  R26,LOW(@0)
                 	ORI  R27,HIGH(@0)
                 	ORI  R24,BYTE3(@0)
                 	ORI  R25,BYTE4(@0)
                 	.ENDM
                 
                 	.MACRO __DELAY_USB
                 	LDI  R24,LOW(@0)
                 __DELAY_USB_LOOP:
                 	DEC  R24
                 	BRNE __DELAY_USB_LOOP
                 	.ENDM
                 
                 	.MACRO __DELAY_USW
                 	LDI  R24,LOW(@0)
                 	LDI  R25,HIGH(@0)
                 __DELAY_USW_LOOP:
                 	SBIW R24,1
                 	BRNE __DELAY_USW_LOOP
                 	.ENDM
                 
                 	.MACRO __GETD1S
                 	LDD  R30,Y+@0
                 	LDD  R31,Y+@0+1
                 	LDD  R22,Y+@0+2
                 	LDD  R23,Y+@0+3
                 	.ENDM
                 
                 	.MACRO __GETD2S
                 	LDD  R26,Y+@0
                 	LDD  R27,Y+@0+1
                 	LDD  R24,Y+@0+2
                 	LDD  R25,Y+@0+3
                 	.ENDM
                 
                 	.MACRO __PUTD1S
                 	STD  Y+@0,R30
                 	STD  Y+@0+1,R31
                 	STD  Y+@0+2,R22
                 	STD  Y+@0+3,R23
                 	.ENDM
                 
                 	.MACRO __PUTD2S
                 	STD  Y+@0,R26
                 	STD  Y+@0+1,R27
                 	STD  Y+@0+2,R24
                 	STD  Y+@0+3,R25
                 	.ENDM
                 
                 	.MACRO __PUTDZ2
                 	STD  Z+@0,R26
                 	STD  Z+@0+1,R27
                 	STD  Z+@0+2,R24
                 	STD  Z+@0+3,R25
                 	.ENDM
                 
                 	.MACRO __CLRD1S
                 	STD  Y+@0,R30
                 	STD  Y+@0+1,R30
                 	STD  Y+@0+2,R30
                 	STD  Y+@0+3,R30
                 	.ENDM
                 
                 	.MACRO __POINTB1MN
                 	LDI  R30,LOW(@0+(@1))
                 	.ENDM
                 
                 	.MACRO __POINTW1MN
                 	LDI  R30,LOW(@0+(@1))
                 	LDI  R31,HIGH(@0+(@1))
                 	.ENDM
                 
                 	.MACRO __POINTD1M
                 	LDI  R30,LOW(@0)
                 	LDI  R31,HIGH(@0)
                 	LDI  R22,BYTE3(@0)
                 	LDI  R23,BYTE4(@0)
                 	.ENDM
                 
                 	.MACRO __POINTW1FN
                 	LDI  R30,LOW(2*@0+(@1))
                 	LDI  R31,HIGH(2*@0+(@1))
                 	.ENDM
                 
                 	.MACRO __POINTD1FN
                 	LDI  R30,LOW(2*@0+(@1))
                 	LDI  R31,HIGH(2*@0+(@1))
                 	LDI  R22,BYTE3(2*@0+(@1))
                 	LDI  R23,BYTE4(2*@0+(@1))
                 	.ENDM
                 
                 	.MACRO __POINTB2MN
                 	LDI  R26,LOW(@0+(@1))
                 	.ENDM
                 
                 	.MACRO __POINTW2MN
                 	LDI  R26,LOW(@0+(@1))
                 	LDI  R27,HIGH(@0+(@1))
                 	.ENDM
                 
                 	.MACRO __POINTW2FN
                 	LDI  R26,LOW(2*@0+(@1))
                 	LDI  R27,HIGH(2*@0+(@1))
                 	.ENDM
                 
                 	.MACRO __POINTD2FN
                 	LDI  R26,LOW(2*@0+(@1))
                 	LDI  R27,HIGH(2*@0+(@1))
                 	LDI  R24,BYTE3(2*@0+(@1))
                 	LDI  R25,BYTE4(2*@0+(@1))
                 	.ENDM
                 
                 	.MACRO __POINTBRM
                 	LDI  R@0,LOW(@1)
                 	.ENDM
                 
                 	.MACRO __POINTWRM
                 	LDI  R@0,LOW(@2)
                 	LDI  R@1,HIGH(@2)
                 	.ENDM
                 
                 	.MACRO __POINTBRMN
                 	LDI  R@0,LOW(@1+(@2))
                 	.ENDM
                 
                 	.MACRO __POINTWRMN
                 	LDI  R@0,LOW(@2+(@3))
                 	LDI  R@1,HIGH(@2+(@3))
                 	.ENDM
                 
                 	.MACRO __POINTWRFN
                 	LDI  R@0,LOW(@2*2+(@3))
                 	LDI  R@1,HIGH(@2*2+(@3))
                 	.ENDM
                 
                 	.MACRO __GETD1N
                 	LDI  R30,LOW(@0)
                 	LDI  R31,HIGH(@0)
                 	LDI  R22,BYTE3(@0)
                 	LDI  R23,BYTE4(@0)
                 	.ENDM
                 
                 	.MACRO __GETD2N
                 	LDI  R26,LOW(@0)
                 	LDI  R27,HIGH(@0)
                 	LDI  R24,BYTE3(@0)
                 	LDI  R25,BYTE4(@0)
                 	.ENDM
                 
                 	.MACRO __GETB1MN
                 	LDS  R30,@0+(@1)
                 	.ENDM
                 
                 	.MACRO __GETB1HMN
                 	LDS  R31,@0+(@1)
                 	.ENDM
                 
                 	.MACRO __GETW1MN
                 	LDS  R30,@0+(@1)
                 	LDS  R31,@0+(@1)+1
                 	.ENDM
                 
                 	.MACRO __GETD1MN
                 	LDS  R30,@0+(@1)
                 	LDS  R31,@0+(@1)+1
                 	LDS  R22,@0+(@1)+2
                 	LDS  R23,@0+(@1)+3
                 	.ENDM
                 
                 	.MACRO __GETBRMN
                 	LDS  R@0,@1+(@2)
                 	.ENDM
                 
                 	.MACRO __GETWRMN
                 	LDS  R@0,@2+(@3)
                 	LDS  R@1,@2+(@3)+1
                 	.ENDM
                 
                 	.MACRO __GETWRZ
                 	LDD  R@0,Z+@2
                 	LDD  R@1,Z+@2+1
                 	.ENDM
                 
                 	.MACRO __GETD2Z
                 	LDD  R26,Z+@0
                 	LDD  R27,Z+@0+1
                 	LDD  R24,Z+@0+2
                 	LDD  R25,Z+@0+3
                 	.ENDM
                 
                 	.MACRO __GETB2MN
                 	LDS  R26,@0+(@1)
                 	.ENDM
                 
                 	.MACRO __GETW2MN
                 	LDS  R26,@0+(@1)
                 	LDS  R27,@0+(@1)+1
                 	.ENDM
                 
                 	.MACRO __GETD2MN
                 	LDS  R26,@0+(@1)
                 	LDS  R27,@0+(@1)+1
                 	LDS  R24,@0+(@1)+2
                 	LDS  R25,@0+(@1)+3
                 	.ENDM
                 
                 	.MACRO __PUTB1MN
                 	STS  @0+(@1),R30
                 	.ENDM
                 
                 	.MACRO __PUTW1MN
                 	STS  @0+(@1),R30
                 	STS  @0+(@1)+1,R31
                 	.ENDM
                 
                 	.MACRO __PUTD1MN
                 	STS  @0+(@1),R30
                 	STS  @0+(@1)+1,R31
                 	STS  @0+(@1)+2,R22
                 	STS  @0+(@1)+3,R23
                 	.ENDM
                 
                 	.MACRO __PUTB1EN
                 	LDI  R26,LOW(@0+(@1))
                 	LDI  R27,HIGH(@0+(@1))
                 	CALL __EEPROMWRB
                 	.ENDM
                 
                 	.MACRO __PUTW1EN
                 	LDI  R26,LOW(@0+(@1))
                 	LDI  R27,HIGH(@0+(@1))
                 	CALL __EEPROMWRW
                 	.ENDM
                 
                 	.MACRO __PUTD1EN
                 	LDI  R26,LOW(@0+(@1))
                 	LDI  R27,HIGH(@0+(@1))
                 	CALL __EEPROMWRD
                 	.ENDM
                 
                 	.MACRO __PUTBR0MN
                 	STS  @0+(@1),R0
                 	.ENDM
                 
                 	.MACRO __PUTBMRN
                 	STS  @0+(@1),R@2
                 	.ENDM
                 
                 	.MACRO __PUTWMRN
                 	STS  @0+(@1),R@2
                 	STS  @0+(@1)+1,R@3
                 	.ENDM
                 
                 	.MACRO __PUTBZR
                 	STD  Z+@1,R@0
                 	.ENDM
                 
                 	.MACRO __PUTWZR
                 	STD  Z+@2,R@0
                 	STD  Z+@2+1,R@1
                 	.ENDM
                 
                 	.MACRO __GETW1R
                 	MOV  R30,R@0
                 	MOV  R31,R@1
                 	.ENDM
                 
                 	.MACRO __GETW2R
                 	MOV  R26,R@0
                 	MOV  R27,R@1
                 	.ENDM
                 
                 	.MACRO __GETWRN
                 	LDI  R@0,LOW(@2)
                 	LDI  R@1,HIGH(@2)
                 	.ENDM
                 
                 	.MACRO __PUTW1R
                 	MOV  R@0,R30
                 	MOV  R@1,R31
                 	.ENDM
                 
                 	.MACRO __PUTW2R
                 	MOV  R@0,R26
                 	MOV  R@1,R27
                 	.ENDM
                 
                 	.MACRO __ADDWRN
                 	SUBI R@0,LOW(-@2)
                 	SBCI R@1,HIGH(-@2)
                 	.ENDM
                 
                 	.MACRO __ADDWRR
                 	ADD  R@0,R@2
                 	ADC  R@1,R@3
                 	.ENDM
                 
                 	.MACRO __SUBWRN
                 	SUBI R@0,LOW(@2)
                 	SBCI R@1,HIGH(@2)
                 	.ENDM
                 
                 	.MACRO __SUBWRR
                 	SUB  R@0,R@2
                 	SBC  R@1,R@3
                 	.ENDM
                 
                 	.MACRO __ANDWRN
                 	ANDI R@0,LOW(@2)
                 	ANDI R@1,HIGH(@2)
                 	.ENDM
                 
                 	.MACRO __ANDWRR
                 	AND  R@0,R@2
                 	AND  R@1,R@3
                 	.ENDM
                 
                 	.MACRO __ORWRN
                 	ORI  R@0,LOW(@2)
                 	ORI  R@1,HIGH(@2)
                 	.ENDM
                 
                 	.MACRO __ORWRR
                 	OR   R@0,R@2
                 	OR   R@1,R@3
                 	.ENDM
                 
                 	.MACRO __EORWRR
                 	EOR  R@0,R@2
                 	EOR  R@1,R@3
                 	.ENDM
                 
                 	.MACRO __GETWRS
                 	LDD  R@0,Y+@2
                 	LDD  R@1,Y+@2+1
                 	.ENDM
                 
                 	.MACRO __PUTBSR
                 	STD  Y+@1,R@0
                 	.ENDM
                 
                 	.MACRO __PUTWSR
                 	STD  Y+@2,R@0
                 	STD  Y+@2+1,R@1
                 	.ENDM
                 
                 	.MACRO __MOVEWRR
                 	MOV  R@0,R@2
                 	MOV  R@1,R@3
                 	.ENDM
                 
                 	.MACRO __INWR
                 	IN   R@0,@2
                 	IN   R@1,@2+1
                 	.ENDM
                 
                 	.MACRO __OUTWR
                 	OUT  @2+1,R@1
                 	OUT  @2,R@0
                 	.ENDM
                 
                 	.MACRO __CALL1MN
                 	LDS  R30,@0+(@1)
                 	LDS  R31,@0+(@1)+1
                 	ICALL
                 	.ENDM
                 
                 	.MACRO __CALL1FN
                 	LDI  R30,LOW(2*@0+(@1))
                 	LDI  R31,HIGH(2*@0+(@1))
                 	CALL __GETW1PF
                 	ICALL
                 	.ENDM
                 
                 	.MACRO __CALL2EN
                 	PUSH R26
                 	PUSH R27
                 	LDI  R26,LOW(@0+(@1))
                 	LDI  R27,HIGH(@0+(@1))
                 	CALL __EEPROMRDW
                 	POP  R27
                 	POP  R26
                 	ICALL
                 	.ENDM
                 
                 	.MACRO __CALL2EX
                 	SUBI R26,LOW(-@0)
                 	SBCI R27,HIGH(-@0)
                 	CALL __EEPROMRDD
                 	ICALL
                 	.ENDM
                 
                 	.MACRO __GETW1STACK
                 	IN   R30,SPL
                 	IN   R31,SPH
                 	ADIW R30,@0+1
                 	LD   R0,Z+
                 	LD   R31,Z
                 	MOV  R30,R0
                 	.ENDM
                 
                 	.MACRO __GETD1STACK
                 	IN   R30,SPL
                 	IN   R31,SPH
                 	ADIW R30,@0+1
                 	LD   R0,Z+
                 	LD   R1,Z+
                 	LD   R22,Z
                 	MOVW R30,R0
                 	.ENDM
                 
                 	.MACRO __NBST
                 	BST  R@0,@1
                 	IN   R30,SREG
                 	LDI  R31,0x40
                 	EOR  R30,R31
                 	OUT  SREG,R30
                 	.ENDM
                 
                 
                 	.MACRO __PUTB1SN
                 	LDD  R26,Y+@0
                 	LDD  R27,Y+@0+1
                 	SUBI R26,LOW(-@1)
                 	SBCI R27,HIGH(-@1)
                 	ST   X,R30
                 	.ENDM
                 
                 	.MACRO __PUTW1SN
                 	LDD  R26,Y+@0
                 	LDD  R27,Y+@0+1
                 	SUBI R26,LOW(-@1)
                 	SBCI R27,HIGH(-@1)
                 	ST   X+,R30
                 	ST   X,R31
                 	.ENDM
                 
                 	.MACRO __PUTD1SN
                 	LDD  R26,Y+@0
                 	LDD  R27,Y+@0+1
                 	SUBI R26,LOW(-@1)
                 	SBCI R27,HIGH(-@1)
                 	CALL __PUTDP1
                 	.ENDM
                 
                 	.MACRO __PUTB1SNS
                 	LDD  R26,Y+@0
                 	LDD  R27,Y+@0+1
                 	ADIW R26,@1
                 	ST   X,R30
                 	.ENDM
                 
                 	.MACRO __PUTW1SNS
                 	LDD  R26,Y+@0
                 	LDD  R27,Y+@0+1
                 	ADIW R26,@1
                 	ST   X+,R30
                 	ST   X,R31
                 	.ENDM
                 
                 	.MACRO __PUTD1SNS
                 	LDD  R26,Y+@0
                 	LDD  R27,Y+@0+1
                 	ADIW R26,@1
                 	CALL __PUTDP1
                 	.ENDM
                 
                 	.MACRO __PUTB1PMN
                 	LDS  R26,@0
                 	LDS  R27,@0+1
                 	SUBI R26,LOW(-@1)
                 	SBCI R27,HIGH(-@1)
                 	ST   X,R30
                 	.ENDM
                 
                 	.MACRO __PUTW1PMN
                 	LDS  R26,@0
                 	LDS  R27,@0+1
                 	SUBI R26,LOW(-@1)
                 	SBCI R27,HIGH(-@1)
                 	ST   X+,R30
                 	ST   X,R31
                 	.ENDM
                 
                 	.MACRO __PUTD1PMN
                 	LDS  R26,@0
                 	LDS  R27,@0+1
                 	SUBI R26,LOW(-@1)
                 	SBCI R27,HIGH(-@1)
                 	CALL __PUTDP1
                 	.ENDM
                 
                 	.MACRO __PUTB1PMNS
                 	LDS  R26,@0
                 	LDS  R27,@0+1
                 	ADIW R26,@1
                 	ST   X,R30
                 	.ENDM
                 
                 	.MACRO __PUTW1PMNS
                 	LDS  R26,@0
                 	LDS  R27,@0+1
                 	ADIW R26,@1
                 	ST   X+,R30
                 	ST   X,R31
                 	.ENDM
                 
                 	.MACRO __PUTD1PMNS
                 	LDS  R26,@0
                 	LDS  R27,@0+1
                 	ADIW R26,@1
                 	CALL __PUTDP1
                 	.ENDM
                 
                 	.MACRO __PUTB1RN
                 	MOVW R26,R@0
                 	SUBI R26,LOW(-@1)
                 	SBCI R27,HIGH(-@1)
                 	ST   X,R30
                 	.ENDM
                 
                 	.MACRO __PUTW1RN
                 	MOVW R26,R@0
                 	SUBI R26,LOW(-@1)
                 	SBCI R27,HIGH(-@1)
                 	ST   X+,R30
                 	ST   X,R31
                 	.ENDM
                 
                 	.MACRO __PUTD1RN
                 	MOVW R26,R@0
                 	SUBI R26,LOW(-@1)
                 	SBCI R27,HIGH(-@1)
                 	CALL __PUTDP1
                 	.ENDM
                 
                 	.MACRO __PUTB1RNS
                 	MOVW R26,R@0
                 	ADIW R26,@1
                 	ST   X,R30
                 	.ENDM
                 
                 	.MACRO __PUTW1RNS
                 	MOVW R26,R@0
                 	ADIW R26,@1
                 	ST   X+,R30
                 	ST   X,R31
                 	.ENDM
                 
                 	.MACRO __PUTD1RNS
                 	MOVW R26,R@0
                 	ADIW R26,@1
                 	CALL __PUTDP1
                 	.ENDM
                 
                 	.MACRO __PUTB1RON
                 	MOV  R26,R@0
                 	MOV  R27,R@1
                 	SUBI R26,LOW(-@2)
                 	SBCI R27,HIGH(-@2)
                 	ST   X,R30
                 	.ENDM
                 
                 	.MACRO __PUTW1RON
                 	MOV  R26,R@0
                 	MOV  R27,R@1
                 	SUBI R26,LOW(-@2)
                 	SBCI R27,HIGH(-@2)
                 	ST   X+,R30
                 	ST   X,R31
                 	.ENDM
                 
                 	.MACRO __PUTD1RON
                 	MOV  R26,R@0
                 	MOV  R27,R@1
                 	SUBI R26,LOW(-@2)
                 	SBCI R27,HIGH(-@2)
                 	CALL __PUTDP1
                 	.ENDM
                 
                 	.MACRO __PUTB1RONS
                 	MOV  R26,R@0
                 	MOV  R27,R@1
                 	ADIW R26,@2
                 	ST   X,R30
                 	.ENDM
                 
                 	.MACRO __PUTW1RONS
                 	MOV  R26,R@0
                 	MOV  R27,R@1
                 	ADIW R26,@2
                 	ST   X+,R30
                 	ST   X,R31
                 	.ENDM
                 
                 	.MACRO __PUTD1RONS
                 	MOV  R26,R@0
                 	MOV  R27,R@1
                 	ADIW R26,@2
                 	CALL __PUTDP1
                 	.ENDM
                 
                 
                 	.MACRO __GETB1SX
                 	MOVW R30,R28
                 	SUBI R30,LOW(-@0)
                 	SBCI R31,HIGH(-@0)
                 	LD   R30,Z
                 	.ENDM
                 
                 	.MACRO __GETB1HSX
                 	MOVW R30,R28
                 	SUBI R30,LOW(-@0)
                 	SBCI R31,HIGH(-@0)
                 	LD   R31,Z
                 	.ENDM
                 
                 	.MACRO __GETW1SX
                 	MOVW R30,R28
                 	SUBI R30,LOW(-@0)
                 	SBCI R31,HIGH(-@0)
                 	LD   R0,Z+
                 	LD   R31,Z
                 	MOV  R30,R0
                 	.ENDM
                 
                 	.MACRO __GETD1SX
                 	MOVW R30,R28
                 	SUBI R30,LOW(-@0)
                 	SBCI R31,HIGH(-@0)
                 	LD   R0,Z+
                 	LD   R1,Z+
                 	LD   R22,Z+
                 	LD   R23,Z
                 	MOVW R30,R0
                 	.ENDM
                 
                 	.MACRO __GETB2SX
                 	MOVW R26,R28
                 	SUBI R26,LOW(-@0)
                 	SBCI R27,HIGH(-@0)
                 	LD   R26,X
                 	.ENDM
                 
                 	.MACRO __GETW2SX
                 	MOVW R26,R28
                 	SUBI R26,LOW(-@0)
                 	SBCI R27,HIGH(-@0)
                 	LD   R0,X+
                 	LD   R27,X
                 	MOV  R26,R0
                 	.ENDM
                 
                 	.MACRO __GETD2SX
                 	MOVW R26,R28
                 	SUBI R26,LOW(-@0)
                 	SBCI R27,HIGH(-@0)
                 	LD   R0,X+
                 	LD   R1,X+
                 	LD   R24,X+
                 	LD   R25,X
                 	MOVW R26,R0
                 	.ENDM
                 
                 	.MACRO __GETBRSX
                 	MOVW R30,R28
                 	SUBI R30,LOW(-@1)
                 	SBCI R31,HIGH(-@1)
                 	LD   R@0,Z
                 	.ENDM
                 
                 	.MACRO __GETWRSX
                 	MOVW R30,R28
                 	SUBI R30,LOW(-@2)
                 	SBCI R31,HIGH(-@2)
                 	LD   R@0,Z+
                 	LD   R@1,Z
                 	.ENDM
                 
                 	.MACRO __GETBRSX2
                 	MOVW R26,R28
                 	SUBI R26,LOW(-@1)
                 	SBCI R27,HIGH(-@1)
                 	LD   R@0,X
                 	.ENDM
                 
                 	.MACRO __GETWRSX2
                 	MOVW R26,R28
                 	SUBI R26,LOW(-@2)
                 	SBCI R27,HIGH(-@2)
                 	LD   R@0,X+
                 	LD   R@1,X
                 	.ENDM
                 
                 	.MACRO __LSLW8SX
                 	MOVW R30,R28
                 	SUBI R30,LOW(-@0)
                 	SBCI R31,HIGH(-@0)
                 	LD   R31,Z
                 	CLR  R30
                 	.ENDM
                 
                 	.MACRO __PUTB1SX
                 	MOVW R26,R28
                 	SUBI R26,LOW(-@0)
                 	SBCI R27,HIGH(-@0)
                 	ST   X,R30
                 	.ENDM
                 
                 	.MACRO __PUTW1SX
                 	MOVW R26,R28
                 	SUBI R26,LOW(-@0)
                 	SBCI R27,HIGH(-@0)
                 	ST   X+,R30
                 	ST   X,R31
                 	.ENDM
                 
                 	.MACRO __PUTD1SX
                 	MOVW R26,R28
                 	SUBI R26,LOW(-@0)
                 	SBCI R27,HIGH(-@0)
                 	ST   X+,R30
                 	ST   X+,R31
                 	ST   X+,R22
                 	ST   X,R23
                 	.ENDM
                 
                 	.MACRO __CLRW1SX
                 	MOVW R26,R28
                 	SUBI R26,LOW(-@0)
                 	SBCI R27,HIGH(-@0)
                 	ST   X+,R30
                 	ST   X,R30
                 	.ENDM
                 
                 	.MACRO __CLRD1SX
                 	MOVW R26,R28
                 	SUBI R26,LOW(-@0)
                 	SBCI R27,HIGH(-@0)
                 	ST   X+,R30
                 	ST   X+,R30
                 	ST   X+,R30
                 	ST   X,R30
                 	.ENDM
                 
                 	.MACRO __PUTB2SX
                 	MOVW R30,R28
                 	SUBI R30,LOW(-@0)
                 	SBCI R31,HIGH(-@0)
                 	ST   Z,R26
                 	.ENDM
                 
                 	.MACRO __PUTW2SX
                 	MOVW R30,R28
                 	SUBI R30,LOW(-@0)
                 	SBCI R31,HIGH(-@0)
                 	ST   Z+,R26
                 	ST   Z,R27
                 	.ENDM
                 
                 	.MACRO __PUTD2SX
                 	MOVW R30,R28
                 	SUBI R30,LOW(-@0)
                 	SBCI R31,HIGH(-@0)
                 	ST   Z+,R26
                 	ST   Z+,R27
                 	ST   Z+,R24
                 	ST   Z,R25
                 	.ENDM
                 
                 	.MACRO __PUTBSRX
                 	MOVW R30,R28
                 	SUBI R30,LOW(-@1)
                 	SBCI R31,HIGH(-@1)
                 	ST   Z,R@0
                 	.ENDM
                 
                 	.MACRO __PUTWSRX
                 	MOVW R30,R28
                 	SUBI R30,LOW(-@2)
                 	SBCI R31,HIGH(-@2)
                 	ST   Z+,R@0
                 	ST   Z,R@1
                 	.ENDM
                 
                 	.MACRO __PUTB1SNX
                 	MOVW R26,R28
                 	SUBI R26,LOW(-@0)
                 	SBCI R27,HIGH(-@0)
                 	LD   R0,X+
                 	LD   R27,X
                 	MOV  R26,R0
                 	SUBI R26,LOW(-@1)
                 	SBCI R27,HIGH(-@1)
                 	ST   X,R30
                 	.ENDM
                 
                 	.MACRO __PUTW1SNX
                 	MOVW R26,R28
                 	SUBI R26,LOW(-@0)
                 	SBCI R27,HIGH(-@0)
                 	LD   R0,X+
                 	LD   R27,X
                 	MOV  R26,R0
                 	SUBI R26,LOW(-@1)
                 	SBCI R27,HIGH(-@1)
                 	ST   X+,R30
                 	ST   X,R31
                 	.ENDM
                 
                 	.MACRO __PUTD1SNX
                 	MOVW R26,R28
                 	SUBI R26,LOW(-@0)
                 	SBCI R27,HIGH(-@0)
                 	LD   R0,X+
                 	LD   R27,X
                 	MOV  R26,R0
                 	SUBI R26,LOW(-@1)
                 	SBCI R27,HIGH(-@1)
                 	ST   X+,R30
                 	ST   X+,R31
                 	ST   X+,R22
                 	ST   X,R23
                 	.ENDM
                 
                 	.MACRO __MULBRR
                 	MULS R@0,R@1
                 	MOVW R30,R0
                 	.ENDM
                 
                 	.MACRO __MULBRRU
                 	MUL  R@0,R@1
                 	MOVW R30,R0
                 	.ENDM
                 
                 	.MACRO __MULBRR0
                 	MULS R@0,R@1
                 	.ENDM
                 
                 	.MACRO __MULBRRU0
                 	MUL  R@0,R@1
                 	.ENDM
                 
                 	.MACRO __MULBNWRU
                 	LDI  R26,@2
                 	MUL  R26,R@0
                 	MOVW R30,R0
                 	MUL  R26,R@1
                 	ADD  R31,R0
                 	.ENDM
                 
                 	.CSEG
                 	.ORG 0x00
                 
                 ;START OF CODE MARKER
                 __START_OF_CODE:
                 
                 ;INTERRUPT VECTORS
000000 940c 0052 	JMP  __RESET
000002 940c 0000 	JMP  0x00
000004 940c 0000 	JMP  0x00
000006 940c 0000 	JMP  0x00
000008 940c 0000 	JMP  0x00
00000a 940c 0000 	JMP  0x00
00000c 940c 0000 	JMP  0x00
00000e 940c 0000 	JMP  0x00
000010 940c 0000 	JMP  0x00
000012 940c 0000 	JMP  0x00
000014 940c 0000 	JMP  0x00
000016 940c 0000 	JMP  0x00
000018 940c 0000 	JMP  0x00
00001a 940c 0000 	JMP  0x00
00001c 940c 0000 	JMP  0x00
00001e 940c 0000 	JMP  0x00
000020 940c 0000 	JMP  0x00
000022 940c 0000 	JMP  0x00
000024 940c 0000 	JMP  0x00
000026 940c 0000 	JMP  0x00
000028 940c 0000 	JMP  0x00
                 
                 _Code:
00002a 81ff
00002b eeee
00002c 81ee
00002d ffff      	.DB  0xFF,0x81,0xEE,0xEE,0xEE,0x81,0xFF,0xFF
00002e ffff
00002f ffff
000030 80ff
000031 b6b6      	.DB  0xFF,0xFF,0xFF,0xFF,0xFF,0x80,0xB6,0xB6
000032 c9b6
000033 ffff
000034 ffff
000035 ffff      	.DB  0xB6,0xC9,0xFF,0xFF,0xFF,0xFF,0xFF,0xFF
000036 c1ff
000037 bebe
000038 ddbe
000039 ffff      	.DB  0xFF,0xC1,0xBE,0xBE,0xBE,0xDD,0xFF,0xFF
00003a ffff
00003b ffff
00003c 80ff
00003d bebe      	.DB  0xFF,0xFF,0xFF,0xFF,0xFF,0x80,0xBE,0xBE
00003e c1be
00003f ffff
000040 ffff
000041 ffff      	.DB  0xBE,0xC1,0xFF,0xFF,0xFF,0xFF,0xFF,0xFF
000042 80ff
000043 b6b6
000044 beb6
000045 ffff      	.DB  0xFF,0x80,0xB6,0xB6,0xB6,0xBE,0xFF,0xFF
000046 ffff
000047 ffff
000048 80ff
000049 f6f6      	.DB  0xFF,0xFF,0xFF,0xFF,0xFF,0x80,0xF6,0xF6
00004a fef6
00004b ffff
00004c ffff
00004d ffff      	.DB  0xF6,0xFE,0xFF,0xFF,0xFF,0xFF,0xFF,0xFF
00004e ffff
00004f ffff
000050 ffff
000051 ffff      	.DB  0xFF,0xFF,0xFF,0xFF,0xFF,0xFF,0xFF,0xFF
                 
                 __RESET:
000052 94f8      	CLI
000053 27ee      	CLR  R30
000054 bbec      	OUT  EECR,R30
                 
                 ;INTERRUPT VECTORS ARE PLACED
                 ;AT THE START OF FLASH
000055 e0f1      	LDI  R31,1
000056 bffb      	OUT  GICR,R31
000057 bfeb      	OUT  GICR,R30
000058 bfe5      	OUT  MCUCR,R30
                 
                 ;CLEAR R2-R14
000059 e08d      	LDI  R24,(14-2)+1
00005a e0a2      	LDI  R26,2
00005b 27bb      	CLR  R27
                 __CLEAR_REG:
00005c 93ed      	ST   X+,R30
00005d 958a      	DEC  R24
00005e f7e9      	BRNE __CLEAR_REG
                 
                 ;CLEAR SRAM
00005f e080      	LDI  R24,LOW(__CLEAR_SRAM_SIZE)
000060 e098      	LDI  R25,HIGH(__CLEAR_SRAM_SIZE)
000061 e6a0      	LDI  R26,__SRAM_START
                 __CLEAR_SRAM:
000062 93ed      	ST   X+,R30
000063 9701      	SBIW R24,1
000064 f7e9      	BRNE __CLEAR_SRAM
                 
                 ;HARDWARE STACK POINTER INITIALIZATION
000065 e5ef      	LDI  R30,LOW(__SRAM_END-__HEAP_SIZE)
000066 bfed      	OUT  SPL,R30
000067 e0e8      	LDI  R30,HIGH(__SRAM_END-__HEAP_SIZE)
000068 bfee      	OUT  SPH,R30
                 
                 ;DATA STACK POINTER INITIALIZATION
000069 e6c0      	LDI  R28,LOW(__SRAM_START+__DSTACK_SIZE)
00006a e0d2      	LDI  R29,HIGH(__SRAM_START+__DSTACK_SIZE)
                 
00006b 940c 006d 	JMP  _main
                 
                 	.ESEG
                 	.ORG 0
                 
                 	.DSEG
                 	.ORG 0x260
                 
                 	.CSEG
                 ;/*******************************************************
                 ;This program was created by the
                 ;CodeWizardAVR V3.12 Advanced
                 ;Automatic Program Generator
                 ;© Copyright 1998-2014 Pavel Haiduc, HP InfoTech s.r.l.
                 ;http://www.hpinfotech.com
                 ;
                 ;Project :
                 ;Version :
                 ;Date    : 3/15/2022
                 ;Author  :
                 ;Company :
                 ;Comments:
                 ;
                 ;
                 ;Chip type               : ATmega32
                 ;Program type            : Application
                 ;AVR Core Clock frequency: 8.000000 MHz
                 ;Memory model            : Small
                 ;External RAM size       : 0
                 ;Data Stack size         : 512
                 ;*******************************************************/
                 ;
                 ;#include <mega32.h>
                 	#ifndef __SLEEP_DEFINED__
                 	#define __SLEEP_DEFINED__
                 	.EQU __se_bit=0x80
                 	.EQU __sm_mask=0x70
                 	.EQU __sm_powerdown=0x20
                 	.EQU __sm_powersave=0x30
                 	.EQU __sm_standby=0x60
                 	.EQU __sm_ext_standby=0x70
                 	.EQU __sm_adc_noise_red=0x10
                 	.SET power_ctrl_reg=mcucr
                 	#endif
                 ;#include <delay.h>
                 ;
                 ;const unsigned char Code[80]=
                 ;{
                 ;    0xFF,    //    0001        # # # # # # # #
                 ;    0x81,    //    0002        # . . . . . . #
                 ;    0xEE,    //    0003        # # # . # # # .
                 ;    0xEE,    //    0004        # # # . # # # .
                 ;    0xEE,    //    0005        # # # . # # # .
                 ;    0x81,    //    0006        # . . . . . . #
                 ;    0xFF,    //    0007        # # # # # # # #
                 ;    0xFF,    //    0008        # # # # # # # #
                 ;    0xFF,    //    0009        # # # # # # # #
                 ;    0xFF,    //    000A        # # # # # # # #
                 ;    0xFF,    //    000B        # # # # # # # #
                 ;    0xFF,    //    000C        # # # # # # # #
                 ;    0xFF,    //    000D        # # # # # # # #
                 ;    0x80,    //    000E        # . . . . . . .
                 ;    0xB6,    //    000F        # . # # . # # .
                 ;    0xB6,    //    0010        # . # # . # # .
                 ;    0xB6,    //    0011        # . # # . # # .
                 ;    0xC9,    //    0012        # # . . # . . #
                 ;    0xFF,    //    0013        # # # # # # # #
                 ;    0xFF,    //    0014        # # # # # # # #
                 ;    0xFF,    //    0015        # # # # # # # #
                 ;    0xFF,    //    0016        # # # # # # # #
                 ;    0xFF,    //    0017        # # # # # # # #
                 ;    0xFF,    //    0018        # # # # # # # #
                 ;    0xFF,    //    0019        # # # # # # # #
                 ;    0xC1,    //    001A        # # . . . . . #
                 ;    0xBE,    //    001B        # . # # # # # .
                 ;    0xBE,    //    001C        # . # # # # # .
                 ;    0xBE,    //    001D        # . # # # # # .
                 ;    0xDD,    //    001E        # # . # # # . #
                 ;    0xFF,    //    001F        # # # # # # # #
                 ;    0xFF,    //    0020        # # # # # # # #
                 ;    0xFF,    //    0021        # # # # # # # #
                 ;    0xFF,    //    0022        # # # # # # # #
                 ;    0xFF,    //    0023        # # # # # # # #
                 ;    0xFF,    //    0024        # # # # # # # #
                 ;    0xFF,    //    0025        # # # # # # # #
                 ;    0x80,    //    0026        # . . . . . . .
                 ;    0xBE,    //    0027        # . # # # # # .
                 ;    0xBE,    //    0028        # . # # # # # .
                 ;    0xBE,    //    0029        # . # # # # # .
                 ;    0xC1,    //    002A        # # . . . . . #
                 ;    0xFF,    //    002B        # # # # # # # #
                 ;    0xFF,    //    002C        # # # # # # # #
                 ;    0xFF,    //    002D        # # # # # # # #
                 ;    0xFF,    //    002E        # # # # # # # #
                 ;    0xFF,    //    002F        # # # # # # # #
                 ;    0xFF,    //    0030        # # # # # # # #
                 ;    0xFF,    //    0031        # # # # # # # #
                 ;    0x80,    //    0032        # . . . . . . .
                 ;    0xB6,    //    0033        # . # # . # # .
                 ;    0xB6,    //    0034        # . # # . # # .
                 ;    0xB6,    //    0035        # . # # . # # .
                 ;    0xBE,    //    0036        # . # # # # # .
                 ;    0xFF,    //    0037        # # # # # # # #
                 ;    0xFF,    //    0038        # # # # # # # #
                 ;    0xFF,    //    0039        # # # # # # # #
                 ;    0xFF,    //    003A        # # # # # # # #
                 ;    0xFF,    //    003B        # # # # # # # #
                 ;    0xFF,    //    003C        # # # # # # # #
                 ;    0xFF,    //    003D        # # # # # # # #
                 ;    0x80,    //    003E        # . . . . . . .
                 ;    0xF6,    //    003F        # # # # . # # .
                 ;    0xF6,    //    0040        # # # # . # # .
                 ;	0xF6,	//	0041		# # # # . # # .
                 ;	0xFE,	//	0042		# # # # # # # .
                 ;	0xFF,	//	0043		# # # # # # # #
                 ;	0xFF,	//	0044		# # # # # # # #
                 ;	0xFF,	//	0045		# # # # # # # #
                 ;	0xFF,	//	0046		# # # # # # # #
                 ;	0xFF,	//	0047		# # # # # # # #
                 ;	0xFF,	//	0048		# # # # # # # #
                 ;	0xFF,	//	0043		# # # # # # # #
                 ;	0xFF,	//	0044		# # # # # # # #
                 ;	0xFF,	//	0045		# # # # # # # #
                 ;	0xFF,	//	0046		# # # # # # # #
                 ;	0xFF,	//	0047		# # # # # # # #
                 ;	0xFF,	//	0048		# # # # # # # #
                 ;    0xFF,	//	0047		# # # # # # # #
                 ;	0xFF,	//	0048		# # # # # # # #
                 ;};
                 ;
                 ;void main(void)
                 ; 0000 0070 {
                 
                 	.CSEG
                 _main:
                 ; .FSTART _main
                 ; 0000 0071 
                 ; 0000 0072 // Input/Output Ports initialization
                 ; 0000 0073 // Port A initialization
                 ; 0000 0074 // Function: Bit7=In Bit6=In Bit5=In Bit4=In Bit3=In Bit2=In Bit1=In Bit0=In
                 ; 0000 0075 DDRA=(0<<DDA7) | (0<<DDA6) | (0<<DDA5) | (0<<DDA4) | (0<<DDA3) | (0<<DDA2) | (0<<DDA1) | (0<<DDA0);
00006d e0e0      	LDI  R30,LOW(0)
00006e bbea      	OUT  0x1A,R30
                 ; 0000 0076 // State: Bit7=T Bit6=T Bit5=T Bit4=T Bit3=T Bit2=T Bit1=T Bit0=T
                 ; 0000 0077 PORTA=(0<<PORTA7) | (0<<PORTA6) | (0<<PORTA5) | (0<<PORTA4) | (0<<PORTA3) | (0<<PORTA2) | (0<<PORTA1) | (0<<PORTA0);
00006f bbeb      	OUT  0x1B,R30
                 ; 0000 0078 
                 ; 0000 0079 // Port B initialization
                 ; 0000 007A // Function: Bit7=Out Bit6=Out Bit5=Out Bit4=Out Bit3=Out Bit2=Out Bit1=Out Bit0=Out
                 ; 0000 007B DDRB=(1<<DDB7) | (1<<DDB6) | (1<<DDB5) | (1<<DDB4) | (1<<DDB3) | (1<<DDB2) | (1<<DDB1) | (1<<DDB0);
000070 efef      	LDI  R30,LOW(255)
000071 bbe7      	OUT  0x17,R30
                 ; 0000 007C // State: Bit7=0 Bit6=0 Bit5=0 Bit4=0 Bit3=0 Bit2=0 Bit1=0 Bit0=0
                 ; 0000 007D PORTB=(0<<PORTB7) | (0<<PORTB6) | (0<<PORTB5) | (0<<PORTB4) | (0<<PORTB3) | (0<<PORTB2) | (0<<PORTB1) | (0<<PORTB0);
000072 e0e0      	LDI  R30,LOW(0)
000073 bbe8      	OUT  0x18,R30
                 ; 0000 007E 
                 ; 0000 007F // Port C initialization
                 ; 0000 0080 // Function: Bit7=Out Bit6=Out Bit5=Out Bit4=Out Bit3=Out Bit2=Out Bit1=Out Bit0=Out
                 ; 0000 0081 DDRC=(1<<DDC7) | (1<<DDC6) | (1<<DDC5) | (1<<DDC4) | (1<<DDC3) | (1<<DDC2) | (1<<DDC1) | (1<<DDC0);
000074 efef      	LDI  R30,LOW(255)
000075 bbe4      	OUT  0x14,R30
                 ; 0000 0082 // State: Bit7=0 Bit6=0 Bit5=0 Bit4=0 Bit3=0 Bit2=0 Bit1=0 Bit0=0
                 ; 0000 0083 PORTC=(0<<PORTC7) | (0<<PORTC6) | (0<<PORTC5) | (0<<PORTC4) | (0<<PORTC3) | (0<<PORTC2) | (0<<PORTC1) | (0<<PORTC0);
000076 e0e0      	LDI  R30,LOW(0)
000077 bbe5      	OUT  0x15,R30
                 ; 0000 0084 
                 ; 0000 0085 // Port D initialization
                 ; 0000 0086 // Function: Bit7=Out Bit6=Out Bit5=Out Bit4=Out Bit3=Out Bit2=Out Bit1=Out Bit0=Out
                 ; 0000 0087 DDRD=(1<<DDD7) | (1<<DDD6) | (1<<DDD5) | (1<<DDD4) | (1<<DDD3) | (1<<DDD2) | (1<<DDD1) | (1<<DDD0);
000078 efef      	LDI  R30,LOW(255)
000079 bbe1      	OUT  0x11,R30
                 ; 0000 0088 // State: Bit7=0 Bit6=0 Bit5=0 Bit4=0 Bit3=0 Bit2=0 Bit1=0 Bit0=0
                 ; 0000 0089 PORTD=(0<<PORTD7) | (0<<PORTD6) | (0<<PORTD5) | (0<<PORTD4) | (0<<PORTD3) | (0<<PORTD2) | (0<<PORTD1) | (0<<PORTD0);
00007a e0e0      	LDI  R30,LOW(0)
00007b bbe2      	OUT  0x12,R30
                 ; 0000 008A 
                 ; 0000 008B while (1) {
                 _0x3:
                 ; 0000 008C 
                 ; 0000 008D     unsigned long i, offset = 4000000 + 65;
                 ; 0000 008E     for (; offset >= 0; offset--) {
00007c 9728      	SBIW R28,8
00007d e4e1      	LDI  R30,LOW(65)
00007e 83e8      	ST   Y,R30
00007f e0e9      	LDI  R30,LOW(9)
000080 83e9      	STD  Y+1,R30
000081 e3ed      	LDI  R30,LOW(61)
000082 83ea      	STD  Y+2,R30
000083 e0e0      	LDI  R30,LOW(0)
000084 83eb      	STD  Y+3,R30
                 ;	i -> Y+4
                 ;	offset -> Y+0
                 _0x7:
000085 940e 0158 	CALL __GETD2S0
000087 940e 0162 	CALL __CPD20
000089 f408      	BRSH PC+2
00008a c04f      	RJMP _0x8
                 ; 0000 008F         int repeat = 0;
                 ; 0000 0090         for (; repeat < 5; repeat++) {
00008b 9722      	SBIW R28,2
00008c e0e0      	LDI  R30,LOW(0)
00008d 83e8      	ST   Y,R30
00008e 83e9      	STD  Y+1,R30
                 ;	i -> Y+6
                 ;	offset -> Y+2
                 ;	repeat -> Y+0
                 _0xA:
00008f 81a8      	LD   R26,Y
000090 81b9      	LDD  R27,Y+1
000091 9715      	SBIW R26,5
000092 f00c      	BRLT PC+2
000093 c03d      	RJMP _0xB
                 ; 0000 0091             unsigned long scan = 0b01;
                 ; 0000 0092             PORTB = 0; //C9-C16
000094 9724      	SBIW R28,4
000095 e0e1      	LDI  R30,LOW(1)
000096 83e8      	ST   Y,R30
000097 e0e0      	LDI  R30,LOW(0)
000098 83e9      	STD  Y+1,R30
000099 83ea      	STD  Y+2,R30
00009a 83eb      	STD  Y+3,R30
                 ;	i -> Y+10
                 ;	offset -> Y+6
                 ;	repeat -> Y+4
                 ;	scan -> Y+0
00009b bbe8      	OUT  0x18,R30
                 ; 0000 0093             for (i = 0; i < 8; i++) {
                +
00009c 87ea     +STD Y + 10 , R30
00009d 87eb     +STD Y + 10 + 1 , R30
00009e 87ec     +STD Y + 10 + 2 , R30
00009f 87ed     +STD Y + 10 + 3 , R30
                 	__CLRD1S 10
                 _0xD:
0000a0 d03c      	RCALL SUBOPT_0x0
                +
0000a1 30a8     +CPI R26 , LOW ( 0x8 )
0000a2 e0e0     +LDI R30 , HIGH ( 0x8 )
0000a3 07be     +CPC R27 , R30
0000a4 e0e0     +LDI R30 , BYTE3 ( 0x8 )
0000a5 078e     +CPC R24 , R30
0000a6 e0e0     +LDI R30 , BYTE4 ( 0x8 )
0000a7 079e     +CPC R25 , R30
                 	__CPD2N 0x8
0000a8 f428      	BRSH _0xE
                 ; 0000 0094                 PORTD = scan & 0xFF;
0000a9 81e8      	LD   R30,Y
0000aa bbe2      	OUT  0x12,R30
                 ; 0000 0095                 PORTC = Code[(i + offset) % 80];
0000ab d036      	RCALL SUBOPT_0x1
                 ; 0000 0096                 scan <<= 1;
                 ; 0000 0097                 delay_ms(2);
                 ; 0000 0098             }
0000ac d050      	RCALL SUBOPT_0x2
0000ad cff2      	RJMP _0xD
                 _0xE:
                 ; 0000 0099             PORTD = 0; //C1-C8
0000ae e0e0      	LDI  R30,LOW(0)
0000af bbe2      	OUT  0x12,R30
                 ; 0000 009A             for (i = 8; i < 16; i++) {
                +
0000b0 e0e8     +LDI R30 , LOW ( 0x8 )
0000b1 e0f0     +LDI R31 , HIGH ( 0x8 )
0000b2 e060     +LDI R22 , BYTE3 ( 0x8 )
0000b3 e070     +LDI R23 , BYTE4 ( 0x8 )
                 	__GETD1N 0x8
                +
0000b4 87ea     +STD Y + 10 , R30
0000b5 87fb     +STD Y + 10 + 1 , R31
0000b6 876c     +STD Y + 10 + 2 , R22
0000b7 877d     +STD Y + 10 + 3 , R23
                 	__PUTD1S 10
                 _0x10:
0000b8 d024      	RCALL SUBOPT_0x0
                +
0000b9 31a0     +CPI R26 , LOW ( 0x10 )
0000ba e0e0     +LDI R30 , HIGH ( 0x10 )
0000bb 07be     +CPC R27 , R30
0000bc e0e0     +LDI R30 , BYTE3 ( 0x10 )
0000bd 078e     +CPC R24 , R30
0000be e0e0     +LDI R30 , BYTE4 ( 0x10 )
0000bf 079e     +CPC R25 , R30
                 	__CPD2N 0x10
0000c0 f448      	BRSH _0x11
                 ; 0000 009B                 PORTB = scan >> 8;
0000c1 940e 0158 	CALL __GETD2S0
0000c3 e0e8      	LDI  R30,LOW(8)
0000c4 940e 0119 	CALL __LSRD12
0000c6 bbe8      	OUT  0x18,R30
                 ; 0000 009C                 PORTC = Code[(i + offset) % 80];
0000c7 d01a      	RCALL SUBOPT_0x1
                 ; 0000 009D                 scan <<= 1;
                 ; 0000 009E                 delay_ms(2);
                 ; 0000 009F             }
0000c8 d034      	RCALL SUBOPT_0x2
0000c9 cfee      	RJMP _0x10
                 _0x11:
                 ; 0000 00A0         }
0000ca 9624      	ADIW R28,4
0000cb 81e8      	LD   R30,Y
0000cc 81f9      	LDD  R31,Y+1
0000cd 9631      	ADIW R30,1
0000ce 83e8      	ST   Y,R30
0000cf 83f9      	STD  Y+1,R31
0000d0 cfbe      	RJMP _0xA
                 _0xB:
                 ; 0000 00A1     }
0000d1 9622      	ADIW R28,2
0000d2 940e 0153 	CALL __GETD1S0
0000d4 9731      	SBIW R30,1
0000d5 4060      	SBCI R22,0
0000d6 4070      	SBCI R23,0
0000d7 940e 015d 	CALL __PUTD1S0
0000d9 cfab      	RJMP _0x7
                 _0x8:
                 ; 0000 00A2 
                 ; 0000 00A3 }
0000da 9628      	ADIW R28,8
0000db cfa0      	RJMP _0x3
                 ; 0000 00A4 
                 ; 0000 00A5 }
                 _0x12:
0000dc cfff      	RJMP _0x12
                 ; .FEND
                 
                 	.CSEG
                 ;OPTIMIZER ADDED SUBROUTINE, CALLED 4 TIMES, CODE SIZE REDUCTION:3 WORDS
                 SUBOPT_0x0:
                +
0000dd 85aa     +LDD R26 , Y + 10
0000de 85bb     +LDD R27 , Y + 10 + 1
0000df 858c     +LDD R24 , Y + 10 + 2
0000e0 859d     +LDD R25 , Y + 10 + 3
                 	__GETD2S 10
0000e1 9508      	RET
                 
                 ;OPTIMIZER ADDED SUBROUTINE, CALLED 2 TIMES, CODE SIZE REDUCTION:27 WORDS
                 SUBOPT_0x1:
                +
0000e2 81ee     +LDD R30 , Y + 6
0000e3 81ff     +LDD R31 , Y + 6 + 1
0000e4 8568     +LDD R22 , Y + 6 + 2
0000e5 8579     +LDD R23 , Y + 6 + 3
                 	__GETD1S 6
0000e6 dff6      	RCALL SUBOPT_0x0
0000e7 940e 0114 	CALL __ADDD21
                +
0000e9 e5e0     +LDI R30 , LOW ( 0x50 )
0000ea e0f0     +LDI R31 , HIGH ( 0x50 )
0000eb e060     +LDI R22 , BYTE3 ( 0x50 )
0000ec e070     +LDI R23 , BYTE4 ( 0x50 )
                 	__GETD1N 0x50
0000ed 940e 014f 	CALL __MODD21U
0000ef 5aec      	SUBI R30,LOW(-_Code*2)
0000f0 4fff      	SBCI R31,HIGH(-_Code*2)
0000f1 9004      	LPM  R0,Z
0000f2 ba05      	OUT  0x15,R0
0000f3 940e 0153 	CALL __GETD1S0
0000f5 940e 0125 	CALL __LSLD1
0000f7 940e 015d 	CALL __PUTD1S0
0000f9 e0a2      	LDI  R26,LOW(2)
0000fa e0b0      	LDI  R27,0
0000fb 940c 010a 	JMP  _delay_ms
                 
                 ;OPTIMIZER ADDED SUBROUTINE, CALLED 2 TIMES, CODE SIZE REDUCTION:7 WORDS
                 SUBOPT_0x2:
                +
0000fd 85ea     +LDD R30 , Y + 10
0000fe 85fb     +LDD R31 , Y + 10 + 1
0000ff 856c     +LDD R22 , Y + 10 + 2
000100 857d     +LDD R23 , Y + 10 + 3
                 	__GETD1S 10
                +
000101 5fef     +SUBI R30 , LOW ( - 1 )
000102 4fff     +SBCI R31 , HIGH ( - 1 )
000103 4f6f     +SBCI R22 , BYTE3 ( - 1 )
000104 4f7f     +SBCI R23 , BYTE4 ( - 1 )
                 	__SUBD1N -1
                +
000105 87ea     +STD Y + 10 , R30
000106 87fb     +STD Y + 10 + 1 , R31
000107 876c     +STD Y + 10 + 2 , R22
000108 877d     +STD Y + 10 + 3 , R23
                 	__PUTD1S 10
000109 9508      	RET
                 
                 
                 	.CSEG
                 _delay_ms:
00010a 9610      	adiw r26,0
00010b f039      	breq __delay_ms1
                 __delay_ms0:
                +
00010c ed80     +LDI R24 , LOW ( 0x7D0 )
00010d e097     +LDI R25 , HIGH ( 0x7D0 )
                +__DELAY_USW_LOOP :
00010e 9701     +SBIW R24 , 1
00010f f7f1     +BRNE __DELAY_USW_LOOP
                 	__DELAY_USW 0x7D0
000110 95a8      	wdr
000111 9711      	sbiw r26,1
000112 f7c9      	brne __delay_ms0
                 __delay_ms1:
000113 9508      	ret
                 
                 __ADDD21:
000114 0fae      	ADD  R26,R30
000115 1fbf      	ADC  R27,R31
000116 1f86      	ADC  R24,R22
000117 1f97      	ADC  R25,R23
000118 9508      	RET
                 
                 __LSRD12:
000119 23ee      	TST  R30
00011a 2e0e      	MOV  R0,R30
00011b 01fd      	MOVW R30,R26
00011c 01bc      	MOVW R22,R24
00011d f031      	BREQ __LSRD12R
                 __LSRD12L:
00011e 9576      	LSR  R23
00011f 9567      	ROR  R22
000120 95f7      	ROR  R31
000121 95e7      	ROR  R30
000122 940a      	DEC  R0
000123 f7d1      	BRNE __LSRD12L
                 __LSRD12R:
000124 9508      	RET
                 
                 __LSLD1:
000125 0fee      	LSL  R30
000126 1fff      	ROL  R31
000127 1f66      	ROL  R22
000128 1f77      	ROL  R23
000129 9508      	RET
                 
                 __DIVD21U:
00012a 933f      	PUSH R19
00012b 934f      	PUSH R20
00012c 935f      	PUSH R21
00012d 2400      	CLR  R0
00012e 2411      	CLR  R1
00012f 2744      	CLR  R20
000130 2755      	CLR  R21
000131 e230      	LDI  R19,32
                 __DIVD21U1:
000132 0faa      	LSL  R26
000133 1fbb      	ROL  R27
000134 1f88      	ROL  R24
000135 1f99      	ROL  R25
000136 1c00      	ROL  R0
000137 1c11      	ROL  R1
000138 1f44      	ROL  R20
000139 1f55      	ROL  R21
00013a 1a0e      	SUB  R0,R30
00013b 0a1f      	SBC  R1,R31
00013c 0b46      	SBC  R20,R22
00013d 0b57      	SBC  R21,R23
00013e f428      	BRCC __DIVD21U2
00013f 0e0e      	ADD  R0,R30
000140 1e1f      	ADC  R1,R31
000141 1f46      	ADC  R20,R22
000142 1f57      	ADC  R21,R23
000143 c001      	RJMP __DIVD21U3
                 __DIVD21U2:
000144 60a1      	SBR  R26,1
                 __DIVD21U3:
000145 953a      	DEC  R19
000146 f759      	BRNE __DIVD21U1
000147 01fd      	MOVW R30,R26
000148 01bc      	MOVW R22,R24
000149 01d0      	MOVW R26,R0
00014a 01ca      	MOVW R24,R20
00014b 915f      	POP  R21
00014c 914f      	POP  R20
00014d 913f      	POP  R19
00014e 9508      	RET
                 
                 __MODD21U:
00014f dfda      	RCALL __DIVD21U
000150 01fd      	MOVW R30,R26
000151 01bc      	MOVW R22,R24
000152 9508      	RET
                 
                 __GETD1S0:
000153 81e8      	LD   R30,Y
000154 81f9      	LDD  R31,Y+1
000155 816a      	LDD  R22,Y+2
000156 817b      	LDD  R23,Y+3
000157 9508      	RET
                 
                 __GETD2S0:
000158 81a8      	LD   R26,Y
000159 81b9      	LDD  R27,Y+1
00015a 818a      	LDD  R24,Y+2
00015b 819b      	LDD  R25,Y+3
00015c 9508      	RET
                 
                 __PUTD1S0:
00015d 83e8      	ST   Y,R30
00015e 83f9      	STD  Y+1,R31
00015f 836a      	STD  Y+2,R22
000160 837b      	STD  Y+3,R23
000161 9508      	RET
                 
                 __CPD20:
000162 9710      	SBIW R26,0
000163 4080      	SBCI R24,0
000164 4090      	SBCI R25,0
000165 9508      	RET
                 
                 ;END OF CODE MARKER
                 __END_OF_CODE:


RESOURCE USE INFORMATION
------------------------

Notice:
The register and instruction counts are symbol table hit counts,
and hence implicitly used resources are not counted, eg, the
'lpm' instruction without operands implicitly uses r0 and z,
none of which are counted.

x,y,z are separate entities in the symbol table and are
counted separately from r26..r31 here.

.dseg memory usage only counts static data declared with .byte

ATmega32 register use summary:
r0 :   9 r1 :   4 r2 :   0 r3 :   0 r4 :   0 r5 :   0 r6 :   0 r7 :   0 
r8 :   0 r9 :   0 r10:   0 r11:   0 r12:   0 r13:   0 r14:   0 r15:   0 
r16:   0 r17:   0 r18:   0 r19:   4 r20:   7 r21:   6 r22:  18 r23:  15 
r24:  17 r25:   9 r26:  19 r27:   9 r28:   7 r29:   1 r30:  89 r31:  19 
x  :   2 y  :  53 z  :   1 
Registers used: 18 out of 35 (51.4%)

ATmega32 instruction use summary:
.lds  :   0 .lds.l:   0 .sts  :   0 .sts.l:   0 adc   :   6 add   :   2 
adiw  :   5 and   :   0 andi  :   0 asr   :   0 bclr  :   0 bld   :   0 
brbc  :   0 brbs  :   0 brcc  :   1 brcs  :   0 break :   0 breq  :   2 
brge  :   0 brhc  :   0 brhs  :   0 brid  :   0 brie  :   0 brlo  :   0 
brlt  :   1 brmi  :   0 brne  :   6 brpl  :   0 brsh  :   3 brtc  :   0 
brts  :   0 brvc  :   0 brvs  :   0 bset  :   0 bst   :   0 call  :  11 
cbi   :   0 cbr   :   0 clc   :   0 clh   :   0 cli   :   1 cln   :   0 
clr   :   6 cls   :   0 clt   :   0 clv   :   0 clz   :   0 com   :   0 
cp    :   0 cpc   :   6 cpi   :   2 cpse  :   0 dec   :   3 des   :   0 
eor   :   0 fmul  :   0 fmuls :   0 fmulsu:   0 icall :   0 ijmp  :   0 
in    :   0 inc   :   0 jmp   :  23 ld    :   5 ldd   :  20 ldi   :  45 
lds   :   0 lpm   :   2 lsl   :   2 lsr   :   1 mov   :   1 movw  :   8 
mul   :   0 muls  :   0 mulsu :   0 neg   :   0 nop   :   0 or    :   0 
ori   :   0 out   :  19 pop   :   3 push  :   3 rcall :   8 ret   :  12 
reti  :   0 rjmp  :   9 rol   :  10 ror   :   3 sbc   :   3 sbci  :   8 
sbi   :   0 sbic  :   0 sbis  :   0 sbiw  :   9 sbr   :   1 sbrc  :   0 
sbrs  :   0 sec   :   0 seh   :   0 sei   :   0 sen   :   0 ser   :   0 
ses   :   0 set   :   0 sev   :   0 sez   :   0 sleep :   0 spm   :   0 
st    :   7 std   :  23 sts   :   0 sub   :   1 subi  :   2 swap  :   0 
tst   :   1 wdr   :   1 
Instructions used: 41 out of 116 (35.3%)

ATmega32 memory use summary [bytes]:
Segment   Begin    End      Code   Data   Used    Size   Use%
---------------------------------------------------------------
[.cseg] 0x000000 0x0002cc    636     80    716   32768   2.2%
[.dseg] 0x000060 0x000260      0      0      0    2048   0.0%
[.eseg] 0x000000 0x000000      0      0      0    1024   0.0%

Assembly complete, 0 errors, 0 warnings
