
AVRASM ver. 2.1.30  C:\Users\Amiri\Documents\semester6\Micro Lab\Experiments\Exp4\Debug\List\7seg-dipswich-02.asm Wed Mar 09 07:45:08 2022

C:\Users\Amiri\Documents\semester6\Micro Lab\Experiments\Exp4\Debug\List\7seg-dipswich-02.asm(1088): warning: Register r5 already defined by the .DEF directive
C:\Users\Amiri\Documents\semester6\Micro Lab\Experiments\Exp4\Debug\List\7seg-dipswich-02.asm(1089): warning: Register r4 already defined by the .DEF directive
C:\Users\Amiri\Documents\semester6\Micro Lab\Experiments\Exp4\Debug\List\7seg-dipswich-02.asm(1090): warning: Register r7 already defined by the .DEF directive
C:\Users\Amiri\Documents\semester6\Micro Lab\Experiments\Exp4\Debug\List\7seg-dipswich-02.asm(1091): warning: Register r6 already defined by the .DEF directive
C:\Users\Amiri\Documents\semester6\Micro Lab\Experiments\Exp4\Debug\List\7seg-dipswich-02.asm(1092): warning: Register r9 already defined by the .DEF directive
                 
                 
                 ;CodeVisionAVR C Compiler V3.12 Advanced
                 ;(C) Copyright 1998-2014 Pavel Haiduc, HP InfoTech s.r.l.
                 ;http://www.hpinfotech.com
                 
                 ;Build configuration    : Debug
                 ;Chip type              : ATmega32
                 ;Program type           : Application
                 ;Clock frequency        : 8.000000 MHz
                 ;Memory model           : Small
                 ;Optimize for           : Size
                 ;(s)printf features     : int, width
                 ;(s)scanf features      : int, width
                 ;External RAM size      : 0
                 ;Data Stack size        : 512 byte(s)
                 ;Heap size              : 0 byte(s)
                 ;Promote 'char' to 'int': Yes
                 ;'char' is unsigned     : Yes
                 ;8 bit enums            : Yes
                 ;Global 'const' stored in FLASH: Yes
                 ;Enhanced function parameter passing: Yes
                 ;Enhanced core instructions: On
                 ;Automatic register allocation for global variables: On
                 ;Smart register allocation: On
                 
                 	#define _MODEL_SMALL_
                 
                 	#pragma AVRPART ADMIN PART_NAME ATmega32
                 	#pragma AVRPART MEMORY PROG_FLASH 32768
                 	#pragma AVRPART MEMORY EEPROM 1024
                 	#pragma AVRPART MEMORY INT_SRAM SIZE 2048
                 	#pragma AVRPART MEMORY INT_SRAM START_ADDR 0x60
                 
                 	#define CALL_SUPPORTED 1
                 
                 	.LISTMAC
                 	.EQU UDRE=0x5
                 	.EQU RXC=0x7
                 	.EQU USR=0xB
                 	.EQU UDR=0xC
                 	.EQU SPSR=0xE
                 	.EQU SPDR=0xF
                 	.EQU EERE=0x0
                 	.EQU EEWE=0x1
                 	.EQU EEMWE=0x2
                 	.EQU EECR=0x1C
                 	.EQU EEDR=0x1D
                 	.EQU EEARL=0x1E
                 	.EQU EEARH=0x1F
                 	.EQU WDTCR=0x21
                 	.EQU MCUCR=0x35
                 	.EQU GICR=0x3B
                 	.EQU SPL=0x3D
                 	.EQU SPH=0x3E
                 	.EQU SREG=0x3F
                 
                 	.DEF R0X0=R0
                 	.DEF R0X1=R1
                 	.DEF R0X2=R2
                 	.DEF R0X3=R3
                 	.DEF R0X4=R4
                 	.DEF R0X5=R5
                 	.DEF R0X6=R6
                 	.DEF R0X7=R7
                 	.DEF R0X8=R8
                 	.DEF R0X9=R9
                 	.DEF R0XA=R10
                 	.DEF R0XB=R11
                 	.DEF R0XC=R12
                 	.DEF R0XD=R13
                 	.DEF R0XE=R14
                 	.DEF R0XF=R15
                 	.DEF R0X10=R16
                 	.DEF R0X11=R17
                 	.DEF R0X12=R18
                 	.DEF R0X13=R19
                 	.DEF R0X14=R20
                 	.DEF R0X15=R21
                 	.DEF R0X16=R22
                 	.DEF R0X17=R23
                 	.DEF R0X18=R24
                 	.DEF R0X19=R25
                 	.DEF R0X1A=R26
                 	.DEF R0X1B=R27
                 	.DEF R0X1C=R28
                 	.DEF R0X1D=R29
                 	.DEF R0X1E=R30
                 	.DEF R0X1F=R31
                 
                 	.EQU __SRAM_START=0x0060
                 	.EQU __SRAM_END=0x085F
                 	.EQU __DSTACK_SIZE=0x0200
                 	.EQU __HEAP_SIZE=0x0000
                 	.EQU __CLEAR_SRAM_SIZE=__SRAM_END-__SRAM_START+1
                 
                 	.MACRO __CPD1N
                 	CPI  R30,LOW(@0)
                 	LDI  R26,HIGH(@0)
                 	CPC  R31,R26
                 	LDI  R26,BYTE3(@0)
                 	CPC  R22,R26
                 	LDI  R26,BYTE4(@0)
                 	CPC  R23,R26
                 	.ENDM
                 
                 	.MACRO __CPD2N
                 	CPI  R26,LOW(@0)
                 	LDI  R30,HIGH(@0)
                 	CPC  R27,R30
                 	LDI  R30,BYTE3(@0)
                 	CPC  R24,R30
                 	LDI  R30,BYTE4(@0)
                 	CPC  R25,R30
                 	.ENDM
                 
                 	.MACRO __CPWRR
                 	CP   R@0,R@2
                 	CPC  R@1,R@3
                 	.ENDM
                 
                 	.MACRO __CPWRN
                 	CPI  R@0,LOW(@2)
                 	LDI  R30,HIGH(@2)
                 	CPC  R@1,R30
                 	.ENDM
                 
                 	.MACRO __ADDB1MN
                 	SUBI R30,LOW(-@0-(@1))
                 	.ENDM
                 
                 	.MACRO __ADDB2MN
                 	SUBI R26,LOW(-@0-(@1))
                 	.ENDM
                 
                 	.MACRO __ADDW1MN
                 	SUBI R30,LOW(-@0-(@1))
                 	SBCI R31,HIGH(-@0-(@1))
                 	.ENDM
                 
                 	.MACRO __ADDW2MN
                 	SUBI R26,LOW(-@0-(@1))
                 	SBCI R27,HIGH(-@0-(@1))
                 	.ENDM
                 
                 	.MACRO __ADDW1FN
                 	SUBI R30,LOW(-2*@0-(@1))
                 	SBCI R31,HIGH(-2*@0-(@1))
                 	.ENDM
                 
                 	.MACRO __ADDD1FN
                 	SUBI R30,LOW(-2*@0-(@1))
                 	SBCI R31,HIGH(-2*@0-(@1))
                 	SBCI R22,BYTE3(-2*@0-(@1))
                 	.ENDM
                 
                 	.MACRO __ADDD1N
                 	SUBI R30,LOW(-@0)
                 	SBCI R31,HIGH(-@0)
                 	SBCI R22,BYTE3(-@0)
                 	SBCI R23,BYTE4(-@0)
                 	.ENDM
                 
                 	.MACRO __ADDD2N
                 	SUBI R26,LOW(-@0)
                 	SBCI R27,HIGH(-@0)
                 	SBCI R24,BYTE3(-@0)
                 	SBCI R25,BYTE4(-@0)
                 	.ENDM
                 
                 	.MACRO __SUBD1N
                 	SUBI R30,LOW(@0)
                 	SBCI R31,HIGH(@0)
                 	SBCI R22,BYTE3(@0)
                 	SBCI R23,BYTE4(@0)
                 	.ENDM
                 
                 	.MACRO __SUBD2N
                 	SUBI R26,LOW(@0)
                 	SBCI R27,HIGH(@0)
                 	SBCI R24,BYTE3(@0)
                 	SBCI R25,BYTE4(@0)
                 	.ENDM
                 
                 	.MACRO __ANDBMNN
                 	LDS  R30,@0+(@1)
                 	ANDI R30,LOW(@2)
                 	STS  @0+(@1),R30
                 	.ENDM
                 
                 	.MACRO __ANDWMNN
                 	LDS  R30,@0+(@1)
                 	ANDI R30,LOW(@2)
                 	STS  @0+(@1),R30
                 	LDS  R30,@0+(@1)+1
                 	ANDI R30,HIGH(@2)
                 	STS  @0+(@1)+1,R30
                 	.ENDM
                 
                 	.MACRO __ANDD1N
                 	ANDI R30,LOW(@0)
                 	ANDI R31,HIGH(@0)
                 	ANDI R22,BYTE3(@0)
                 	ANDI R23,BYTE4(@0)
                 	.ENDM
                 
                 	.MACRO __ANDD2N
                 	ANDI R26,LOW(@0)
                 	ANDI R27,HIGH(@0)
                 	ANDI R24,BYTE3(@0)
                 	ANDI R25,BYTE4(@0)
                 	.ENDM
                 
                 	.MACRO __ORBMNN
                 	LDS  R30,@0+(@1)
                 	ORI  R30,LOW(@2)
                 	STS  @0+(@1),R30
                 	.ENDM
                 
                 	.MACRO __ORWMNN
                 	LDS  R30,@0+(@1)
                 	ORI  R30,LOW(@2)
                 	STS  @0+(@1),R30
                 	LDS  R30,@0+(@1)+1
                 	ORI  R30,HIGH(@2)
                 	STS  @0+(@1)+1,R30
                 	.ENDM
                 
                 	.MACRO __ORD1N
                 	ORI  R30,LOW(@0)
                 	ORI  R31,HIGH(@0)
                 	ORI  R22,BYTE3(@0)
                 	ORI  R23,BYTE4(@0)
                 	.ENDM
                 
                 	.MACRO __ORD2N
                 	ORI  R26,LOW(@0)
                 	ORI  R27,HIGH(@0)
                 	ORI  R24,BYTE3(@0)
                 	ORI  R25,BYTE4(@0)
                 	.ENDM
                 
                 	.MACRO __DELAY_USB
                 	LDI  R24,LOW(@0)
                 __DELAY_USB_LOOP:
                 	DEC  R24
                 	BRNE __DELAY_USB_LOOP
                 	.ENDM
                 
                 	.MACRO __DELAY_USW
                 	LDI  R24,LOW(@0)
                 	LDI  R25,HIGH(@0)
                 __DELAY_USW_LOOP:
                 	SBIW R24,1
                 	BRNE __DELAY_USW_LOOP
                 	.ENDM
                 
                 	.MACRO __GETD1S
                 	LDD  R30,Y+@0
                 	LDD  R31,Y+@0+1
                 	LDD  R22,Y+@0+2
                 	LDD  R23,Y+@0+3
                 	.ENDM
                 
                 	.MACRO __GETD2S
                 	LDD  R26,Y+@0
                 	LDD  R27,Y+@0+1
                 	LDD  R24,Y+@0+2
                 	LDD  R25,Y+@0+3
                 	.ENDM
                 
                 	.MACRO __PUTD1S
                 	STD  Y+@0,R30
                 	STD  Y+@0+1,R31
                 	STD  Y+@0+2,R22
                 	STD  Y+@0+3,R23
                 	.ENDM
                 
                 	.MACRO __PUTD2S
                 	STD  Y+@0,R26
                 	STD  Y+@0+1,R27
                 	STD  Y+@0+2,R24
                 	STD  Y+@0+3,R25
                 	.ENDM
                 
                 	.MACRO __PUTDZ2
                 	STD  Z+@0,R26
                 	STD  Z+@0+1,R27
                 	STD  Z+@0+2,R24
                 	STD  Z+@0+3,R25
                 	.ENDM
                 
                 	.MACRO __CLRD1S
                 	STD  Y+@0,R30
                 	STD  Y+@0+1,R30
                 	STD  Y+@0+2,R30
                 	STD  Y+@0+3,R30
                 	.ENDM
                 
                 	.MACRO __POINTB1MN
                 	LDI  R30,LOW(@0+(@1))
                 	.ENDM
                 
                 	.MACRO __POINTW1MN
                 	LDI  R30,LOW(@0+(@1))
                 	LDI  R31,HIGH(@0+(@1))
                 	.ENDM
                 
                 	.MACRO __POINTD1M
                 	LDI  R30,LOW(@0)
                 	LDI  R31,HIGH(@0)
                 	LDI  R22,BYTE3(@0)
                 	LDI  R23,BYTE4(@0)
                 	.ENDM
                 
                 	.MACRO __POINTW1FN
                 	LDI  R30,LOW(2*@0+(@1))
                 	LDI  R31,HIGH(2*@0+(@1))
                 	.ENDM
                 
                 	.MACRO __POINTD1FN
                 	LDI  R30,LOW(2*@0+(@1))
                 	LDI  R31,HIGH(2*@0+(@1))
                 	LDI  R22,BYTE3(2*@0+(@1))
                 	LDI  R23,BYTE4(2*@0+(@1))
                 	.ENDM
                 
                 	.MACRO __POINTB2MN
                 	LDI  R26,LOW(@0+(@1))
                 	.ENDM
                 
                 	.MACRO __POINTW2MN
                 	LDI  R26,LOW(@0+(@1))
                 	LDI  R27,HIGH(@0+(@1))
                 	.ENDM
                 
                 	.MACRO __POINTW2FN
                 	LDI  R26,LOW(2*@0+(@1))
                 	LDI  R27,HIGH(2*@0+(@1))
                 	.ENDM
                 
                 	.MACRO __POINTD2FN
                 	LDI  R26,LOW(2*@0+(@1))
                 	LDI  R27,HIGH(2*@0+(@1))
                 	LDI  R24,BYTE3(2*@0+(@1))
                 	LDI  R25,BYTE4(2*@0+(@1))
                 	.ENDM
                 
                 	.MACRO __POINTBRM
                 	LDI  R@0,LOW(@1)
                 	.ENDM
                 
                 	.MACRO __POINTWRM
                 	LDI  R@0,LOW(@2)
                 	LDI  R@1,HIGH(@2)
                 	.ENDM
                 
                 	.MACRO __POINTBRMN
                 	LDI  R@0,LOW(@1+(@2))
                 	.ENDM
                 
                 	.MACRO __POINTWRMN
                 	LDI  R@0,LOW(@2+(@3))
                 	LDI  R@1,HIGH(@2+(@3))
                 	.ENDM
                 
                 	.MACRO __POINTWRFN
                 	LDI  R@0,LOW(@2*2+(@3))
                 	LDI  R@1,HIGH(@2*2+(@3))
                 	.ENDM
                 
                 	.MACRO __GETD1N
                 	LDI  R30,LOW(@0)
                 	LDI  R31,HIGH(@0)
                 	LDI  R22,BYTE3(@0)
                 	LDI  R23,BYTE4(@0)
                 	.ENDM
                 
                 	.MACRO __GETD2N
                 	LDI  R26,LOW(@0)
                 	LDI  R27,HIGH(@0)
                 	LDI  R24,BYTE3(@0)
                 	LDI  R25,BYTE4(@0)
                 	.ENDM
                 
                 	.MACRO __GETB1MN
                 	LDS  R30,@0+(@1)
                 	.ENDM
                 
                 	.MACRO __GETB1HMN
                 	LDS  R31,@0+(@1)
                 	.ENDM
                 
                 	.MACRO __GETW1MN
                 	LDS  R30,@0+(@1)
                 	LDS  R31,@0+(@1)+1
                 	.ENDM
                 
                 	.MACRO __GETD1MN
                 	LDS  R30,@0+(@1)
                 	LDS  R31,@0+(@1)+1
                 	LDS  R22,@0+(@1)+2
                 	LDS  R23,@0+(@1)+3
                 	.ENDM
                 
                 	.MACRO __GETBRMN
                 	LDS  R@0,@1+(@2)
                 	.ENDM
                 
                 	.MACRO __GETWRMN
                 	LDS  R@0,@2+(@3)
                 	LDS  R@1,@2+(@3)+1
                 	.ENDM
                 
                 	.MACRO __GETWRZ
                 	LDD  R@0,Z+@2
                 	LDD  R@1,Z+@2+1
                 	.ENDM
                 
                 	.MACRO __GETD2Z
                 	LDD  R26,Z+@0
                 	LDD  R27,Z+@0+1
                 	LDD  R24,Z+@0+2
                 	LDD  R25,Z+@0+3
                 	.ENDM
                 
                 	.MACRO __GETB2MN
                 	LDS  R26,@0+(@1)
                 	.ENDM
                 
                 	.MACRO __GETW2MN
                 	LDS  R26,@0+(@1)
                 	LDS  R27,@0+(@1)+1
                 	.ENDM
                 
                 	.MACRO __GETD2MN
                 	LDS  R26,@0+(@1)
                 	LDS  R27,@0+(@1)+1
                 	LDS  R24,@0+(@1)+2
                 	LDS  R25,@0+(@1)+3
                 	.ENDM
                 
                 	.MACRO __PUTB1MN
                 	STS  @0+(@1),R30
                 	.ENDM
                 
                 	.MACRO __PUTW1MN
                 	STS  @0+(@1),R30
                 	STS  @0+(@1)+1,R31
                 	.ENDM
                 
                 	.MACRO __PUTD1MN
                 	STS  @0+(@1),R30
                 	STS  @0+(@1)+1,R31
                 	STS  @0+(@1)+2,R22
                 	STS  @0+(@1)+3,R23
                 	.ENDM
                 
                 	.MACRO __PUTB1EN
                 	LDI  R26,LOW(@0+(@1))
                 	LDI  R27,HIGH(@0+(@1))
                 	CALL __EEPROMWRB
                 	.ENDM
                 
                 	.MACRO __PUTW1EN
                 	LDI  R26,LOW(@0+(@1))
                 	LDI  R27,HIGH(@0+(@1))
                 	CALL __EEPROMWRW
                 	.ENDM
                 
                 	.MACRO __PUTD1EN
                 	LDI  R26,LOW(@0+(@1))
                 	LDI  R27,HIGH(@0+(@1))
                 	CALL __EEPROMWRD
                 	.ENDM
                 
                 	.MACRO __PUTBR0MN
                 	STS  @0+(@1),R0
                 	.ENDM
                 
                 	.MACRO __PUTBMRN
                 	STS  @0+(@1),R@2
                 	.ENDM
                 
                 	.MACRO __PUTWMRN
                 	STS  @0+(@1),R@2
                 	STS  @0+(@1)+1,R@3
                 	.ENDM
                 
                 	.MACRO __PUTBZR
                 	STD  Z+@1,R@0
                 	.ENDM
                 
                 	.MACRO __PUTWZR
                 	STD  Z+@2,R@0
                 	STD  Z+@2+1,R@1
                 	.ENDM
                 
                 	.MACRO __GETW1R
                 	MOV  R30,R@0
                 	MOV  R31,R@1
                 	.ENDM
                 
                 	.MACRO __GETW2R
                 	MOV  R26,R@0
                 	MOV  R27,R@1
                 	.ENDM
                 
                 	.MACRO __GETWRN
                 	LDI  R@0,LOW(@2)
                 	LDI  R@1,HIGH(@2)
                 	.ENDM
                 
                 	.MACRO __PUTW1R
                 	MOV  R@0,R30
                 	MOV  R@1,R31
                 	.ENDM
                 
                 	.MACRO __PUTW2R
                 	MOV  R@0,R26
                 	MOV  R@1,R27
                 	.ENDM
                 
                 	.MACRO __ADDWRN
                 	SUBI R@0,LOW(-@2)
                 	SBCI R@1,HIGH(-@2)
                 	.ENDM
                 
                 	.MACRO __ADDWRR
                 	ADD  R@0,R@2
                 	ADC  R@1,R@3
                 	.ENDM
                 
                 	.MACRO __SUBWRN
                 	SUBI R@0,LOW(@2)
                 	SBCI R@1,HIGH(@2)
                 	.ENDM
                 
                 	.MACRO __SUBWRR
                 	SUB  R@0,R@2
                 	SBC  R@1,R@3
                 	.ENDM
                 
                 	.MACRO __ANDWRN
                 	ANDI R@0,LOW(@2)
                 	ANDI R@1,HIGH(@2)
                 	.ENDM
                 
                 	.MACRO __ANDWRR
                 	AND  R@0,R@2
                 	AND  R@1,R@3
                 	.ENDM
                 
                 	.MACRO __ORWRN
                 	ORI  R@0,LOW(@2)
                 	ORI  R@1,HIGH(@2)
                 	.ENDM
                 
                 	.MACRO __ORWRR
                 	OR   R@0,R@2
                 	OR   R@1,R@3
                 	.ENDM
                 
                 	.MACRO __EORWRR
                 	EOR  R@0,R@2
                 	EOR  R@1,R@3
                 	.ENDM
                 
                 	.MACRO __GETWRS
                 	LDD  R@0,Y+@2
                 	LDD  R@1,Y+@2+1
                 	.ENDM
                 
                 	.MACRO __PUTBSR
                 	STD  Y+@1,R@0
                 	.ENDM
                 
                 	.MACRO __PUTWSR
                 	STD  Y+@2,R@0
                 	STD  Y+@2+1,R@1
                 	.ENDM
                 
                 	.MACRO __MOVEWRR
                 	MOV  R@0,R@2
                 	MOV  R@1,R@3
                 	.ENDM
                 
                 	.MACRO __INWR
                 	IN   R@0,@2
                 	IN   R@1,@2+1
                 	.ENDM
                 
                 	.MACRO __OUTWR
                 	OUT  @2+1,R@1
                 	OUT  @2,R@0
                 	.ENDM
                 
                 	.MACRO __CALL1MN
                 	LDS  R30,@0+(@1)
                 	LDS  R31,@0+(@1)+1
                 	ICALL
                 	.ENDM
                 
                 	.MACRO __CALL1FN
                 	LDI  R30,LOW(2*@0+(@1))
                 	LDI  R31,HIGH(2*@0+(@1))
                 	CALL __GETW1PF
                 	ICALL
                 	.ENDM
                 
                 	.MACRO __CALL2EN
                 	PUSH R26
                 	PUSH R27
                 	LDI  R26,LOW(@0+(@1))
                 	LDI  R27,HIGH(@0+(@1))
                 	CALL __EEPROMRDW
                 	POP  R27
                 	POP  R26
                 	ICALL
                 	.ENDM
                 
                 	.MACRO __CALL2EX
                 	SUBI R26,LOW(-@0)
                 	SBCI R27,HIGH(-@0)
                 	CALL __EEPROMRDD
                 	ICALL
                 	.ENDM
                 
                 	.MACRO __GETW1STACK
                 	IN   R30,SPL
                 	IN   R31,SPH
                 	ADIW R30,@0+1
                 	LD   R0,Z+
                 	LD   R31,Z
                 	MOV  R30,R0
                 	.ENDM
                 
                 	.MACRO __GETD1STACK
                 	IN   R30,SPL
                 	IN   R31,SPH
                 	ADIW R30,@0+1
                 	LD   R0,Z+
                 	LD   R1,Z+
                 	LD   R22,Z
                 	MOVW R30,R0
                 	.ENDM
                 
                 	.MACRO __NBST
                 	BST  R@0,@1
                 	IN   R30,SREG
                 	LDI  R31,0x40
                 	EOR  R30,R31
                 	OUT  SREG,R30
                 	.ENDM
                 
                 
                 	.MACRO __PUTB1SN
                 	LDD  R26,Y+@0
                 	LDD  R27,Y+@0+1
                 	SUBI R26,LOW(-@1)
                 	SBCI R27,HIGH(-@1)
                 	ST   X,R30
                 	.ENDM
                 
                 	.MACRO __PUTW1SN
                 	LDD  R26,Y+@0
                 	LDD  R27,Y+@0+1
                 	SUBI R26,LOW(-@1)
                 	SBCI R27,HIGH(-@1)
                 	ST   X+,R30
                 	ST   X,R31
                 	.ENDM
                 
                 	.MACRO __PUTD1SN
                 	LDD  R26,Y+@0
                 	LDD  R27,Y+@0+1
                 	SUBI R26,LOW(-@1)
                 	SBCI R27,HIGH(-@1)
                 	CALL __PUTDP1
                 	.ENDM
                 
                 	.MACRO __PUTB1SNS
                 	LDD  R26,Y+@0
                 	LDD  R27,Y+@0+1
                 	ADIW R26,@1
                 	ST   X,R30
                 	.ENDM
                 
                 	.MACRO __PUTW1SNS
                 	LDD  R26,Y+@0
                 	LDD  R27,Y+@0+1
                 	ADIW R26,@1
                 	ST   X+,R30
                 	ST   X,R31
                 	.ENDM
                 
                 	.MACRO __PUTD1SNS
                 	LDD  R26,Y+@0
                 	LDD  R27,Y+@0+1
                 	ADIW R26,@1
                 	CALL __PUTDP1
                 	.ENDM
                 
                 	.MACRO __PUTB1PMN
                 	LDS  R26,@0
                 	LDS  R27,@0+1
                 	SUBI R26,LOW(-@1)
                 	SBCI R27,HIGH(-@1)
                 	ST   X,R30
                 	.ENDM
                 
                 	.MACRO __PUTW1PMN
                 	LDS  R26,@0
                 	LDS  R27,@0+1
                 	SUBI R26,LOW(-@1)
                 	SBCI R27,HIGH(-@1)
                 	ST   X+,R30
                 	ST   X,R31
                 	.ENDM
                 
                 	.MACRO __PUTD1PMN
                 	LDS  R26,@0
                 	LDS  R27,@0+1
                 	SUBI R26,LOW(-@1)
                 	SBCI R27,HIGH(-@1)
                 	CALL __PUTDP1
                 	.ENDM
                 
                 	.MACRO __PUTB1PMNS
                 	LDS  R26,@0
                 	LDS  R27,@0+1
                 	ADIW R26,@1
                 	ST   X,R30
                 	.ENDM
                 
                 	.MACRO __PUTW1PMNS
                 	LDS  R26,@0
                 	LDS  R27,@0+1
                 	ADIW R26,@1
                 	ST   X+,R30
                 	ST   X,R31
                 	.ENDM
                 
                 	.MACRO __PUTD1PMNS
                 	LDS  R26,@0
                 	LDS  R27,@0+1
                 	ADIW R26,@1
                 	CALL __PUTDP1
                 	.ENDM
                 
                 	.MACRO __PUTB1RN
                 	MOVW R26,R@0
                 	SUBI R26,LOW(-@1)
                 	SBCI R27,HIGH(-@1)
                 	ST   X,R30
                 	.ENDM
                 
                 	.MACRO __PUTW1RN
                 	MOVW R26,R@0
                 	SUBI R26,LOW(-@1)
                 	SBCI R27,HIGH(-@1)
                 	ST   X+,R30
                 	ST   X,R31
                 	.ENDM
                 
                 	.MACRO __PUTD1RN
                 	MOVW R26,R@0
                 	SUBI R26,LOW(-@1)
                 	SBCI R27,HIGH(-@1)
                 	CALL __PUTDP1
                 	.ENDM
                 
                 	.MACRO __PUTB1RNS
                 	MOVW R26,R@0
                 	ADIW R26,@1
                 	ST   X,R30
                 	.ENDM
                 
                 	.MACRO __PUTW1RNS
                 	MOVW R26,R@0
                 	ADIW R26,@1
                 	ST   X+,R30
                 	ST   X,R31
                 	.ENDM
                 
                 	.MACRO __PUTD1RNS
                 	MOVW R26,R@0
                 	ADIW R26,@1
                 	CALL __PUTDP1
                 	.ENDM
                 
                 	.MACRO __PUTB1RON
                 	MOV  R26,R@0
                 	MOV  R27,R@1
                 	SUBI R26,LOW(-@2)
                 	SBCI R27,HIGH(-@2)
                 	ST   X,R30
                 	.ENDM
                 
                 	.MACRO __PUTW1RON
                 	MOV  R26,R@0
                 	MOV  R27,R@1
                 	SUBI R26,LOW(-@2)
                 	SBCI R27,HIGH(-@2)
                 	ST   X+,R30
                 	ST   X,R31
                 	.ENDM
                 
                 	.MACRO __PUTD1RON
                 	MOV  R26,R@0
                 	MOV  R27,R@1
                 	SUBI R26,LOW(-@2)
                 	SBCI R27,HIGH(-@2)
                 	CALL __PUTDP1
                 	.ENDM
                 
                 	.MACRO __PUTB1RONS
                 	MOV  R26,R@0
                 	MOV  R27,R@1
                 	ADIW R26,@2
                 	ST   X,R30
                 	.ENDM
                 
                 	.MACRO __PUTW1RONS
                 	MOV  R26,R@0
                 	MOV  R27,R@1
                 	ADIW R26,@2
                 	ST   X+,R30
                 	ST   X,R31
                 	.ENDM
                 
                 	.MACRO __PUTD1RONS
                 	MOV  R26,R@0
                 	MOV  R27,R@1
                 	ADIW R26,@2
                 	CALL __PUTDP1
                 	.ENDM
                 
                 
                 	.MACRO __GETB1SX
                 	MOVW R30,R28
                 	SUBI R30,LOW(-@0)
                 	SBCI R31,HIGH(-@0)
                 	LD   R30,Z
                 	.ENDM
                 
                 	.MACRO __GETB1HSX
                 	MOVW R30,R28
                 	SUBI R30,LOW(-@0)
                 	SBCI R31,HIGH(-@0)
                 	LD   R31,Z
                 	.ENDM
                 
                 	.MACRO __GETW1SX
                 	MOVW R30,R28
                 	SUBI R30,LOW(-@0)
                 	SBCI R31,HIGH(-@0)
                 	LD   R0,Z+
                 	LD   R31,Z
                 	MOV  R30,R0
                 	.ENDM
                 
                 	.MACRO __GETD1SX
                 	MOVW R30,R28
                 	SUBI R30,LOW(-@0)
                 	SBCI R31,HIGH(-@0)
                 	LD   R0,Z+
                 	LD   R1,Z+
                 	LD   R22,Z+
                 	LD   R23,Z
                 	MOVW R30,R0
                 	.ENDM
                 
                 	.MACRO __GETB2SX
                 	MOVW R26,R28
                 	SUBI R26,LOW(-@0)
                 	SBCI R27,HIGH(-@0)
                 	LD   R26,X
                 	.ENDM
                 
                 	.MACRO __GETW2SX
                 	MOVW R26,R28
                 	SUBI R26,LOW(-@0)
                 	SBCI R27,HIGH(-@0)
                 	LD   R0,X+
                 	LD   R27,X
                 	MOV  R26,R0
                 	.ENDM
                 
                 	.MACRO __GETD2SX
                 	MOVW R26,R28
                 	SUBI R26,LOW(-@0)
                 	SBCI R27,HIGH(-@0)
                 	LD   R0,X+
                 	LD   R1,X+
                 	LD   R24,X+
                 	LD   R25,X
                 	MOVW R26,R0
                 	.ENDM
                 
                 	.MACRO __GETBRSX
                 	MOVW R30,R28
                 	SUBI R30,LOW(-@1)
                 	SBCI R31,HIGH(-@1)
                 	LD   R@0,Z
                 	.ENDM
                 
                 	.MACRO __GETWRSX
                 	MOVW R30,R28
                 	SUBI R30,LOW(-@2)
                 	SBCI R31,HIGH(-@2)
                 	LD   R@0,Z+
                 	LD   R@1,Z
                 	.ENDM
                 
                 	.MACRO __GETBRSX2
                 	MOVW R26,R28
                 	SUBI R26,LOW(-@1)
                 	SBCI R27,HIGH(-@1)
                 	LD   R@0,X
                 	.ENDM
                 
                 	.MACRO __GETWRSX2
                 	MOVW R26,R28
                 	SUBI R26,LOW(-@2)
                 	SBCI R27,HIGH(-@2)
                 	LD   R@0,X+
                 	LD   R@1,X
                 	.ENDM
                 
                 	.MACRO __LSLW8SX
                 	MOVW R30,R28
                 	SUBI R30,LOW(-@0)
                 	SBCI R31,HIGH(-@0)
                 	LD   R31,Z
                 	CLR  R30
                 	.ENDM
                 
                 	.MACRO __PUTB1SX
                 	MOVW R26,R28
                 	SUBI R26,LOW(-@0)
                 	SBCI R27,HIGH(-@0)
                 	ST   X,R30
                 	.ENDM
                 
                 	.MACRO __PUTW1SX
                 	MOVW R26,R28
                 	SUBI R26,LOW(-@0)
                 	SBCI R27,HIGH(-@0)
                 	ST   X+,R30
                 	ST   X,R31
                 	.ENDM
                 
                 	.MACRO __PUTD1SX
                 	MOVW R26,R28
                 	SUBI R26,LOW(-@0)
                 	SBCI R27,HIGH(-@0)
                 	ST   X+,R30
                 	ST   X+,R31
                 	ST   X+,R22
                 	ST   X,R23
                 	.ENDM
                 
                 	.MACRO __CLRW1SX
                 	MOVW R26,R28
                 	SUBI R26,LOW(-@0)
                 	SBCI R27,HIGH(-@0)
                 	ST   X+,R30
                 	ST   X,R30
                 	.ENDM
                 
                 	.MACRO __CLRD1SX
                 	MOVW R26,R28
                 	SUBI R26,LOW(-@0)
                 	SBCI R27,HIGH(-@0)
                 	ST   X+,R30
                 	ST   X+,R30
                 	ST   X+,R30
                 	ST   X,R30
                 	.ENDM
                 
                 	.MACRO __PUTB2SX
                 	MOVW R30,R28
                 	SUBI R30,LOW(-@0)
                 	SBCI R31,HIGH(-@0)
                 	ST   Z,R26
                 	.ENDM
                 
                 	.MACRO __PUTW2SX
                 	MOVW R30,R28
                 	SUBI R30,LOW(-@0)
                 	SBCI R31,HIGH(-@0)
                 	ST   Z+,R26
                 	ST   Z,R27
                 	.ENDM
                 
                 	.MACRO __PUTD2SX
                 	MOVW R30,R28
                 	SUBI R30,LOW(-@0)
                 	SBCI R31,HIGH(-@0)
                 	ST   Z+,R26
                 	ST   Z+,R27
                 	ST   Z+,R24
                 	ST   Z,R25
                 	.ENDM
                 
                 	.MACRO __PUTBSRX
                 	MOVW R30,R28
                 	SUBI R30,LOW(-@1)
                 	SBCI R31,HIGH(-@1)
                 	ST   Z,R@0
                 	.ENDM
                 
                 	.MACRO __PUTWSRX
                 	MOVW R30,R28
                 	SUBI R30,LOW(-@2)
                 	SBCI R31,HIGH(-@2)
                 	ST   Z+,R@0
                 	ST   Z,R@1
                 	.ENDM
                 
                 	.MACRO __PUTB1SNX
                 	MOVW R26,R28
                 	SUBI R26,LOW(-@0)
                 	SBCI R27,HIGH(-@0)
                 	LD   R0,X+
                 	LD   R27,X
                 	MOV  R26,R0
                 	SUBI R26,LOW(-@1)
                 	SBCI R27,HIGH(-@1)
                 	ST   X,R30
                 	.ENDM
                 
                 	.MACRO __PUTW1SNX
                 	MOVW R26,R28
                 	SUBI R26,LOW(-@0)
                 	SBCI R27,HIGH(-@0)
                 	LD   R0,X+
                 	LD   R27,X
                 	MOV  R26,R0
                 	SUBI R26,LOW(-@1)
                 	SBCI R27,HIGH(-@1)
                 	ST   X+,R30
                 	ST   X,R31
                 	.ENDM
                 
                 	.MACRO __PUTD1SNX
                 	MOVW R26,R28
                 	SUBI R26,LOW(-@0)
                 	SBCI R27,HIGH(-@0)
                 	LD   R0,X+
                 	LD   R27,X
                 	MOV  R26,R0
                 	SUBI R26,LOW(-@1)
                 	SBCI R27,HIGH(-@1)
                 	ST   X+,R30
                 	ST   X+,R31
                 	ST   X+,R22
                 	ST   X,R23
                 	.ENDM
                 
                 	.MACRO __MULBRR
                 	MULS R@0,R@1
                 	MOVW R30,R0
                 	.ENDM
                 
                 	.MACRO __MULBRRU
                 	MUL  R@0,R@1
                 	MOVW R30,R0
                 	.ENDM
                 
                 	.MACRO __MULBRR0
                 	MULS R@0,R@1
                 	.ENDM
                 
                 	.MACRO __MULBRRU0
                 	MUL  R@0,R@1
                 	.ENDM
                 
                 	.MACRO __MULBNWRU
                 	LDI  R26,@2
                 	MUL  R26,R@0
                 	MOVW R30,R0
                 	MUL  R26,R@1
                 	ADD  R31,R0
                 	.ENDM
                 
                 ;NAME DEFINITIONS FOR GLOBAL VARIABLES ALLOCATED TO REGISTERS
                 	.DEF _hr=R5
                 	.DEF _min=R4
                 	.DEF _sec=R7
                 	.DEF _place=R6
                 	.DEF _dp=R9
                 
                 	.CSEG
                 	.ORG 0x00
                 
                 ;START OF CODE MARKER
                 __START_OF_CODE:
                 
                 ;INTERRUPT VECTORS
000000 940c 0031 	JMP  __RESET
000002 940c 0000 	JMP  0x00
000004 940c 0000 	JMP  0x00
000006 940c 0000 	JMP  0x00
000008 940c 0000 	JMP  0x00
00000a 940c 0000 	JMP  0x00
00000c 940c 0000 	JMP  0x00
00000e 940c 0000 	JMP  0x00
000010 940c 0000 	JMP  0x00
000012 940c 0068 	JMP  _timer1_ovf_isr
000014 940c 0000 	JMP  0x00
000016 940c 005e 	JMP  _timer0_ovf_isr
000018 940c 0000 	JMP  0x00
00001a 940c 0000 	JMP  0x00
00001c 940c 0000 	JMP  0x00
00001e 940c 0000 	JMP  0x00
000020 940c 0000 	JMP  0x00
000022 940c 0000 	JMP  0x00
000024 940c 0000 	JMP  0x00
000026 940c 0000 	JMP  0x00
000028 940c 0000 	JMP  0x00
                 
                 ;GLOBAL REGISTER VARIABLES INITIALIZATION
                 __REG_VARS:
00002a 173a
00002b 0001      	.DB  0x3A,0x17,0x1,0x0
00002c 0100      	.DB  0x0,0x1
                 
                 
                 __GLOBAL_INI_TBL:
00002d 0006      	.DW  0x06
00002e 0004      	.DW  0x04
00002f 0054      	.DW  __REG_VARS*2
                 
                 _0xFFFFFFFF:
000030 0000      	.DW  0
                 
                 #define __GLOBAL_INI_TBL_PRESENT 1
                 
                 __RESET:
000031 94f8      	CLI
000032 27ee      	CLR  R30
000033 bbec      	OUT  EECR,R30
                 
                 ;INTERRUPT VECTORS ARE PLACED
                 ;AT THE START OF FLASH
000034 e0f1      	LDI  R31,1
000035 bffb      	OUT  GICR,R31
000036 bfeb      	OUT  GICR,R30
000037 bfe5      	OUT  MCUCR,R30
                 
                 ;CLEAR R2-R14
000038 e08d      	LDI  R24,(14-2)+1
000039 e0a2      	LDI  R26,2
00003a 27bb      	CLR  R27
                 __CLEAR_REG:
00003b 93ed      	ST   X+,R30
00003c 958a      	DEC  R24
00003d f7e9      	BRNE __CLEAR_REG
                 
                 ;CLEAR SRAM
00003e e080      	LDI  R24,LOW(__CLEAR_SRAM_SIZE)
00003f e098      	LDI  R25,HIGH(__CLEAR_SRAM_SIZE)
000040 e6a0      	LDI  R26,__SRAM_START
                 __CLEAR_SRAM:
000041 93ed      	ST   X+,R30
000042 9701      	SBIW R24,1
000043 f7e9      	BRNE __CLEAR_SRAM
                 
                 ;GLOBAL VARIABLES INITIALIZATION
000044 e5ea      	LDI  R30,LOW(__GLOBAL_INI_TBL*2)
000045 e0f0      	LDI  R31,HIGH(__GLOBAL_INI_TBL*2)
                 __GLOBAL_INI_NEXT:
000046 9185      	LPM  R24,Z+
000047 9195      	LPM  R25,Z+
000048 9700      	SBIW R24,0
000049 f061      	BREQ __GLOBAL_INI_END
00004a 91a5      	LPM  R26,Z+
00004b 91b5      	LPM  R27,Z+
00004c 9005      	LPM  R0,Z+
00004d 9015      	LPM  R1,Z+
00004e 01bf      	MOVW R22,R30
00004f 01f0      	MOVW R30,R0
                 __GLOBAL_INI_LOOP:
000050 9005      	LPM  R0,Z+
000051 920d      	ST   X+,R0
000052 9701      	SBIW R24,1
000053 f7e1      	BRNE __GLOBAL_INI_LOOP
000054 01fb      	MOVW R30,R22
000055 cff0      	RJMP __GLOBAL_INI_NEXT
                 __GLOBAL_INI_END:
                 
                 ;HARDWARE STACK POINTER INITIALIZATION
000056 e5ef      	LDI  R30,LOW(__SRAM_END-__HEAP_SIZE)
000057 bfed      	OUT  SPL,R30
000058 e0e8      	LDI  R30,HIGH(__SRAM_END-__HEAP_SIZE)
000059 bfee      	OUT  SPH,R30
                 
                 ;DATA STACK POINTER INITIALIZATION
00005a e6c0      	LDI  R28,LOW(__SRAM_START+__DSTACK_SIZE)
00005b e0d2      	LDI  R29,HIGH(__SRAM_START+__DSTACK_SIZE)
                 
00005c 940c 00c8 	JMP  _main
                 
                 	.ESEG
                 	.ORG 0
                 
                 	.DSEG
                 	.ORG 0x260
                 
                 	.CSEG
                 ;/*******************************************************
                 ;This program was created by the
                 ;CodeWizardAVR V3.12 Advanced
                 ;Automatic Program Generator
                 ;© Copyright 1998-2014 Pavel Haiduc, HP InfoTech s.r.l.
                 ;http://www.hpinfotech.com
                 ;
                 ;Project :
                 ;Version :
                 ;Date    : 3/9/2022
                 ;Author  :
                 ;Company :
                 ;Comments:
                 ;
                 ;
                 ;Chip type               : ATmega32
                 ;Program type            : Application
                 ;AVR Core Clock frequency: 8.000000 MHz
                 ;Memory model            : Small
                 ;External RAM size       : 0
                 ;Data Stack size         : 512
                 ;*******************************************************/
                 ;
                 ;#include <mega32.h>
                 	#ifndef __SLEEP_DEFINED__
                 	#define __SLEEP_DEFINED__
                 	.EQU __se_bit=0x80
                 	.EQU __sm_mask=0x70
                 	.EQU __sm_powerdown=0x20
                 	.EQU __sm_powersave=0x30
                 	.EQU __sm_standby=0x60
                 	.EQU __sm_ext_standby=0x70
                 	.EQU __sm_adc_noise_red=0x10
                 	.SET power_ctrl_reg=mcucr
                 	#endif
                 ;
                 ;unsigned char hr = 23, min = 58, sec = 0, place = 1, dp = 1;
                 ;
                 ;// Timer 0 overflow interrupt service routine
                 ;interrupt [TIM0_OVF] void timer0_ovf_isr(void)
                 ; 0000 001E {
                 
                 	.CSEG
                 _timer0_ovf_isr:
                 ; .FSTART _timer0_ovf_isr
00005e 93ea      	ST   -Y,R30
00005f b7ef      	IN   R30,SREG
000060 93ea      	ST   -Y,R30
                 ; 0000 001F place <<= 1;
000061 0c66      	LSL  R6
                 ; 0000 0020 if (place == 0b1000000) place = 1;
000062 e4e0      	LDI  R30,LOW(64)
000063 15e6      	CP   R30,R6
000064 f411      	BRNE _0x3
000065 e0e1      	LDI  R30,LOW(1)
000066 2e6e      	MOV  R6,R30
                 ; 0000 0021 }
                 _0x3:
000067 c01e      	RJMP _0x29
                 ; .FEND
                 ;
                 ;// Timer1 overflow interrupt service routine
                 ;interrupt [TIM1_OVF] void timer1_ovf_isr(void)
                 ; 0000 0025 {
                 _timer1_ovf_isr:
                 ; .FSTART _timer1_ovf_isr
000068 93ea      	ST   -Y,R30
000069 b7ef      	IN   R30,SREG
00006a 93ea      	ST   -Y,R30
                 ; 0000 0026 // Reinitialize Timer1 value
                 ; 0000 0027 TCNT1H=0x85EE >> 8;
00006b e8e5      	LDI  R30,LOW(133)
00006c bded      	OUT  0x2D,R30
                 ; 0000 0028 TCNT1L=0x85EE & 0xff;
00006d eeee      	LDI  R30,LOW(238)
00006e bdec      	OUT  0x2C,R30
                 ; 0000 0029 
                 ; 0000 002A if (sec < 59) sec++;
00006f e3eb      	LDI  R30,LOW(59)
000070 167e      	CP   R7,R30
000071 f410      	BRSH _0x4
000072 9473      	INC  R7
                 ; 0000 002B else if (min < 59) {min++; sec = 0;}
000073 c00f      	RJMP _0x5
                 _0x4:
000074 e3eb      	LDI  R30,LOW(59)
000075 164e      	CP   R4,R30
000076 f410      	BRSH _0x6
000077 9443      	INC  R4
000078 c009      	RJMP _0x27
                 ; 0000 002C else if (hr < 23) {hr++; sec = 0; min = 0;}
                 _0x6:
000079 e1e7      	LDI  R30,LOW(23)
00007a 165e      	CP   R5,R30
00007b f420      	BRSH _0x8
00007c 9453      	INC  R5
00007d 2477      	CLR  R7
00007e 2444      	CLR  R4
                 ; 0000 002D else {hr = 0; min = 0; sec = 0;}
00007f c003      	RJMP _0x9
                 _0x8:
000080 2455      	CLR  R5
000081 2444      	CLR  R4
                 _0x27:
000082 2477      	CLR  R7
                 _0x9:
                 _0x5:
                 ; 0000 002E 
                 ; 0000 002F dp = 1 - dp;
000083 e0e1      	LDI  R30,LOW(1)
000084 19e9      	SUB  R30,R9
000085 2e9e      	MOV  R9,R30
                 ; 0000 0030 }
                 _0x29:
000086 91e9      	LD   R30,Y+
000087 bfef      	OUT  SREG,R30
000088 91e9      	LD   R30,Y+
000089 9518      	RETI
                 ; .FEND
                 ;
                 ;unsigned char convert(unsigned char n) {
                 ; 0000 0032 unsigned char convert(unsigned char n) {
                 _convert:
                 ; .FSTART _convert
                 ; 0000 0033 switch (n) {
00008a 93aa      	ST   -Y,R26
                 ;	n -> Y+0
00008b 81e8      	LD   R30,Y
00008c e0f0      	LDI  R31,0
                 ; 0000 0034     case 0:
00008d 9730      	SBIW R30,0
00008e f411      	BRNE _0xD
                 ; 0000 0035         return 0x3F;
00008f e3ef      	LDI  R30,LOW(63)
000090 c035      	RJMP _0x2000001
                 ; 0000 0036     case 1:
                 _0xD:
000091 30e1      	CPI  R30,LOW(0x1)
000092 e0a0      	LDI  R26,HIGH(0x1)
000093 07fa      	CPC  R31,R26
000094 f411      	BRNE _0xE
                 ; 0000 0037         return 0x06;
000095 e0e6      	LDI  R30,LOW(6)
000096 c02f      	RJMP _0x2000001
                 ; 0000 0038     case 2:
                 _0xE:
000097 30e2      	CPI  R30,LOW(0x2)
000098 e0a0      	LDI  R26,HIGH(0x2)
000099 07fa      	CPC  R31,R26
00009a f411      	BRNE _0xF
                 ; 0000 0039         return 0x5B;
00009b e5eb      	LDI  R30,LOW(91)
00009c c029      	RJMP _0x2000001
                 ; 0000 003A     case 3:
                 _0xF:
00009d 30e3      	CPI  R30,LOW(0x3)
00009e e0a0      	LDI  R26,HIGH(0x3)
00009f 07fa      	CPC  R31,R26
0000a0 f411      	BRNE _0x10
                 ; 0000 003B         return 0x4F;
0000a1 e4ef      	LDI  R30,LOW(79)
0000a2 c023      	RJMP _0x2000001
                 ; 0000 003C     case 4:
                 _0x10:
0000a3 30e4      	CPI  R30,LOW(0x4)
0000a4 e0a0      	LDI  R26,HIGH(0x4)
0000a5 07fa      	CPC  R31,R26
0000a6 f411      	BRNE _0x11
                 ; 0000 003D         return 0x66;
0000a7 e6e6      	LDI  R30,LOW(102)
0000a8 c01d      	RJMP _0x2000001
                 ; 0000 003E     case 5:
                 _0x11:
0000a9 30e5      	CPI  R30,LOW(0x5)
0000aa e0a0      	LDI  R26,HIGH(0x5)
0000ab 07fa      	CPC  R31,R26
0000ac f411      	BRNE _0x12
                 ; 0000 003F         return 0x6D;
0000ad e6ed      	LDI  R30,LOW(109)
0000ae c017      	RJMP _0x2000001
                 ; 0000 0040     case 6:
                 _0x12:
0000af 30e6      	CPI  R30,LOW(0x6)
0000b0 e0a0      	LDI  R26,HIGH(0x6)
0000b1 07fa      	CPC  R31,R26
0000b2 f411      	BRNE _0x13
                 ; 0000 0041         return 0x7D;
0000b3 e7ed      	LDI  R30,LOW(125)
0000b4 c011      	RJMP _0x2000001
                 ; 0000 0042     case 7:
                 _0x13:
0000b5 30e7      	CPI  R30,LOW(0x7)
0000b6 e0a0      	LDI  R26,HIGH(0x7)
0000b7 07fa      	CPC  R31,R26
0000b8 f411      	BRNE _0x14
                 ; 0000 0043         return 0x07;
0000b9 e0e7      	LDI  R30,LOW(7)
0000ba c00b      	RJMP _0x2000001
                 ; 0000 0044     case 8:
                 _0x14:
0000bb 30e8      	CPI  R30,LOW(0x8)
0000bc e0a0      	LDI  R26,HIGH(0x8)
0000bd 07fa      	CPC  R31,R26
0000be f411      	BRNE _0x15
                 ; 0000 0045         return 0x7F;
0000bf e7ef      	LDI  R30,LOW(127)
0000c0 c005      	RJMP _0x2000001
                 ; 0000 0046     case 9:
                 _0x15:
0000c1 30e9      	CPI  R30,LOW(0x9)
0000c2 e0a0      	LDI  R26,HIGH(0x9)
0000c3 07fa      	CPC  R31,R26
0000c4 f409      	BRNE _0xC
                 ; 0000 0047         return 0x6F;
0000c5 e6ef      	LDI  R30,LOW(111)
                 ; 0000 0048 }
                 _0xC:
                 ; 0000 0049 }
                 _0x2000001:
0000c6 9621      	ADIW R28,1
0000c7 9508      	RET
                 ; .FEND
                 ;
                 ;void main(void)
                 ; 0000 004C {
                 _main:
                 ; .FSTART _main
                 ; 0000 004D // Declare your local variables here
                 ; 0000 004E 
                 ; 0000 004F // Input/Output Ports initialization
                 ; 0000 0050 // Port A initialization
                 ; 0000 0051 // Function: Bit7=In Bit6=In Bit5=In Bit4=In Bit3=In Bit2=In Bit1=In Bit0=In
                 ; 0000 0052 DDRA=(0<<DDA7) | (0<<DDA6) | (0<<DDA5) | (0<<DDA4) | (0<<DDA3) | (0<<DDA2) | (0<<DDA1) | (0<<DDA0);
0000c8 e0e0      	LDI  R30,LOW(0)
0000c9 bbea      	OUT  0x1A,R30
                 ; 0000 0053 // State: Bit7=T Bit6=T Bit5=T Bit4=T Bit3=T Bit2=T Bit1=T Bit0=T
                 ; 0000 0054 PORTA=(0<<PORTA7) | (0<<PORTA6) | (0<<PORTA5) | (0<<PORTA4) | (0<<PORTA3) | (0<<PORTA2) | (0<<PORTA1) | (0<<PORTA0);
0000ca bbeb      	OUT  0x1B,R30
                 ; 0000 0055 
                 ; 0000 0056 // Port B initialization
                 ; 0000 0057 // Function: Bit7=Out Bit6=Out Bit5=Out Bit4=Out Bit3=Out Bit2=Out Bit1=Out Bit0=Out
                 ; 0000 0058 DDRB=(1<<DDB7) | (1<<DDB6) | (1<<DDB5) | (1<<DDB4) | (1<<DDB3) | (1<<DDB2) | (1<<DDB1) | (1<<DDB0);
0000cb efef      	LDI  R30,LOW(255)
0000cc bbe7      	OUT  0x17,R30
                 ; 0000 0059 // State: Bit7=0 Bit6=0 Bit5=0 Bit4=0 Bit3=0 Bit2=0 Bit1=0 Bit0=0
                 ; 0000 005A PORTB=(0<<PORTB7) | (0<<PORTB6) | (0<<PORTB5) | (0<<PORTB4) | (0<<PORTB3) | (0<<PORTB2) | (0<<PORTB1) | (0<<PORTB0);
0000cd e0e0      	LDI  R30,LOW(0)
0000ce bbe8      	OUT  0x18,R30
                 ; 0000 005B 
                 ; 0000 005C // Port C initialization
                 ; 0000 005D // Function: Bit7=Out Bit6=Out Bit5=Out Bit4=Out Bit3=Out Bit2=Out Bit1=Out Bit0=Out
                 ; 0000 005E DDRC=(1<<DDC7) | (1<<DDC6) | (1<<DDC5) | (1<<DDC4) | (1<<DDC3) | (1<<DDC2) | (1<<DDC1) | (1<<DDC0);
0000cf efef      	LDI  R30,LOW(255)
0000d0 bbe4      	OUT  0x14,R30
                 ; 0000 005F // State: Bit7=0 Bit6=0 Bit5=0 Bit4=0 Bit3=0 Bit2=0 Bit1=0 Bit0=0
                 ; 0000 0060 PORTC=(0<<PORTC7) | (0<<PORTC6) | (0<<PORTC5) | (0<<PORTC4) | (0<<PORTC3) | (0<<PORTC2) | (0<<PORTC1) | (0<<PORTC0);
0000d1 e0e0      	LDI  R30,LOW(0)
0000d2 bbe5      	OUT  0x15,R30
                 ; 0000 0061 
                 ; 0000 0062 // Port D initialization
                 ; 0000 0063 // Function: Bit7=Out Bit6=Out Bit5=Out Bit4=Out Bit3=Out Bit2=Out Bit1=Out Bit0=Out
                 ; 0000 0064 DDRD=(1<<DDD7) | (1<<DDD6) | (1<<DDD5) | (1<<DDD4) | (1<<DDD3) | (1<<DDD2) | (1<<DDD1) | (1<<DDD0);
0000d3 efef      	LDI  R30,LOW(255)
0000d4 bbe1      	OUT  0x11,R30
                 ; 0000 0065 // State: Bit7=0 Bit6=0 Bit5=0 Bit4=0 Bit3=0 Bit2=0 Bit1=0 Bit0=0
                 ; 0000 0066 PORTD=(0<<PORTD7) | (0<<PORTD6) | (0<<PORTD5) | (0<<PORTD4) | (0<<PORTD3) | (0<<PORTD2) | (0<<PORTD1) | (0<<PORTD0);
0000d5 e0e0      	LDI  R30,LOW(0)
0000d6 bbe2      	OUT  0x12,R30
                 ; 0000 0067 
                 ; 0000 0068 // Timer/Counter 0 initialization
                 ; 0000 0069 // Clock source: System Clock
                 ; 0000 006A // Clock value: 125.000 kHz
                 ; 0000 006B // Mode: Normal top=0xFF
                 ; 0000 006C // OC0 output: Disconnected
                 ; 0000 006D // Timer Period: 2.048 ms
                 ; 0000 006E TCCR0=(0<<WGM00) | (0<<COM01) | (0<<COM00) | (0<<WGM01) | (0<<CS02) | (1<<CS01) | (1<<CS00);
0000d7 e0e3      	LDI  R30,LOW(3)
0000d8 bfe3      	OUT  0x33,R30
                 ; 0000 006F TCNT0=0x00;
0000d9 e0e0      	LDI  R30,LOW(0)
0000da bfe2      	OUT  0x32,R30
                 ; 0000 0070 OCR0=0x00;
0000db bfec      	OUT  0x3C,R30
                 ; 0000 0071 
                 ; 0000 0072 // Timer/Counter 1 initialization
                 ; 0000 0073 // Clock source: System Clock
                 ; 0000 0074 // Clock value: 31.250 kHz
                 ; 0000 0075 // Mode: Normal top=0xFFFF
                 ; 0000 0076 // OC1A output: Disconnected
                 ; 0000 0077 // OC1B output: Disconnected
                 ; 0000 0078 // Noise Canceler: Off
                 ; 0000 0079 // Input Capture on Falling Edge
                 ; 0000 007A // Timer Period: 1 s
                 ; 0000 007B // Timer1 Overflow Interrupt: On
                 ; 0000 007C // Input Capture Interrupt: Off
                 ; 0000 007D // Compare A Match Interrupt: Off
                 ; 0000 007E // Compare B Match Interrupt: Off
                 ; 0000 007F TCCR1A=(0<<COM1A1) | (0<<COM1A0) | (0<<COM1B1) | (0<<COM1B0) | (0<<WGM11) | (0<<WGM10);
0000dc bdef      	OUT  0x2F,R30
                 ; 0000 0080 TCCR1B=(0<<ICNC1) | (0<<ICES1) | (0<<WGM13) | (0<<WGM12) | (1<<CS12) | (0<<CS11) | (0<<CS10);
0000dd e0e4      	LDI  R30,LOW(4)
0000de bdee      	OUT  0x2E,R30
                 ; 0000 0081 TCNT1H=0x85;
0000df e8e5      	LDI  R30,LOW(133)
0000e0 bded      	OUT  0x2D,R30
                 ; 0000 0082 TCNT1L=0xEE;
0000e1 eeee      	LDI  R30,LOW(238)
0000e2 bdec      	OUT  0x2C,R30
                 ; 0000 0083 ICR1H=0x00;
0000e3 e0e0      	LDI  R30,LOW(0)
0000e4 bde7      	OUT  0x27,R30
                 ; 0000 0084 ICR1L=0x00;
0000e5 bde6      	OUT  0x26,R30
                 ; 0000 0085 OCR1AH=0x00;
0000e6 bdeb      	OUT  0x2B,R30
                 ; 0000 0086 OCR1AL=0x00;
0000e7 bdea      	OUT  0x2A,R30
                 ; 0000 0087 OCR1BH=0x00;
0000e8 bde9      	OUT  0x29,R30
                 ; 0000 0088 OCR1BL=0x00;
0000e9 bde8      	OUT  0x28,R30
                 ; 0000 0089 
                 ; 0000 008A // Timer(s)/Counter(s) Interrupt(s) initialization
                 ; 0000 008B TIMSK=(0<<OCIE2) | (0<<TOIE2) | (0<<TICIE1) | (0<<OCIE1A) | (0<<OCIE1B) | (1<<TOIE1) | (0<<OCIE0) | (1<<TOIE0);
0000ea e0e5      	LDI  R30,LOW(5)
0000eb bfe9      	OUT  0x39,R30
                 ; 0000 008C 
                 ; 0000 008D // Global enable interrupts
                 ; 0000 008E #asm("sei")
0000ec 9478      	sei
                 ; 0000 008F 
                 ; 0000 0090 while (1)
                 _0x17:
                 ; 0000 0091       {
                 ; 0000 0092       unsigned char num;
                 ; 0000 0093       PORTD = ~place;
0000ed 9721      	SBIW R28,1
                 ;	num -> Y+0
0000ee 2de6      	MOV  R30,R6
0000ef 95e0      	COM  R30
0000f0 bbe2      	OUT  0x12,R30
                 ; 0000 0094       switch (place) {
0000f1 2de6      	MOV  R30,R6
0000f2 e0f0      	LDI  R31,0
                 ; 0000 0095             case 0b1:
0000f3 30e1      	CPI  R30,LOW(0x1)
0000f4 e0a0      	LDI  R26,HIGH(0x1)
0000f5 07fa      	CPC  R31,R26
0000f6 f419      	BRNE _0x1D
                 ; 0000 0096                 num = convert(hr / 10);
0000f7 2da5      	MOV  R26,R5
0000f8 d034      	RCALL SUBOPT_0x0
0000f9 c02d      	RJMP _0x28
                 ; 0000 0097                 break;
                 ; 0000 0098             case 0b10:
                 _0x1D:
0000fa 30e2      	CPI  R30,LOW(0x2)
0000fb e0a0      	LDI  R26,HIGH(0x2)
0000fc 07fa      	CPC  R31,R26
0000fd f439      	BRNE _0x1E
                 ; 0000 0099                 num = convert(hr % 10);
0000fe 2da5      	MOV  R26,R5
0000ff d034      	RCALL SUBOPT_0x1
                 ; 0000 009A                 if (dp == 1) num |= 0b10000000;
000100 f419      	BRNE _0x1F
000101 81e8      	LD   R30,Y
000102 68e0      	ORI  R30,0x80
000103 83e8      	ST   Y,R30
                 ; 0000 009B                 break;
                 _0x1F:
000104 c023      	RJMP _0x1C
                 ; 0000 009C             case 0b100:
                 _0x1E:
000105 30e4      	CPI  R30,LOW(0x4)
000106 e0a0      	LDI  R26,HIGH(0x4)
000107 07fa      	CPC  R31,R26
000108 f419      	BRNE _0x20
                 ; 0000 009D                 num = convert(min / 10);
000109 2da4      	MOV  R26,R4
00010a d022      	RCALL SUBOPT_0x0
00010b c01b      	RJMP _0x28
                 ; 0000 009E                 break;
                 ; 0000 009F             case 0b1000:
                 _0x20:
00010c 30e8      	CPI  R30,LOW(0x8)
00010d e0a0      	LDI  R26,HIGH(0x8)
00010e 07fa      	CPC  R31,R26
00010f f439      	BRNE _0x21
                 ; 0000 00A0                 num = convert(min % 10);
000110 2da4      	MOV  R26,R4
000111 d022      	RCALL SUBOPT_0x1
                 ; 0000 00A1                 if (dp == 1) num |= 0b10000000;
000112 f419      	BRNE _0x22
000113 81e8      	LD   R30,Y
000114 68e0      	ORI  R30,0x80
000115 83e8      	ST   Y,R30
                 ; 0000 00A2                 break;
                 _0x22:
000116 c011      	RJMP _0x1C
                 ; 0000 00A3             case 0b10000:
                 _0x21:
000117 31e0      	CPI  R30,LOW(0x10)
000118 e0a0      	LDI  R26,HIGH(0x10)
000119 07fa      	CPC  R31,R26
00011a f419      	BRNE _0x23
                 ; 0000 00A4                 num = convert(sec / 10);
00011b 2da7      	MOV  R26,R7
00011c d010      	RCALL SUBOPT_0x0
00011d c009      	RJMP _0x28
                 ; 0000 00A5                 break;
                 ; 0000 00A6             case 0b100000:
                 _0x23:
00011e 32e0      	CPI  R30,LOW(0x20)
00011f e0a0      	LDI  R26,HIGH(0x20)
000120 07fa      	CPC  R31,R26
000121 f431      	BRNE _0x1C
                 ; 0000 00A7                 num = convert(sec % 10);
000122 2da7      	MOV  R26,R7
000123 d010      	RCALL SUBOPT_0x1
                 ; 0000 00A8                 if (dp == 1) num |= 0b10000000;
000124 f419      	BRNE _0x25
000125 81e8      	LD   R30,Y
000126 68e0      	ORI  R30,0x80
                 _0x28:
000127 83e8      	ST   Y,R30
                 ; 0000 00A9                 break;
                 _0x25:
                 ; 0000 00AA       }
                 _0x1C:
                 ; 0000 00AB       PORTC = num;
000128 81e8      	LD   R30,Y
000129 bbe5      	OUT  0x15,R30
                 ; 0000 00AC       }
00012a 9621      	ADIW R28,1
00012b cfc1      	RJMP _0x17
                 ; 0000 00AD }
                 _0x26:
00012c cfff      	RJMP _0x26
                 ; .FEND
                 
                 	.CSEG
                 ;OPTIMIZER ADDED SUBROUTINE, CALLED 3 TIMES, CODE SIZE REDUCTION:9 WORDS
                 SUBOPT_0x0:
00012d e0b0      	LDI  R27,0
00012e e0ea      	LDI  R30,LOW(10)
00012f e0f0      	LDI  R31,HIGH(10)
000130 940e 0156 	CALL __DIVW21
000132 2fae      	MOV  R26,R30
000133 cf56      	RJMP _convert
                 
                 ;OPTIMIZER ADDED SUBROUTINE, CALLED 3 TIMES, CODE SIZE REDUCTION:15 WORDS
                 SUBOPT_0x1:
000134 27bb      	CLR  R27
000135 e0ea      	LDI  R30,LOW(10)
000136 e0f0      	LDI  R31,HIGH(10)
000137 940e 015b 	CALL __MODW21
000139 2fae      	MOV  R26,R30
00013a df4f      	RCALL _convert
00013b 83e8      	ST   Y,R30
00013c e0e1      	LDI  R30,LOW(1)
00013d 15e9      	CP   R30,R9
00013e 9508      	RET
                 
                 
                 	.CSEG
                 __ANEGW1:
00013f 95f1      	NEG  R31
000140 95e1      	NEG  R30
000141 40f0      	SBCI R31,0
000142 9508      	RET
                 
                 __DIVW21U:
000143 2400      	CLR  R0
000144 2411      	CLR  R1
000145 e190      	LDI  R25,16
                 __DIVW21U1:
000146 0faa      	LSL  R26
000147 1fbb      	ROL  R27
000148 1c00      	ROL  R0
000149 1c11      	ROL  R1
00014a 1a0e      	SUB  R0,R30
00014b 0a1f      	SBC  R1,R31
00014c f418      	BRCC __DIVW21U2
00014d 0e0e      	ADD  R0,R30
00014e 1e1f      	ADC  R1,R31
00014f c001      	RJMP __DIVW21U3
                 __DIVW21U2:
000150 60a1      	SBR  R26,1
                 __DIVW21U3:
000151 959a      	DEC  R25
000152 f799      	BRNE __DIVW21U1
000153 01fd      	MOVW R30,R26
000154 01d0      	MOVW R26,R0
000155 9508      	RET
                 
                 __DIVW21:
000156 d012      	RCALL __CHKSIGNW
000157 dfeb      	RCALL __DIVW21U
000158 f40e      	BRTC __DIVW211
000159 dfe5      	RCALL __ANEGW1
                 __DIVW211:
00015a 9508      	RET
                 
                 __MODW21:
00015b 94e8      	CLT
00015c ffb7      	SBRS R27,7
00015d c004      	RJMP __MODW211
00015e 95a0      	COM  R26
00015f 95b0      	COM  R27
000160 9611      	ADIW R26,1
000161 9468      	SET
                 __MODW211:
000162 fdf7      	SBRC R31,7
000163 dfdb      	RCALL __ANEGW1
000164 dfde      	RCALL __DIVW21U
000165 01fd      	MOVW R30,R26
000166 f40e      	BRTC __MODW212
000167 dfd7      	RCALL __ANEGW1
                 __MODW212:
000168 9508      	RET
                 
                 __CHKSIGNW:
000169 94e8      	CLT
00016a fff7      	SBRS R31,7
00016b c002      	RJMP __CHKSW1
00016c dfd2      	RCALL __ANEGW1
00016d 9468      	SET
                 __CHKSW1:
00016e ffb7      	SBRS R27,7
00016f c006      	RJMP __CHKSW2
000170 95a0      	COM  R26
000171 95b0      	COM  R27
000172 9611      	ADIW R26,1
000173 f800      	BLD  R0,0
000174 9403      	INC  R0
000175 fa00      	BST  R0,0
                 __CHKSW2:
000176 9508      	RET
                 
                 ;END OF CODE MARKER
                 __END_OF_CODE:


RESOURCE USE INFORMATION
------------------------

Notice:
The register and instruction counts are symbol table hit counts,
and hence implicitly used resources are not counted, eg, the
'lpm' instruction without operands implicitly uses r0 and z,
none of which are counted.

x,y,z are separate entities in the symbol table and are
counted separately from r26..r31 here.

.dseg memory usage only counts static data declared with .byte

ATmega32 register use summary:
r0 :  12 r1 :   5 r2 :   0 r3 :   0 r4 :   6 r5 :   5 r6 :   5 r7 :   6 
r8 :   0 r9 :   3 r10:   0 r11:   0 r12:   0 r13:   0 r14:   0 r15:   0 
r16:   0 r17:   0 r18:   0 r19:   0 r20:   0 r21:   0 r22:   2 r23:   0 
r24:   7 r25:   4 r26:  51 r27:   9 r28:   4 r29:   1 r30: 130 r31:  28 
x  :   3 y  :  16 z  :   7 
Registers used: 19 out of 35 (54.3%)

ATmega32 instruction use summary:
.lds  :   0 .lds.l:   0 .sts  :   0 .sts.l:   0 adc   :   1 add   :   1 
adiw  :   4 and   :   0 andi  :   0 asr   :   0 bclr  :   0 bld   :   1 
brbc  :   0 brbs  :   0 brcc  :   1 brcs  :   0 break :   0 breq  :   1 
brge  :   0 brhc  :   0 brhs  :   0 brid  :   0 brie  :   0 brlo  :   0 
brlt  :   0 brmi  :   0 brne  :  24 brpl  :   0 brsh  :   3 brtc  :   2 
brts  :   0 brvc  :   0 brvs  :   0 bset  :   0 bst   :   1 call  :   2 
cbi   :   0 cbr   :   0 clc   :   0 clh   :   0 cli   :   1 cln   :   0 
clr   :  10 cls   :   0 clt   :   2 clv   :   0 clz   :   0 com   :   5 
cp    :   5 cpc   :  15 cpi   :  15 cpse  :   0 dec   :   2 des   :   0 
eor   :   0 fmul  :   0 fmuls :   0 fmulsu:   0 icall :   0 ijmp  :   0 
in    :   2 inc   :   4 jmp   :  22 ld    :   7 ldd   :   0 ldi   :  68 
lds   :   0 lpm   :   7 lsl   :   2 lsr   :   0 mov   :  12 movw  :   6 
mul   :   0 muls  :   0 mulsu :   0 neg   :   2 nop   :   0 or    :   0 
ori   :   3 out   :  33 pop   :   0 push  :   0 rcall :  14 ret   :   7 
reti  :   1 rjmp  :  26 rol   :   3 ror   :   0 sbc   :   1 sbci  :   1 
sbi   :   0 sbic  :   0 sbis  :   0 sbiw  :   5 sbr   :   1 sbrc  :   1 
sbrs  :   3 sec   :   0 seh   :   0 sei   :   1 sen   :   0 ser   :   0 
ses   :   0 set   :   2 sev   :   0 sez   :   0 sleep :   0 spm   :   0 
st    :  12 std   :   0 sts   :   0 sub   :   2 subi  :   0 swap  :   0 
tst   :   0 wdr   :   0 
Instructions used: 46 out of 116 (39.7%)

ATmega32 memory use summary [bytes]:
Segment   Begin    End      Code   Data   Used    Size   Use%
---------------------------------------------------------------
[.cseg] 0x000000 0x0002ee    736     14    750   32768   2.3%
[.dseg] 0x000060 0x000260      0      0      0    2048   0.0%
[.eseg] 0x000000 0x000000      0      0      0    1024   0.0%

Assembly complete, 0 errors, 5 warnings
